Epoch,Loss,Value
0,recon_loss,7267.735504150391
0,kl_loss,2.7057213531807065
0,kl_loss_0,1.3695816230028868
0,kl_loss_1,0.169589135570277
0,kl_loss_2,0.5097004959534388
0,kl_loss_3,0.012770038083544932
0,kl_loss_4,0.019270207405497786
0,kl_loss_5,0.023133967362809926
0,kl_loss_6,0.029772344867524225
0,kl_loss_7,0.02072555489576189
0,kl_loss_8,0.5293266544176731
0,kl_loss_9,0.021851308694749605
0,loss,7459.50764465332
1,recon_loss,7168.219811817957
1,kl_loss,3.110161444497487
1,kl_loss_0,1.4560780600895957
1,kl_loss_1,0.3429033649819238
1,kl_loss_2,0.6413772267008585
1,kl_loss_3,0.0010850299593238603
1,kl_loss_4,0.0009652858614803306
1,kl_loss_5,0.0011288346500978584
1,kl_loss_6,0.0011682408965296215
1,kl_loss_7,0.0012559412815977657
1,kl_loss_8,0.6631176178417508
1,kl_loss_9,0.0010818312358525065
1,loss,7241.730360243056
2,recon_loss,7070.034613715277
2,kl_loss,4.136357201470269
2,kl_loss_0,1.7073281549272084
2,kl_loss_1,0.6028494683523027
2,kl_loss_2,0.8966390358077155
2,kl_loss_3,0.0015446318254347831
2,kl_loss_4,0.001169663846551899
2,kl_loss_5,0.0026287996165809176
2,kl_loss_6,0.002731117368158367
2,kl_loss_7,0.002004910378702103
2,kl_loss_8,0.9184153420584542
2,kl_loss_9,0.001046072957771165
2,loss,7092.368233816965
3,recon_loss,6969.616859436035
3,kl_loss,5.663899406790733
3,kl_loss_0,1.967494847252965
3,kl_loss_1,0.8813228970393538
3,kl_loss_2,1.166453205049038
3,kl_loss_3,0.005406151045463048
3,kl_loss_4,0.004094755800906569
3,kl_loss_5,0.3725452817743644
3,kl_loss_6,0.07382271611277247
3,kl_loss_7,0.01729046799300704
3,kl_loss_8,1.1732115419581532
3,kl_loss_9,0.002257522450236138
3,loss,6987.452056884766
4,recon_loss,6931.561833457341
4,kl_loss,7.134485002547976
4,kl_loss_0,2.206689819457039
4,kl_loss_1,1.1403181770491222
4,kl_loss_2,1.4138727131344022
4,kl_loss_3,0.001728407654260832
4,kl_loss_4,0.001378989660195888
4,kl_loss_5,0.9332803431011382
4,kl_loss_6,0.0015464813507620305
4,kl_loss_7,0.0013317688190866085
4,kl_loss_8,1.4328715044354636
4,kl_loss_9,0.0014668797320198444
4,loss,6946.104848710317
5,recon_loss,6868.686887710814
5,kl_loss,8.706983210548522
5,kl_loss_0,2.5048328997596863
5,kl_loss_1,1.4390521522552249
5,kl_loss_2,1.738542047757951
5,kl_loss_3,0.00950652046779555
5,kl_loss_4,0.003993896161398244
5,kl_loss_5,1.2691043123366341
5,kl_loss_6,0.009171682579945478
5,kl_loss_7,0.008933375353023174
5,kl_loss_8,1.712191278972323
5,kl_loss_9,0.011655090790655877
5,loss,6883.94970703125
6,recon_loss,6827.212867736816
6,kl_loss,10.305808186531067
6,kl_loss_0,2.6103864200413227
6,kl_loss_1,1.5817319601774216
6,kl_loss_2,1.8565569315105677
6,kl_loss_3,0.05267852378892712
6,kl_loss_4,0.008163905731635168
6,kl_loss_5,1.4268123358488083
6,kl_loss_6,0.08319191038026474
6,kl_loss_7,0.056572500194306485
6,kl_loss_8,1.8413324262946844
6,kl_loss_9,0.7883811790961772
6,loss,6840.9494705200195
7,recon_loss,6779.189274863591
7,kl_loss,11.894844569857158
7,kl_loss_0,2.692214458707779
7,kl_loss_1,1.6523601819598486
7,kl_loss_2,1.9512483146455553
7,kl_loss_3,0.05470608250193652
7,kl_loss_4,0.027182328411274485
7,kl_loss_5,1.520046008957757
7,kl_loss_6,0.7440858132072857
7,kl_loss_7,0.04140961951472693
7,kl_loss_8,1.93446593814426
7,kl_loss_9,1.2771258183888026
7,loss,6791.288023933532
8,recon_loss,6770.603810143849
8,kl_loss,13.425423243689158
8,kl_loss_0,2.8385004013303727
8,kl_loss_1,1.8184157288263714
8,kl_loss_2,2.1202019112450734
8,kl_loss_3,0.0036356478471249814
8,kl_loss_4,0.001996139870099132
8,kl_loss_5,1.6896784343416729
8,kl_loss_6,1.3818583469542245
8,kl_loss_7,0.0033257538378829994
8,kl_loss_8,2.0812071486124917
8,kl_loss_9,1.4866037917515589
8,loss,6784.415790860615
9,recon_loss,6722.869102478027
9,kl_loss,15.024770900607109
9,kl_loss_0,3.058280438184738
9,kl_loss_1,2.0526297725737095
9,kl_loss_2,2.3305347450077534
9,kl_loss_3,0.0030095997208263725
9,kl_loss_4,0.002695241193578113
9,kl_loss_5,1.9150912556797266
9,kl_loss_6,1.6460063327103853
9,kl_loss_7,0.004145912527746987
9,kl_loss_8,2.299920503050089
9,kl_loss_9,1.712457176297903
9,loss,6733.488746643066
10,recon_loss,6740.260160900298
10,kl_loss,16.639108461046977
10,kl_loss_0,3.236411238473559
10,kl_loss_1,2.2549680868784585
10,kl_loss_2,2.5386139211200534
10,kl_loss_3,0.042853128401533006
10,kl_loss_4,0.02607020799307123
10,kl_loss_5,2.1149672421198042
10,kl_loss_6,1.8843634166414776
10,kl_loss_7,0.09120194395885818
10,kl_loss_8,2.517575941388569
10,kl_loss_9,1.9320833247805398
10,loss,6754.321227058532
11,recon_loss,6689.513803633433
11,kl_loss,18.232808854844833
11,kl_loss_0,3.3267988363901773
11,kl_loss_1,2.319999895398579
11,kl_loss_2,2.6323906315697565
11,kl_loss_3,0.08607760284628187
11,kl_loss_4,0.04089981687092592
11,kl_loss_5,2.2101622498224653
11,kl_loss_6,1.996668263087197
11,kl_loss_7,1.0032958908686562
11,kl_loss_8,2.5852995827084495
11,kl_loss_9,2.0312159799394154
11,loss,6702.622333829365
12,recon_loss,6661.109519958496
12,kl_loss,19.792049258947372
12,kl_loss_0,3.450363803654909
12,kl_loss_1,2.4640919640660286
12,kl_loss_2,2.768637727946043
12,kl_loss_3,0.02247128802991938
12,kl_loss_4,0.009785327267309185
12,kl_loss_5,2.347226247191429
12,kl_loss_6,2.1343674398958683
12,kl_loss_7,1.6943139769136906
12,kl_loss_8,2.7165818847715855
12,kl_loss_9,2.1842097248882055
12,loss,6673.1334228515625
13,recon_loss,6682.810934399801
13,kl_loss,21.353300215705993
13,kl_loss_0,3.612996918814523
13,kl_loss_1,2.663356648551093
13,kl_loss_2,2.9434507952796087
13,kl_loss_3,0.009196712361973903
13,kl_loss_4,0.004962765848234532
13,kl_loss_5,2.5348396868932817
13,kl_loss_6,2.3190263642205133
13,kl_loss_7,2.0003236645743963
13,kl_loss_8,2.881738655150883
13,kl_loss_9,2.3834079750000483
13,loss,6697.534520709325
14,recon_loss,6641.114529079861
14,kl_loss,22.952850341796875
14,kl_loss_0,3.8187062021285767
14,kl_loss_1,2.830571163268316
14,kl_loss_2,3.127809414787898
14,kl_loss_3,0.00568605289011011
14,kl_loss_4,0.004524940203520514
14,kl_loss_5,2.733941672340272
14,kl_loss_6,2.518972022192819
14,kl_loss_7,2.2481354077657065
14,kl_loss_8,3.079646246773856
14,kl_loss_9,2.584857225418091
14,loss,6652.863901289683
15,recon_loss,6647.129653930664
15,kl_loss,24.55086252093315
15,kl_loss_0,3.991061095148325
15,kl_loss_1,3.055527839809656
15,kl_loss_2,3.330270778387785
15,kl_loss_3,0.005102194962091744
15,kl_loss_4,0.005390349404478911
15,kl_loss_5,2.914751600474119
15,kl_loss_6,2.723962437361479
15,kl_loss_7,2.486803848296404
15,kl_loss_8,3.259533029049635
15,kl_loss_9,2.778459344059229
15,loss,6656.5474853515625
16,recon_loss,6637.4282304067465
16,kl_loss,26.142846152895974
16,kl_loss_0,4.180962229531909
16,kl_loss_1,3.246890454065232
16,kl_loss_2,3.5271087260473344
16,kl_loss_3,0.006431361372094779
16,kl_loss_4,0.008337280180837427
16,kl_loss_5,3.093215821281312
16,kl_loss_6,2.9312774832286532
16,kl_loss_7,2.7304141180855885
16,kl_loss_8,3.440640305715894
16,kl_loss_9,2.977568543146527
16,loss,6647.563019283234
17,recon_loss,6655.071087549603
17,kl_loss,27.71475658719502
17,kl_loss_0,4.368544192541213
17,kl_loss_1,3.439448829681154
17,kl_loss_2,3.7030760371495806
17,kl_loss_3,0.009557378929226644
17,kl_loss_4,0.01430501165016303
17,kl_loss_5,3.2903645038604736
17,kl_loss_6,3.1424686113993325
17,kl_loss_7,2.9418563918461875
17,kl_loss_8,3.63304260798863
17,kl_loss_9,3.1720929599943615
17,loss,6665.522445436508
18,recon_loss,6671.996803283691
18,kl_loss,29.26773351430893
18,kl_loss_0,4.552120633423328
18,kl_loss_1,3.630204651504755
18,kl_loss_2,3.886815596371889
18,kl_loss_3,0.02350875573756639
18,kl_loss_4,0.033302711526630446
18,kl_loss_5,3.492415588349104
18,kl_loss_6,3.317386019974947
18,kl_loss_7,3.1436678282916546
18,kl_loss_8,3.8296801187098026
18,kl_loss_9,3.358631696552038
18,loss,6685.307685852051
19,recon_loss,6635.652118985615
19,kl_loss,30.899601981753396
19,kl_loss_0,4.63106682187035
19,kl_loss_1,3.7063800683097234
19,kl_loss_2,3.9713520019773454
19,kl_loss_3,0.2014039582203305
19,kl_loss_4,0.7423611620943698
19,kl_loss_5,3.5730859438578286
19,kl_loss_6,3.4073783632308716
19,kl_loss_7,3.304243704629323
19,kl_loss_8,3.9115201934935553
19,kl_loss_9,3.450809838279845
19,loss,6646.988831535218
20,recon_loss,6602.9900793650795
20,kl_loss,32.45322575644841
20,kl_loss_0,4.646183793506925
20,kl_loss_1,3.7262111921159047
20,kl_loss_2,3.9967969258626304
20,kl_loss_3,0.20758338556403205
20,kl_loss_4,2.069112624440874
20,kl_loss_5,3.5951138715895397
20,kl_loss_6,3.4464197840009416
20,kl_loss_7,3.3443554583049955
20,kl_loss_8,3.92571426951696
20,kl_loss_9,3.4957342109982927
20,loss,6615.989312065973
21,recon_loss,6615.762313842773
21,kl_loss,34.061513900756836
21,kl_loss_0,4.7885918244719505
21,kl_loss_1,3.8755554482340813
21,kl_loss_2,4.144334606826305
21,kl_loss_3,0.13399852043949068
21,kl_loss_4,2.5720586627721786
21,kl_loss_5,3.7516435347497463
21,kl_loss_6,3.5923954732716084
21,kl_loss_7,3.498659074306488
21,kl_loss_8,4.056314844638109
21,kl_loss_9,3.647961847484112
21,loss,6627.179794311523
22,recon_loss,6616.349299355159
22,kl_loss,35.621627081008185
22,kl_loss_0,4.929730831630646
22,kl_loss_1,4.0265826686980235
22,kl_loss_2,4.2933064263964456
22,kl_loss_3,0.18470722898131325
22,kl_loss_4,2.9060732107313854
22,kl_loss_5,3.9038974292694575
22,kl_loss_6,3.72256963215177
22,kl_loss_7,3.6595566310579817
22,kl_loss_8,4.211934634617397
22,kl_loss_9,3.7832682700384233
22,loss,6627.7500077504965
23,recon_loss,6594.475376674107
23,kl_loss,37.217739407978364
23,kl_loss_0,5.040020549108112
23,kl_loss_1,4.137475180247473
23,kl_loss_2,4.396156462412032
23,kl_loss_3,0.6612019075287713
23,kl_loss_4,3.1172467867533364
23,kl_loss_5,4.010985839934576
23,kl_loss_6,3.841494794875856
23,kl_loss_7,3.7854544889359247
23,kl_loss_8,4.31275953565325
23,kl_loss_9,3.9149438918582975
23,loss,6609.5454334077385
24,recon_loss,6599.6650623139885
24,kl_loss,38.80017852783203
24,kl_loss_0,5.042697482638889
24,kl_loss_1,4.131050276377844
24,kl_loss_2,4.415453290182446
24,kl_loss_3,1.9279957006848047
24,kl_loss_4,3.2757424097212535
24,kl_loss_5,4.041428626529754
24,kl_loss_6,3.8919422664339582
24,kl_loss_7,3.8380329306163485
24,kl_loss_8,4.282665018051389
24,kl_loss_9,3.953170651481265
24,loss,6611.1559322296625
25,recon_loss,6571.478469848633
25,kl_loss,40.371462225914
25,kl_loss_0,5.135710872709751
25,kl_loss_1,4.249389037489891
25,kl_loss_2,4.51324363052845
25,kl_loss_3,2.5622851364314556
25,kl_loss_4,3.424805451184511
25,kl_loss_5,4.145161934196949
25,kl_loss_6,4.00268879532814
25,kl_loss_7,3.9177591875195503
25,kl_loss_8,4.374155648052692
25,kl_loss_9,4.046262443065643
25,loss,6583.653633117676
26,recon_loss,6549.034419952877
26,kl_loss,41.93717338925316
26,kl_loss_0,5.279190343523783
26,kl_loss_1,4.392632166544597
26,kl_loss_2,4.645738155122787
26,kl_loss_3,2.8973055756281294
26,kl_loss_4,3.566356068565732
26,kl_loss_5,4.293655599866595
26,kl_loss_6,4.142204935588534
26,kl_loss_7,4.0235647928147085
26,kl_loss_8,4.518381466941228
26,kl_loss_9,4.178144114358084
26,loss,6561.090696304564
27,recon_loss,6564.39054749504
27,kl_loss,43.536095028831845
27,kl_loss_0,5.440537021273658
27,kl_loss_1,4.540496326628185
27,kl_loss_2,4.792063319493854
27,kl_loss_3,3.148454264988975
27,kl_loss_4,3.7290482634589788
27,kl_loss_5,4.443399346064007
27,kl_loss_6,4.286407031710186
27,kl_loss_7,4.1592380735609265
27,kl_loss_8,4.6767002287365145
27,kl_loss_9,4.319751671382359
27,loss,6575.460999503968
28,recon_loss,6565.3156661987305
28,kl_loss,45.10748642683029
28,kl_loss_0,5.590675212442875
28,kl_loss_1,4.691283404827118
28,kl_loss_2,4.943424887955189
28,kl_loss_3,3.363525304943323
28,kl_loss_4,3.8885277211666107
28,kl_loss_5,4.602436639368534
28,kl_loss_6,4.431681029498577
28,kl_loss_7,4.307564377784729
28,kl_loss_8,4.828248389065266
28,kl_loss_9,4.460119687020779
28,loss,6577.186851501465
29,recon_loss,6567.410427517361
29,kl_loss,46.711754450722346
29,kl_loss_0,5.759689202384343
29,kl_loss_1,4.854089260101318
29,kl_loss_2,5.100837154993935
29,kl_loss_3,3.5569418725513278
29,kl_loss_4,4.033762292256431
29,kl_loss_5,4.7675261119055365
29,kl_loss_6,4.585932860298763
29,kl_loss_7,4.455755074818929
29,kl_loss_8,4.983721717955574
29,kl_loss_9,4.613499194856674
29,loss,6578.829217819941
30,recon_loss,6559.252766927083
30,kl_loss,48.29618853614444
30,kl_loss_0,5.925512381962368
30,kl_loss_1,5.01067422685169
30,kl_loss_2,5.26095826285226
30,kl_loss_3,3.745824965219649
30,kl_loss_4,4.187303452264695
30,kl_loss_5,4.920617005181691
30,kl_loss_6,4.738281636011033
30,kl_loss_7,4.597196957421681
30,kl_loss_8,5.147123079451304
30,kl_loss_9,4.762696205623566
30,loss,6571.795851934524
31,recon_loss,6551.127952575684
31,kl_loss,49.73382884263992
31,kl_loss_0,6.082202486693859
31,kl_loss_1,5.152702338993549
31,kl_loss_2,5.4006273075938225
31,kl_loss_3,3.8908151537179947
31,kl_loss_4,4.323085084557533
31,kl_loss_5,5.068753428757191
31,kl_loss_6,4.873118594288826
31,kl_loss_7,4.7304878532886505
31,kl_loss_8,5.299691200256348
31,kl_loss_9,4.912345454096794
31,loss,6563.0170822143555
32,recon_loss,6560.295286148314
32,kl_loss,49.99187142508371
32,kl_loss_0,6.096542948768253
32,kl_loss_1,5.172629825652591
32,kl_loss_2,5.431070963541667
32,kl_loss_3,3.939754009246826
32,kl_loss_4,4.352229413532076
32,kl_loss_5,5.096455854082865
32,kl_loss_6,4.898177419389997
32,kl_loss_7,4.750145518590534
32,kl_loss_8,5.319979932573107
32,kl_loss_9,4.934885766771105
32,loss,6574.853221106151
33,recon_loss,6542.099717881944
33,kl_loss,49.96789889865451
33,kl_loss_0,6.089219570159912
33,kl_loss_1,5.165431628151546
33,kl_loss_2,5.410436577267117
33,kl_loss_3,3.983724930929759
33,kl_loss_4,4.3652396277775845
33,kl_loss_5,5.089996178944905
33,kl_loss_6,4.887409535665361
33,kl_loss_7,4.745456657712421
33,kl_loss_8,5.306903604477171
33,kl_loss_9,4.924080137222532
33,loss,6555.995427207341
34,recon_loss,6533.807884216309
34,kl_loss,49.977023243904114
34,kl_loss_0,6.080008365213871
34,kl_loss_1,5.161075867712498
34,kl_loss_2,5.413590468466282
34,kl_loss_3,4.004797212779522
34,kl_loss_4,4.374806009232998
34,kl_loss_5,5.085084609687328
34,kl_loss_6,4.888267852365971
34,kl_loss_7,4.742591023445129
34,kl_loss_8,5.312134884297848
34,kl_loss_9,4.914667084813118
34,loss,6543.892196655273
35,recon_loss,6539.16984437004
35,kl_loss,49.99547940208798
35,kl_loss_0,6.071332734728617
35,kl_loss_1,5.152041041661823
35,kl_loss_2,5.406941118694487
35,kl_loss_3,4.040064648976402
35,kl_loss_4,4.385945289854019
35,kl_loss_5,5.083727155412946
35,kl_loss_6,4.884344297742087
35,kl_loss_7,4.748828623029921
35,kl_loss_8,5.305530585939922
35,kl_loss_9,4.916723803868369
35,loss,6550.494931175595
36,recon_loss,6560.976787264385
36,kl_loss,49.981044345431854
36,kl_loss_0,6.0510866906907825
36,kl_loss_1,5.148372165740482
36,kl_loss_2,5.397014292459639
36,kl_loss_3,4.060145896578592
36,kl_loss_4,4.395657713451083
36,kl_loss_5,5.082944552103679
36,kl_loss_6,4.884335737379771
36,kl_loss_7,4.747388582380991
36,kl_loss_8,5.307181850312248
36,kl_loss_9,4.90691660320948
36,loss,6572.686430431548
37,recon_loss,6574.306694030762
37,kl_loss,50.02142769098282
37,kl_loss_0,6.048758499324322
37,kl_loss_1,5.146427325904369
37,kl_loss_2,5.387890517711639
37,kl_loss_3,4.103910602629185
37,kl_loss_4,4.4092351868748665
37,kl_loss_5,5.082225948572159
37,kl_loss_6,4.879019103944302
37,kl_loss_7,4.750287435948849
37,kl_loss_8,5.301369316875935
37,kl_loss_9,4.912303477525711
37,loss,6586.175971984863
38,recon_loss,6571.4643477182535
38,kl_loss,50.04238425360786
38,kl_loss_0,6.031242332761249
38,kl_loss_1,5.137304775298587
38,kl_loss_2,5.381163105132088
38,kl_loss_3,4.137604403117346
38,kl_loss_4,4.425822000654917
38,kl_loss_5,5.074980576833089
38,kl_loss_6,4.883531926170228
38,kl_loss_7,4.759096122923351
38,kl_loss_8,5.304758851490323
38,kl_loss_9,4.906880340878925
38,loss,6585.047712053572
39,recon_loss,6543.278204055059
39,kl_loss,50.000072115943546
39,kl_loss_0,6.027477521744985
39,kl_loss_1,5.133347261519659
39,kl_loss_2,5.370742245325967
39,kl_loss_3,4.152454058329265
39,kl_loss_4,4.423867876567538
39,kl_loss_5,5.073233793652247
39,kl_loss_6,4.869493030366444
39,kl_loss_7,4.7605118600149
39,kl_loss_8,5.285143413240948
39,kl_loss_9,4.903801214127314
39,loss,6557.393717447917
40,recon_loss,6544.799873352051
40,kl_loss,50.00472015142441
40,kl_loss_0,6.019826807081699
40,kl_loss_1,5.130031742155552
40,kl_loss_2,5.362844690680504
40,kl_loss_3,4.176459982991219
40,kl_loss_4,4.425933010876179
40,kl_loss_5,5.073633126914501
40,kl_loss_6,4.870295479893684
40,kl_loss_7,4.755028210580349
40,kl_loss_8,5.288672037422657
40,kl_loss_9,4.901994854211807
40,loss,6556.795257568359
41,recon_loss,6555.914829799107
41,kl_loss,50.00395765758696
41,kl_loss_0,6.00667537204803
41,kl_loss_1,5.128918208773174
41,kl_loss_2,5.361565173618377
41,kl_loss_3,4.1978812596154595
41,kl_loss_4,4.4391066914512995
41,kl_loss_5,5.064353322225903
41,kl_loss_6,4.862768127804711
41,kl_loss_7,4.762700330643427
41,kl_loss_8,5.280784395005968
41,kl_loss_9,4.8992046931433295
41,loss,6566.062724764385
42,recon_loss,6536.372527591766
42,kl_loss,49.991097586495535
42,kl_loss_0,6.00901618836418
42,kl_loss_1,5.119693899911548
42,kl_loss_2,5.3476832329280795
42,kl_loss_3,4.212177246335953
42,kl_loss_4,4.459728710235111
42,kl_loss_5,5.058682842860146
42,kl_loss_6,4.862116919623481
42,kl_loss_7,4.7622345364283
42,kl_loss_8,5.267193120623392
42,kl_loss_9,4.892570616706969
42,loss,6548.949831039186
43,recon_loss,6546.368217468262
43,kl_loss,49.986300230026245
43,kl_loss_0,5.996151395142078
43,kl_loss_1,5.1189170479774475
43,kl_loss_2,5.343350276350975
43,kl_loss_3,4.233560130000114
43,kl_loss_4,4.459326088428497
43,kl_loss_5,5.0597744062542915
43,kl_loss_6,4.855604872107506
43,kl_loss_7,4.756382949650288
43,kl_loss_8,5.272934816777706
43,kl_loss_9,4.890298306941986
43,loss,6557.610084533691
44,recon_loss,6546.0919673859125
44,kl_loss,49.962486509292845
44,kl_loss_0,5.973969285450284
44,kl_loss_1,5.112507479531424
44,kl_loss_2,5.3309229593428356
44,kl_loss_3,4.258231685275123
44,kl_loss_4,4.472734383174351
44,kl_loss_5,5.047822853875538
44,kl_loss_6,4.860291443173847
44,kl_loss_7,4.760681190187969
44,kl_loss_8,5.2639565240769155
44,kl_loss_9,4.881368599240742
44,loss,6556.810771639385
45,recon_loss,6538.6495845734125
45,kl_loss,49.990054963127015
45,kl_loss_0,5.974323469495016
45,kl_loss_1,5.117378015366811
45,kl_loss_2,5.324129331679571
45,kl_loss_3,4.275711566682846
45,kl_loss_4,4.476446416642931
45,kl_loss_5,5.053308138771663
45,kl_loss_6,4.861891860053653
45,kl_loss_7,4.7607285938565695
45,kl_loss_8,5.261344114939372
45,kl_loss_9,4.884793667566209
45,loss,6549.027816530258
46,recon_loss,6548.789459228516
46,kl_loss,49.97515797615051
46,kl_loss_0,5.953146696090698
46,kl_loss_1,5.103677541017532
46,kl_loss_2,5.3262165784835815
46,kl_loss_3,4.287538982927799
46,kl_loss_4,4.48759126663208
46,kl_loss_5,5.047298945486546
46,kl_loss_6,4.860531866550446
46,kl_loss_7,4.771796055138111
46,kl_loss_8,5.260781526565552
46,kl_loss_9,4.8765783086419106
46,loss,6558.961311340332
47,recon_loss,6530.709852430556
47,kl_loss,49.99542151557075
47,kl_loss_0,5.96012606696477
47,kl_loss_1,5.104598855215405
47,kl_loss_2,5.315531473311167
47,kl_loss_3,4.310272057851155
47,kl_loss_4,4.494212453327481
47,kl_loss_5,5.045107500893729
47,kl_loss_6,4.850744535052587
47,kl_loss_7,4.783610495309981
47,kl_loss_8,5.254503083607507
47,kl_loss_9,4.876715175689212
47,loss,6541.658079117064
48,recon_loss,6519.366551959325
48,kl_loss,49.99787309434679
48,kl_loss_0,5.952816675579737
48,kl_loss_1,5.099295252845401
48,kl_loss_2,5.314587865556989
48,kl_loss_3,4.326233122083876
48,kl_loss_4,4.503502308376252
48,kl_loss_5,5.038405516790966
48,kl_loss_6,4.854572023664202
48,kl_loss_7,4.7803609560406395
48,kl_loss_8,5.2557551974341985
48,kl_loss_9,4.8723439867534335
48,loss,6531.109902033731
49,recon_loss,6544.19677734375
49,kl_loss,49.98046396649073
49,kl_loss_0,5.946887455289326
49,kl_loss_1,5.0991407046242365
49,kl_loss_2,5.3084817538185725
49,kl_loss_3,4.339471680777414
49,kl_loss_4,4.510760087815542
49,kl_loss_5,5.035368571205745
49,kl_loss_6,4.851023598322793
49,kl_loss_7,4.773492601182726
49,kl_loss_8,5.251620421333919
49,kl_loss_9,4.864217485700335
49,loss,6553.649933345734
50,recon_loss,6544.9334716796875
50,kl_loss,49.9852911233902
50,kl_loss_0,5.93904996663332
50,kl_loss_1,5.0902566984295845
50,kl_loss_2,5.300345711410046
50,kl_loss_3,4.364284135401249
50,kl_loss_4,4.52784638851881
50,kl_loss_5,5.032832130789757
50,kl_loss_6,4.847552619874477
50,kl_loss_7,4.779133275151253
50,kl_loss_8,5.2401991710066795
50,kl_loss_9,4.863790847361088
50,loss,6554.822662353516
51,recon_loss,6546.151762462798
51,kl_loss,49.99639226519872
51,kl_loss_0,5.930878207797096
51,kl_loss_1,5.092357022421701
51,kl_loss_2,5.304228283110119
51,kl_loss_3,4.367073089357406
51,kl_loss_4,4.533281863681854
51,kl_loss_5,5.032566713908362
51,kl_loss_6,4.851209776742118
51,kl_loss_7,4.776669767167833
51,kl_loss_8,5.243534496852329
51,kl_loss_9,4.864592953333779
51,loss,6555.92082093254
52,recon_loss,6541.773530505952
52,kl_loss,50.0118400937035
52,kl_loss_0,5.928959869203114
52,kl_loss_1,5.089405960506863
52,kl_loss_2,5.299053426772829
52,kl_loss_3,4.382443011753143
52,kl_loss_4,4.53971957403516
52,kl_loss_5,5.026469964829702
52,kl_loss_6,4.853311712779696
52,kl_loss_7,4.781844540247842
52,kl_loss_8,5.2380905075678745
52,kl_loss_9,4.872541374630398
52,loss,6552.911528087798
53,recon_loss,6518.644813537598
53,kl_loss,49.982797265052795
53,kl_loss_0,5.915456414222717
53,kl_loss_1,5.074487827718258
53,kl_loss_2,5.294412814080715
53,kl_loss_3,4.407709248363972
53,kl_loss_4,4.5446163937449455
53,kl_loss_5,5.023619696497917
53,kl_loss_6,4.8447242602705956
53,kl_loss_7,4.783778257668018
53,kl_loss_8,5.231094695627689
53,kl_loss_9,4.862897664308548
53,loss,6527.590446472168
54,recon_loss,6566.151940724207
54,kl_loss,50.03466693938724
54,kl_loss_0,5.915019678691077
54,kl_loss_1,5.0824544089181085
54,kl_loss_2,5.289460083794972
54,kl_loss_3,4.41279175167992
54,kl_loss_4,4.5580874094887385
54,kl_loss_5,5.029520950620136
54,kl_loss_6,4.856781618935721
54,kl_loss_7,4.78718432169112
54,kl_loss_8,5.2354512214660645
54,kl_loss_9,4.867915433550638
54,loss,6576.841696118551
55,recon_loss,6514.027219742064
55,kl_loss,50.022577800447976
55,kl_loss_0,5.911246042402964
55,kl_loss_1,5.074780305226644
55,kl_loss_2,5.288545063563755
55,kl_loss_3,4.431752401684958
55,kl_loss_4,4.567629397861541
55,kl_loss_5,5.020139164394802
55,kl_loss_6,4.852783210693844
55,kl_loss_7,4.793209310561892
55,kl_loss_8,5.219078283461314
55,kl_loss_9,4.863414401099796
55,loss,6525.725810701885
56,recon_loss,6549.447425842285
56,kl_loss,49.966936647892
56,kl_loss_0,5.88524704426527
56,kl_loss_1,5.073361463844776
56,kl_loss_2,5.283366270363331
56,kl_loss_3,4.427951700985432
56,kl_loss_4,4.564090751111507
56,kl_loss_5,5.018708609044552
56,kl_loss_6,4.851904466748238
56,kl_loss_7,4.786499455571175
56,kl_loss_8,5.213702417910099
56,kl_loss_9,4.86210423707962
56,loss,6560.407241821289
57,recon_loss,6581.347493489583
57,kl_loss,49.99061160617404
57,kl_loss_0,5.882101225474524
57,kl_loss_1,5.071683997199649
57,kl_loss_2,5.26884667078654
57,kl_loss_3,4.445347006358798
57,kl_loss_4,4.578284687466091
57,kl_loss_5,5.011454483819386
57,kl_loss_6,4.853621286059183
57,kl_loss_7,4.795861229063973
57,kl_loss_8,5.219527153741746
57,kl_loss_9,4.863883987305656
57,loss,6592.064763144841
58,recon_loss,6528.563732328869
58,kl_loss,49.99567159016927
58,kl_loss_0,5.903028026459709
58,kl_loss_1,5.067257654099238
58,kl_loss_2,5.2734227104792515
58,kl_loss_3,4.451311050899445
58,kl_loss_4,4.568949623713418
58,kl_loss_5,5.017166584257096
58,kl_loss_6,4.853174202025882
58,kl_loss_7,4.791031943427192
58,kl_loss_8,5.207434222811744
58,kl_loss_9,4.862895473601326
58,loss,6539.3442305307535
59,recon_loss,6549.540901184082
59,kl_loss,49.977696895599365
59,kl_loss_0,5.87978383153677
59,kl_loss_1,5.07188656181097
59,kl_loss_2,5.262262269854546
59,kl_loss_3,4.472263015806675
59,kl_loss_4,4.5858494490385056
59,kl_loss_5,5.008948743343353
59,kl_loss_6,4.844360686838627
59,kl_loss_7,4.789753533899784
59,kl_loss_8,5.20515388995409
59,kl_loss_9,4.857434503734112
59,loss,6561.28214263916
60,recon_loss,6537.201551649306
60,kl_loss,49.981490241156685
60,kl_loss_0,5.871166251954579
60,kl_loss_1,5.061771150619265
60,kl_loss_2,5.268285077715677
60,kl_loss_3,4.48457117686196
60,kl_loss_4,4.59108627410162
60,kl_loss_5,5.001788003104074
60,kl_loss_6,4.849553986201211
60,kl_loss_7,4.800865052238343
60,kl_loss_8,5.1935776528858
60,kl_loss_9,4.8588256684560625
60,loss,6548.0274987599205
61,recon_loss,6534.837417844742
61,kl_loss,50.00129857138982
61,kl_loss_0,5.875651503366138
61,kl_loss_1,5.062706129891532
61,kl_loss_2,5.264818683503166
61,kl_loss_3,4.489630759708465
61,kl_loss_4,4.600935300191243
61,kl_loss_5,4.997707639421735
61,kl_loss_6,4.853234048873659
61,kl_loss_7,4.7981811402336
61,kl_loss_8,5.200271757822188
61,kl_loss_9,4.85816134346856
61,loss,6545.366916232639
62,recon_loss,6565.346977233887
62,kl_loss,50.006095468997955
62,kl_loss_0,5.855095386505127
62,kl_loss_1,5.0560251995921135
62,kl_loss_2,5.267891898751259
62,kl_loss_3,4.507329113781452
62,kl_loss_4,4.606167457997799
62,kl_loss_5,4.994729101657867
62,kl_loss_6,4.8522335812449455
62,kl_loss_7,4.8032848089933395
62,kl_loss_8,5.201573804020882
62,kl_loss_9,4.861765041947365
62,loss,6574.752990722656
63,recon_loss,6539.636555989583
63,kl_loss,50.026734730554004
63,kl_loss_0,5.860635893685477
63,kl_loss_1,5.056677000863211
63,kl_loss_2,5.262886281997439
63,kl_loss_3,4.518016520000639
63,kl_loss_4,4.614967346191406
63,kl_loss_5,4.994407903580439
63,kl_loss_6,4.854946355971079
63,kl_loss_7,4.804500102996826
63,kl_loss_8,5.203046511089991
63,kl_loss_9,4.856651230463906
63,loss,6549.493326822917
64,recon_loss,6538.906932043651
64,kl_loss,50.00414730253674
64,kl_loss_0,5.853978437090677
64,kl_loss_1,5.049888209691123
64,kl_loss_2,5.259107937888493
64,kl_loss_3,4.534142009795658
64,kl_loss_4,4.615945528423976
64,kl_loss_5,4.997677492716956
64,kl_loss_6,4.846706201159765
64,kl_loss_7,4.801246098109654
64,kl_loss_8,5.189901737939744
64,kl_loss_9,4.855554111420163
64,loss,6551.249403211806
65,recon_loss,6533.63663482666
65,kl_loss,50.00309830904007
65,kl_loss_0,5.848310261964798
65,kl_loss_1,5.051268868148327
65,kl_loss_2,5.2597275748848915
65,kl_loss_3,4.521643728017807
65,kl_loss_4,4.620640002191067
65,kl_loss_5,4.99279273301363
65,kl_loss_6,4.848533868789673
65,kl_loss_7,4.81015232950449
65,kl_loss_8,5.195178121328354
65,kl_loss_9,4.854851067066193
65,loss,6545.307945251465
66,recon_loss,6558.811755952381
66,kl_loss,50.004654657273065
66,kl_loss_0,5.831796956440759
66,kl_loss_1,5.045979893396771
66,kl_loss_2,5.264621318332733
66,kl_loss_3,4.533876487186977
66,kl_loss_4,4.6290715459793335
66,kl_loss_5,4.989928593711247
66,kl_loss_6,4.851503357054695
66,kl_loss_7,4.807525589352562
66,kl_loss_8,5.195764526488289
66,kl_loss_9,4.854586162264385
66,loss,6569.223400297619
67,recon_loss,6529.671115451389
67,kl_loss,49.97516898503379
67,kl_loss_0,5.8406687918163485
67,kl_loss_1,5.032819452739897
67,kl_loss_2,5.24801130143423
67,kl_loss_3,4.546771738264296
67,kl_loss_4,4.625638590918647
67,kl_loss_5,4.989983914390443
67,kl_loss_6,4.844374997275216
67,kl_loss_7,4.80322743975927
67,kl_loss_8,5.18989756750682
67,kl_loss_9,4.853775228772845
67,loss,6540.557655939981
68,recon_loss,6561.926651000977
68,kl_loss,49.98640698194504
68,kl_loss_0,5.828826442360878
68,kl_loss_1,5.036720536649227
68,kl_loss_2,5.2487864047288895
68,kl_loss_3,4.555538550019264
68,kl_loss_4,4.642074398696423
68,kl_loss_5,4.985292479395866
68,kl_loss_6,4.845075450837612
68,kl_loss_7,4.814684301614761
68,kl_loss_8,5.178313702344894
68,kl_loss_9,4.851094990968704
68,loss,6572.2587890625
69,recon_loss,6521.987374441965
69,kl_loss,49.99650343637618
69,kl_loss_0,5.826616362919883
69,kl_loss_1,5.03744475803678
69,kl_loss_2,5.242457647172231
69,kl_loss_3,4.573660714285714
69,kl_loss_4,4.645870708283924
69,kl_loss_5,4.980466751825242
69,kl_loss_6,4.8432968533228316
69,kl_loss_7,4.822270181443956
69,kl_loss_8,5.171642644064767
69,kl_loss_9,4.8527767317635675
69,loss,6532.891741071428
70,recon_loss,6525.715146019345
70,kl_loss,50.008910951160246
70,kl_loss_0,5.822411824786474
70,kl_loss_1,5.030393653445774
70,kl_loss_2,5.257813612620036
70,kl_loss_3,4.574100244612921
70,kl_loss_4,4.651917094276065
70,kl_loss_5,4.974889641716366
70,kl_loss_6,4.8406859201098245
70,kl_loss_7,4.823081849113343
70,kl_loss_8,5.175812471480596
70,kl_loss_9,4.857804487621974
70,loss,6535.5878983754965
71,recon_loss,6542.713111877441
71,kl_loss,50.000730872154236
71,kl_loss_0,5.824141763150692
71,kl_loss_1,5.031149573624134
71,kl_loss_2,5.234228864312172
71,kl_loss_3,4.5853675082325935
71,kl_loss_4,4.654289439320564
71,kl_loss_5,4.972808361053467
71,kl_loss_6,4.838405981659889
71,kl_loss_7,4.831720672547817
71,kl_loss_8,5.18257474899292
71,kl_loss_9,4.846043683588505
71,loss,6553.071479797363
72,recon_loss,6548.609134734623
72,kl_loss,50.011388324555895
72,kl_loss_0,5.8195899024842275
72,kl_loss_1,5.034593551877945
72,kl_loss_2,5.251813283042302
72,kl_loss_3,4.601236820220947
72,kl_loss_4,4.660861961425296
72,kl_loss_5,4.976621627807617
72,kl_loss_6,4.837189644102066
72,kl_loss_7,4.818993015894814
72,kl_loss_8,5.170541505964976
72,kl_loss_9,4.8399472917829245
72,loss,6560.684919084822
73,recon_loss,6529.584371899801
73,kl_loss,49.99263182140532
73,kl_loss_0,5.814780386667403
73,kl_loss_1,5.023872958289252
73,kl_loss_2,5.243839937543112
73,kl_loss_3,4.6006983196924605
73,kl_loss_4,4.657209010351272
73,kl_loss_5,4.978998759436229
73,kl_loss_6,4.838392272828117
73,kl_loss_7,4.829489284091526
73,kl_loss_8,5.165261919536288
73,kl_loss_9,4.840088859437004
73,loss,6540.550889756944
74,recon_loss,6529.890888516865
74,kl_loss,50.01235877143012
74,kl_loss_0,5.805329027630034
74,kl_loss_1,5.020527756403363
74,kl_loss_2,5.235368713500008
74,kl_loss_3,4.630728729187497
74,kl_loss_4,4.672857231563992
74,kl_loss_5,4.9704098550100175
74,kl_loss_6,4.833733770582411
74,kl_loss_7,4.826284628065806
74,kl_loss_8,5.171717182038322
74,kl_loss_9,4.845401642814515
74,loss,6539.690088665675
75,recon_loss,6542.494873046875
75,kl_loss,50.02954787015915
75,kl_loss_0,5.809540867805481
75,kl_loss_1,5.022985108196735
75,kl_loss_2,5.235811747610569
75,kl_loss_3,4.626403957605362
75,kl_loss_4,4.6807063817977905
75,kl_loss_5,4.97143928706646
75,kl_loss_6,4.837467111647129
75,kl_loss_7,4.83429267257452
75,kl_loss_8,5.1645001247525215
75,kl_loss_9,4.846400246024132
75,loss,6554.908012390137
76,recon_loss,6553.1580326140875
76,kl_loss,50.0117426069956
76,kl_loss_0,5.795858640519399
76,kl_loss_1,5.037382428608243
76,kl_loss_2,5.234139389461941
76,kl_loss_3,4.613835804046146
76,kl_loss_4,4.680079861292763
76,kl_loss_5,4.960195178077335
76,kl_loss_6,4.839562105754065
76,kl_loss_7,4.840749786013649
76,kl_loss_8,5.156896462516179
76,kl_loss_9,4.853042541988312
76,loss,6564.158505394345
77,recon_loss,6558.004774305556
77,kl_loss,49.97808401925223
77,kl_loss_0,5.789377439589727
77,kl_loss_1,5.01664409940205
77,kl_loss_2,5.227045452783978
77,kl_loss_3,4.641624314444406
77,kl_loss_4,4.680783998398554
77,kl_loss_5,4.961278635358053
77,kl_loss_6,4.828837932102264
77,kl_loss_7,4.834675985669333
77,kl_loss_8,5.159641772981674
77,kl_loss_9,4.838173873840817
77,loss,6569.405986483135
78,recon_loss,6558.840019226074
78,kl_loss,50.00930172204971
78,kl_loss_0,5.790702752768993
78,kl_loss_1,5.014604575932026
78,kl_loss_2,5.219934977591038
78,kl_loss_3,4.660188741981983
78,kl_loss_4,4.6934719532728195
78,kl_loss_5,4.957104928791523
78,kl_loss_6,4.82856210321188
78,kl_loss_7,4.852196350693703
78,kl_loss_8,5.147141836583614
78,kl_loss_9,4.845393903553486
78,loss,6570.713928222656
79,recon_loss,6557.8579334077385
79,kl_loss,49.989566318572514
79,kl_loss_0,5.785848534296429
79,kl_loss_1,5.01642380063496
79,kl_loss_2,5.215001477135552
79,kl_loss_3,4.6530650986565485
79,kl_loss_4,4.691347841232542
79,kl_loss_5,4.953053769611177
79,kl_loss_6,4.832374625735813
79,kl_loss_7,4.835780983879452
79,kl_loss_8,5.15871981212071
79,kl_loss_9,4.847950261736673
79,loss,6569.3662186879965
80,recon_loss,6570.744760664683
80,kl_loss,49.986302390931144
80,kl_loss_0,5.773400518629286
80,kl_loss_1,5.018631912413097
80,kl_loss_2,5.208899490416996
80,kl_loss_3,4.650797117324102
80,kl_loss_4,4.697778618524945
80,kl_loss_5,4.953751669989692
80,kl_loss_6,4.829982197473919
80,kl_loss_7,4.841485235426161
80,kl_loss_8,5.163909291464185
80,kl_loss_9,4.847666225736103
80,loss,6583.199505518353
81,recon_loss,6519.399520874023
81,kl_loss,50.01154696941376
81,kl_loss_0,5.8043491169810295
81,kl_loss_1,5.0102407187223434
81,kl_loss_2,5.217052385210991
81,kl_loss_3,4.653002083301544
81,kl_loss_4,4.700619973242283
81,kl_loss_5,4.952512130141258
81,kl_loss_6,4.826674781739712
81,kl_loss_7,4.8406317457556725
81,kl_loss_8,5.162924975156784
81,kl_loss_9,4.843538865447044
81,loss,6532.282936096191
82,recon_loss,6535.100345672123
82,kl_loss,49.9756237817189
82,kl_loss_0,5.780382148803226
82,kl_loss_1,4.990931041656979
82,kl_loss_2,5.197481261359321
82,kl_loss_3,4.695631110478962
82,kl_loss_4,4.711855525062198
82,kl_loss_5,4.943621098049103
82,kl_loss_6,4.822574827406141
82,kl_loss_7,4.848589760916574
82,kl_loss_8,5.144917556217739
82,kl_loss_9,4.8396391187395364
82,loss,6548.835332961309
83,recon_loss,6554.692096044147
83,kl_loss,49.96739820450071
83,kl_loss_0,5.784787707858616
83,kl_loss_1,4.994568559858534
83,kl_loss_2,5.195809281061566
83,kl_loss_3,4.695805791824583
83,kl_loss_4,4.707266784849621
83,kl_loss_5,4.949780093299018
83,kl_loss_6,4.814311352987138
83,kl_loss_7,4.842593344431075
83,kl_loss_8,5.147891392783513
83,kl_loss_9,4.834583963666644
83,loss,6567.00837828621
84,recon_loss,6534.085464477539
84,kl_loss,49.99574393033981
84,kl_loss_0,5.786077603697777
84,kl_loss_1,4.990151330828667
84,kl_loss_2,5.191554918885231
84,kl_loss_3,4.709808573126793
84,kl_loss_4,4.712726883590221
84,kl_loss_5,4.942082345485687
84,kl_loss_6,4.822716198861599
84,kl_loss_7,4.852837361395359
84,kl_loss_8,5.148596286773682
84,kl_loss_9,4.839192360639572
84,loss,6545.119857788086
85,recon_loss,6568.318785652282
85,kl_loss,50.00151249719045
85,kl_loss_0,5.776732437194339
85,kl_loss_1,4.990070532238673
85,kl_loss_2,5.194455381423708
85,kl_loss_3,4.722296472579714
85,kl_loss_4,4.7225594444880405
85,kl_loss_5,4.946696871802921
85,kl_loss_6,4.817985807146345
85,kl_loss_7,4.84695627575829
85,kl_loss_8,5.136586885603648
85,kl_loss_9,4.847172487349737
85,loss,6577.990528893849
86,recon_loss,6555.325613839285
86,kl_loss,49.99059767950149
86,kl_loss_0,5.783233097621372
86,kl_loss_1,4.9907940985664485
86,kl_loss_2,5.207161146496969
86,kl_loss_3,4.717170124962216
86,kl_loss_4,4.715453624725342
86,kl_loss_5,4.937245762537396
86,kl_loss_6,4.818054456559438
86,kl_loss_7,4.843440063416012
86,kl_loss_8,5.140544028509231
86,kl_loss_9,4.8375009203714034
86,loss,6568.427455357143
87,recon_loss,6533.65779876709
87,kl_loss,50.02264982461929
87,kl_loss_0,5.772016882896423
87,kl_loss_1,4.9927054941654205
87,kl_loss_2,5.198655530810356
87,kl_loss_3,4.712103836238384
87,kl_loss_4,4.72465256601572
87,kl_loss_5,4.935542605817318
87,kl_loss_6,4.828334026038647
87,kl_loss_7,4.860127381980419
87,kl_loss_8,5.146321974694729
87,kl_loss_9,4.852189287543297
87,loss,6544.74405670166
88,recon_loss,6526.34318421379
88,kl_loss,50.007367391434926
88,kl_loss_0,5.773515519641695
88,kl_loss_1,4.981915640452551
88,kl_loss_2,5.1933957281566805
88,kl_loss_3,4.724824087960379
88,kl_loss_4,4.723804716079954
88,kl_loss_5,4.9391627917214045
88,kl_loss_6,4.825520076448956
88,kl_loss_7,4.851973094637432
88,kl_loss_8,5.141528197697231
88,kl_loss_9,4.8517278792366145
88,loss,6536.667232452877
89,recon_loss,6557.4493892609125
89,kl_loss,49.983331952776226
89,kl_loss_0,5.756507956792438
89,kl_loss_1,4.989711050003294
89,kl_loss_2,5.19369041352045
89,kl_loss_3,4.714777060917446
89,kl_loss_4,4.732963773939344
89,kl_loss_5,4.930062695155068
89,kl_loss_6,4.82046483811878
89,kl_loss_7,4.865752318548778
89,kl_loss_8,5.131643787262932
89,kl_loss_9,4.847757672506665
89,loss,6567.083999875992
90,recon_loss,6550.594085693359
90,kl_loss,50.00276589393616
90,kl_loss_0,5.743144124746323
90,kl_loss_1,4.988442070782185
90,kl_loss_2,5.192693307995796
90,kl_loss_3,4.741757340729237
90,kl_loss_4,4.739331021904945
90,kl_loss_5,4.935810387134552
90,kl_loss_6,4.815090194344521
90,kl_loss_7,4.872650966048241
90,kl_loss_8,5.136394456028938
90,kl_loss_9,4.837452381849289
90,loss,6563.263320922852
91,recon_loss,6542.456139942957
91,kl_loss,49.99509484427316
91,kl_loss_0,5.730411340319921
91,kl_loss_1,4.9512091137114025
91,kl_loss_2,5.188290611145988
91,kl_loss_3,4.8141189151340065
91,kl_loss_4,4.747771270691403
91,kl_loss_5,4.931438370356484
91,kl_loss_6,4.805244044652061
91,kl_loss_7,4.875458066425626
91,kl_loss_8,5.1306844892955965
91,kl_loss_9,4.820468009464324
91,loss,6554.051858568949
92,recon_loss,6543.008967323909
92,kl_loss,49.965016137985955
92,kl_loss_0,5.737737163664803
92,kl_loss_1,4.9838378921387685
92,kl_loss_2,5.186048136817084
92,kl_loss_3,4.757366952441988
92,kl_loss_4,4.756951316954598
92,kl_loss_5,4.920778425913008
92,kl_loss_6,4.810976777757917
92,kl_loss_7,4.871773121848939
92,kl_loss_8,5.108689648764474
92,kl_loss_9,4.830856504894438
92,loss,6556.828016493056
93,recon_loss,6541.887069702148
93,kl_loss,49.98368573188782
93,kl_loss_0,5.736497215926647
93,kl_loss_1,4.992458090186119
93,kl_loss_2,5.192985862493515
93,kl_loss_3,4.728571064770222
93,kl_loss_4,4.747336193919182
93,kl_loss_5,4.937820889055729
93,kl_loss_6,4.812261238694191
93,kl_loss_7,4.867119215428829
93,kl_loss_8,5.119361586868763
93,kl_loss_9,4.849274717271328
93,loss,6553.674339294434
94,recon_loss,6561.6749751984125
94,kl_loss,50.00402632213774
94,kl_loss_0,5.728607419937376
94,kl_loss_1,4.980585559966072
94,kl_loss_2,5.1886964903937445
94,kl_loss_3,4.778213652353438
94,kl_loss_4,4.76259121819148
94,kl_loss_5,4.925452905987936
94,kl_loss_6,4.81418424182468
94,kl_loss_7,4.87080418874347
94,kl_loss_8,5.1168257925245495
94,kl_loss_9,4.838065033867245
94,loss,6572.726508246527
95,recon_loss,6575.5478283110115
95,kl_loss,49.98853090074327
95,kl_loss_0,5.720649204556904
95,kl_loss_1,4.989227082994249
95,kl_loss_2,5.189842428479876
95,kl_loss_3,4.743771023220486
95,kl_loss_4,4.751777247777061
95,kl_loss_5,4.929186904241169
95,kl_loss_6,4.8181733706640815
95,kl_loss_7,4.873775103735546
95,kl_loss_8,5.119717817457896
95,kl_loss_9,4.8524106873406305
95,loss,6589.545735677083
96,recon_loss,6551.326026916504
96,kl_loss,49.978246212005615
96,kl_loss_0,5.71928209066391
96,kl_loss_1,4.994712054729462
96,kl_loss_2,5.197662502527237
96,kl_loss_3,4.734033472836018
96,kl_loss_4,4.764685273170471
96,kl_loss_5,4.913512192666531
96,kl_loss_6,4.816938951611519
96,kl_loss_7,4.874255143105984
96,kl_loss_8,5.124173365533352
96,kl_loss_9,4.838991291821003
96,loss,6564.849197387695
97,recon_loss,6566.890361483135
97,kl_loss,49.99999273390997
97,kl_loss_0,5.724101550995358
97,kl_loss_1,4.992830155387757
97,kl_loss_2,5.1930834300934325
97,kl_loss_3,4.735472944047716
97,kl_loss_4,4.75760070861332
97,kl_loss_5,4.926513543204655
97,kl_loss_6,4.818472052377368
97,kl_loss_7,4.876661058456179
97,kl_loss_8,5.123430471571665
97,kl_loss_9,4.851826925126333
97,loss,6578.445405505952
98,recon_loss,6569.428152901785
98,kl_loss,50.034793732658265
98,kl_loss_0,5.729432984003945
98,kl_loss_1,5.012810025896345
98,kl_loss_2,5.202946087670704
98,kl_loss_3,4.711419953240289
98,kl_loss_4,4.759230424487401
98,kl_loss_5,4.928361135815817
98,kl_loss_6,4.834313642411005
98,kl_loss_7,4.869757886916872
98,kl_loss_8,5.129021886795286
98,kl_loss_9,4.857499334547255
98,loss,6580.5418216765875
99,recon_loss,6559.431067088293
99,kl_loss,49.98664093017578
99,kl_loss_0,5.706093886541942
99,kl_loss_1,4.9900145833454435
99,kl_loss_2,5.19609620836046
99,kl_loss_3,4.746228581383114
99,kl_loss_4,4.765738774859716
99,kl_loss_5,4.9153027610173305
99,kl_loss_6,4.823647166055347
99,kl_loss_7,4.8774076870509555
99,kl_loss_8,5.117412075163826
99,kl_loss_9,4.848698759835864
99,loss,6572.505673363095
100,recon_loss,6536.6269454956055
100,kl_loss,50.004957377910614
100,kl_loss_0,5.71400410681963
100,kl_loss_1,4.987622208893299
100,kl_loss_2,5.192213416099548
100,kl_loss_3,4.766888827085495
100,kl_loss_4,4.77499857544899
100,kl_loss_5,4.911586634814739
100,kl_loss_6,4.817265875637531
100,kl_loss_7,4.886827528476715
100,kl_loss_8,5.114546447992325
100,kl_loss_9,4.839003354310989
100,loss,6549.817123413086
101,recon_loss,6551.729941716269
101,kl_loss,50.000213259742374
101,kl_loss_0,5.69555686012147
101,kl_loss_1,5.003126121702648
101,kl_loss_2,5.192223359668065
101,kl_loss_3,4.745468790569003
101,kl_loss_4,4.7822779398115856
101,kl_loss_5,4.907376160697331
101,kl_loss_6,4.818446439410013
101,kl_loss_7,4.876709014650375
101,kl_loss_8,5.13874312052651
101,kl_loss_9,4.840285013592433
101,loss,6565.095881386409
102,recon_loss,6550.901429191468
102,kl_loss,50.00259508405413
102,kl_loss_0,5.7189136081271705
102,kl_loss_1,4.992851310306126
102,kl_loss_2,5.188935317690411
102,kl_loss_3,4.763293061937604
102,kl_loss_4,4.775894921923441
102,kl_loss_5,4.9095555865575395
102,kl_loss_6,4.814852934035044
102,kl_loss_7,4.867685847812229
102,kl_loss_8,5.1280869907803
102,kl_loss_9,4.842525270250109
102,loss,6565.283807663691
103,recon_loss,6538.5333251953125
103,kl_loss,50.01673799753189
103,kl_loss_0,5.722045883536339
103,kl_loss_1,5.006556607782841
103,kl_loss_2,5.187533624470234
103,kl_loss_3,4.75657731294632
103,kl_loss_4,4.790878444910049
103,kl_loss_5,4.9002697840332985
103,kl_loss_6,4.8167804926633835
103,kl_loss_7,4.870740853250027
103,kl_loss_8,5.130151346325874
103,kl_loss_9,4.83520345389843
103,loss,6553.623947143555
104,recon_loss,6570.936228918651
104,kl_loss,50.026137397402806
104,kl_loss_0,5.706104755401611
104,kl_loss_1,4.995981163448757
104,kl_loss_2,5.186613521878681
104,kl_loss_3,4.79252116642301
104,kl_loss_4,4.797316823686872
104,kl_loss_5,4.906418641408284
104,kl_loss_6,4.807178376212953
104,kl_loss_7,4.880359384748671
104,kl_loss_8,5.120969734494648
104,kl_loss_9,4.832673958369663
104,loss,6582.5408606150795
105,recon_loss,6534.898662264385
105,kl_loss,49.98435871184818
105,kl_loss_0,5.7012454820057705
105,kl_loss_1,4.97466898721362
105,kl_loss_2,5.1779469005645264
105,kl_loss_3,4.809713204701741
105,kl_loss_4,4.803618294852121
105,kl_loss_5,4.896807557060605
105,kl_loss_6,4.801910884796627
105,kl_loss_7,4.878642256297763
105,kl_loss_8,5.115567638760521
105,kl_loss_9,4.824237558576796
105,loss,6544.210170200893
106,recon_loss,6586.052886962891
106,kl_loss,49.984066009521484
106,kl_loss_0,5.6981141269207
106,kl_loss_1,4.969609685242176
106,kl_loss_2,5.156280554831028
106,kl_loss_3,4.84609816968441
106,kl_loss_4,4.800367400050163
106,kl_loss_5,4.912755534052849
106,kl_loss_6,4.791149817407131
106,kl_loss_7,4.869193412363529
106,kl_loss_8,5.113394513726234
106,kl_loss_9,4.827102810144424
106,loss,6598.153289794922
107,recon_loss,6550.0706302703375
107,kl_loss,49.982490842304536
107,kl_loss_0,5.679265817006429
107,kl_loss_1,4.966859136308942
107,kl_loss_2,5.176578203837077
107,kl_loss_3,4.872199898674374
107,kl_loss_4,4.803334099905832
107,kl_loss_5,4.906085339803544
107,kl_loss_6,4.789847472357372
107,kl_loss_7,4.885176658630371
107,kl_loss_8,5.082982835315523
107,kl_loss_9,4.820161607530382
107,loss,6563.197815910218
108,recon_loss,6553.714394221231
108,kl_loss,50.02632528638083
108,kl_loss_0,5.707705626412044
108,kl_loss_1,4.996314684549968
108,kl_loss_2,5.187261952294244
108,kl_loss_3,4.791602119566902
108,kl_loss_4,4.828692829798138
108,kl_loss_5,4.890507327185737
108,kl_loss_6,4.793262209211077
108,kl_loss_7,4.886160237448556
108,kl_loss_8,5.107025623321533
108,kl_loss_9,4.8377928204006615
108,loss,6565.4204334077385
109,recon_loss,6556.7625732421875
109,kl_loss,50.03366273641586
109,kl_loss_0,5.721198387444019
109,kl_loss_1,4.999442890286446
109,kl_loss_2,5.156177401542664
109,kl_loss_3,4.812841668725014
109,kl_loss_4,4.845712281763554
109,kl_loss_5,4.897079832851887
109,kl_loss_6,4.784589283168316
109,kl_loss_7,4.873015746474266
109,kl_loss_8,5.120371468365192
109,kl_loss_9,4.8232336565852165
109,loss,6568.0206298828125
110,recon_loss,6579.494256882441
110,kl_loss,50.00416843474857
110,kl_loss_0,5.695511916327098
110,kl_loss_1,5.067296164376395
110,kl_loss_2,5.188541790795704
110,kl_loss_3,4.65557557060605
110,kl_loss_4,4.798187952193003
110,kl_loss_5,4.924388794671922
110,kl_loss_6,4.830152004484146
110,kl_loss_7,4.8571828206380205
110,kl_loss_8,5.124763526613751
110,kl_loss_9,4.862567810785203
110,loss,6593.706116691468
111,recon_loss,6565.438616071428
111,kl_loss,50.006287529355006
111,kl_loss_0,5.736325831640334
111,kl_loss_1,5.030780920906673
111,kl_loss_2,5.171351758260576
111,kl_loss_3,4.7494500023978095
111,kl_loss_4,4.79789027713594
111,kl_loss_5,4.910996876065693
111,kl_loss_6,4.808691327534024
111,kl_loss_7,4.8552460292029
111,kl_loss_8,5.124194258735294
111,kl_loss_9,4.821360694037543
111,loss,6578.666751922123
112,recon_loss,6541.751220703125
112,kl_loss,50.01756674051285
112,kl_loss_0,5.700184129178524
112,kl_loss_1,4.9866402223706245
112,kl_loss_2,5.166878014802933
112,kl_loss_3,4.8611394837498665
112,kl_loss_4,4.829299733042717
112,kl_loss_5,4.904003642499447
112,kl_loss_6,4.79259368032217
112,kl_loss_7,4.877539806067944
112,kl_loss_8,5.089670866727829
112,kl_loss_9,4.809617288410664
112,loss,6553.6975173950195
113,recon_loss,6548.500589037699
113,kl_loss,50.00339550442166
113,kl_loss_0,5.710519298674568
113,kl_loss_1,4.980042563544379
113,kl_loss_2,5.17434002861144
113,kl_loss_3,4.84154326575143
113,kl_loss_4,4.81842695720612
113,kl_loss_5,4.908744380587623
113,kl_loss_6,4.796999916197762
113,kl_loss_7,4.868258680616107
113,kl_loss_8,5.1036259030538895
113,kl_loss_9,4.800894457196432
113,loss,6559.875604538691
114,recon_loss,6555.698288690476
114,kl_loss,50.01237978254046
114,kl_loss_0,5.7087125551132925
114,kl_loss_1,5.013990008641803
114,kl_loss_2,5.170830363319034
114,kl_loss_3,4.804923723614405
114,kl_loss_4,4.80825119926816
114,kl_loss_5,4.904166388133215
114,kl_loss_6,4.802180131276448
114,kl_loss_7,4.870472135997954
114,kl_loss_8,5.119034335726783
114,kl_loss_9,4.809818638695611
114,loss,6568.39997984871
115,recon_loss,6531.221260070801
115,kl_loss,50.011844754219055
115,kl_loss_0,5.720150180160999
115,kl_loss_1,5.001766681671143
115,kl_loss_2,5.178057409822941
115,kl_loss_3,4.84030644595623
115,kl_loss_4,4.826057903468609
115,kl_loss_5,4.901754043996334
115,kl_loss_6,4.7777542024850845
115,kl_loss_7,4.867165707051754
115,kl_loss_8,5.109006196260452
115,kl_loss_9,4.78982587903738
115,loss,6544.834243774414
116,recon_loss,6590.564453125
116,kl_loss,50.0133897690546
116,kl_loss_0,5.684768048543779
116,kl_loss_1,4.986158582899305
116,kl_loss_2,5.182897673712836
116,kl_loss_3,4.868407128349183
116,kl_loss_4,4.837045503041101
116,kl_loss_5,4.92393508033147
116,kl_loss_6,4.772329633198087
116,kl_loss_7,4.870487054189046
116,kl_loss_8,5.095657961709159
116,kl_loss_9,4.79170284573994
116,loss,6605.2180912078375
117,recon_loss,6572.622574094742
117,kl_loss,49.98935959831117
117,kl_loss_0,5.714957827613468
117,kl_loss_1,4.96437192341638
117,kl_loss_2,5.151918418823727
117,kl_loss_3,4.926512725769528
117,kl_loss_4,4.838599674285404
117,kl_loss_5,4.9279730963328525
117,kl_loss_6,4.757965799361941
117,kl_loss_7,4.854502322181823
117,kl_loss_8,5.085590930212112
117,kl_loss_9,4.766966887882778
117,loss,6585.10929749504
118,recon_loss,6567.028053283691
118,kl_loss,49.96985024213791
118,kl_loss_0,5.661672167479992
118,kl_loss_1,4.882203921675682
118,kl_loss_2,5.13514157384634
118,kl_loss_3,5.241701677441597
118,kl_loss_4,4.850477293133736
118,kl_loss_5,4.9291849955916405
118,kl_loss_6,4.709629230201244
118,kl_loss_7,4.856355212628841
118,kl_loss_8,5.012055903673172
118,kl_loss_9,4.691428489983082
118,loss,6579.595329284668
119,recon_loss,6549.591347346231
119,kl_loss,49.99198913574219
119,kl_loss_0,5.682037762233189
119,kl_loss_1,4.963081019265311
119,kl_loss_2,5.142288525899251
119,kl_loss_3,5.052768041217138
119,kl_loss_4,4.838362118554493
119,kl_loss_5,4.932216492910234
119,kl_loss_6,4.737044349549309
119,kl_loss_7,4.829759968651666
119,kl_loss_8,5.063061850411551
119,kl_loss_9,4.751368832966638
119,loss,6564.345772879465
120,recon_loss,6551.417224702381
120,kl_loss,50.017593868195064
120,kl_loss_0,5.737427590385316
120,kl_loss_1,5.033253359416174
120,kl_loss_2,5.153260473221067
120,kl_loss_3,4.79879183239407
120,kl_loss_4,4.832230575500973
120,kl_loss_5,4.901331568521167
120,kl_loss_6,4.775166905115521
120,kl_loss_7,4.870135451120044
120,kl_loss_8,5.098587134527782
120,kl_loss_9,4.817408940148732
120,loss,6565.257750496032
121,recon_loss,6596.445854187012
121,kl_loss,50.003237187862396
121,kl_loss_0,5.669639848172665
121,kl_loss_1,4.96804665774107
121,kl_loss_2,5.158600702881813
121,kl_loss_3,5.045383930206299
121,kl_loss_4,4.860587432980537
121,kl_loss_5,4.909646809101105
121,kl_loss_6,4.721365749835968
121,kl_loss_7,4.873194128274918
121,kl_loss_8,5.053323894739151
121,kl_loss_9,4.743447966873646
121,loss,6612.029968261719
122,recon_loss,6574.480895027282
122,kl_loss,50.01190603347052
122,kl_loss_0,5.685036015889001
122,kl_loss_1,4.917678121536497
122,kl_loss_2,5.145439200931126
122,kl_loss_3,5.12319598879133
122,kl_loss_4,4.872455286601233
122,kl_loss_5,4.935629125625368
122,kl_loss_6,4.7171600432623
122,kl_loss_7,4.858810614025782
122,kl_loss_8,5.023561167338538
122,kl_loss_9,4.732940605708531
122,loss,6590.114986359127
123,recon_loss,6573.707767547123
123,kl_loss,49.9857433258541
123,kl_loss_0,5.677724596053835
123,kl_loss_1,4.904640455094595
123,kl_loss_2,5.11570620158362
123,kl_loss_3,5.179140355851915
123,kl_loss_4,4.894921847752163
123,kl_loss_5,4.90738858873882
123,kl_loss_6,4.694111604539175
123,kl_loss_7,4.885502073499891
123,kl_loss_8,5.0120654635959205
123,kl_loss_9,4.714542555430579
123,loss,6589.218734499008
124,recon_loss,6575.684167286707
124,kl_loss,50.01452878921751
124,kl_loss_0,5.574004922594343
124,kl_loss_1,4.855427779848614
124,kl_loss_2,5.101477638123527
124,kl_loss_3,5.46972870448279
124,kl_loss_4,4.925792391338046
124,kl_loss_5,4.936192860679021
124,kl_loss_6,4.661485505482507
124,kl_loss_7,4.882022002386669
124,kl_loss_8,4.936519244360546
124,kl_loss_9,4.671878088088262
124,loss,6591.810089595734
125,recon_loss,6567.654975891113
125,kl_loss,49.96849125623703
125,kl_loss_0,5.595479793846607
125,kl_loss_1,4.909509561955929
125,kl_loss_2,5.0971377938985825
125,kl_loss_3,5.274660974740982
125,kl_loss_4,4.958955273032188
125,kl_loss_5,4.887422397732735
125,kl_loss_6,4.666712902486324
125,kl_loss_7,4.885647118091583
125,kl_loss_8,4.982848212122917
125,kl_loss_9,4.710117280483246
125,loss,6585.218566894531
126,recon_loss,6544.268391927083
126,kl_loss,49.98888118683346
126,kl_loss_0,5.64920025023203
126,kl_loss_1,4.95761782025534
126,kl_loss_2,5.130191545637827
126,kl_loss_3,5.030692645481655
126,kl_loss_4,4.921682668110681
126,kl_loss_5,4.878182524726505
126,kl_loss_6,4.715973157731313
126,kl_loss_7,4.881318546476818
126,kl_loss_8,5.03975304346236
126,kl_loss_9,4.784268863617428
126,loss,6558.63728453621
127,recon_loss,6593.945521763393
127,kl_loss,49.99866600642129
127,kl_loss_0,5.612304861583407
127,kl_loss_1,4.881669211009192
127,kl_loss_2,5.108231877523755
127,kl_loss_3,5.278511191171313
127,kl_loss_4,4.949344407944452
127,kl_loss_5,4.903109580751449
127,kl_loss_6,4.667600843641493
127,kl_loss_7,4.885058206225199
127,kl_loss_8,4.983069533393497
127,kl_loss_9,4.729766732170468
127,loss,6610.607049851191
128,recon_loss,6555.714653015137
128,kl_loss,49.99297785758972
128,kl_loss_0,5.655787967145443
128,kl_loss_1,4.888720616698265
128,kl_loss_2,5.099465489387512
128,kl_loss_3,5.32231642305851
128,kl_loss_4,4.895153567194939
128,kl_loss_5,4.926315255463123
128,kl_loss_6,4.667445465922356
128,kl_loss_7,4.834557726979256
128,kl_loss_8,4.980354160070419
128,kl_loss_9,4.722861237823963
128,loss,6573.66276550293
129,recon_loss,6556.479120163691
129,kl_loss,50.05054195343502
129,kl_loss_0,5.654675703200083
129,kl_loss_1,4.928109615568131
129,kl_loss_2,5.118270730215405
129,kl_loss_3,5.188886324564616
129,kl_loss_4,4.941487160940019
129,kl_loss_5,4.8886959741985985
129,kl_loss_6,4.67680373267522
129,kl_loss_7,4.896020949832977
129,kl_loss_8,4.991647319188194
129,kl_loss_9,4.765944753374372
129,loss,6573.961100260417
130,recon_loss,6557.255223834325
130,kl_loss,50.047852228558256
130,kl_loss_0,5.640644270276266
130,kl_loss_1,5.00639714135064
130,kl_loss_2,5.135303489745609
130,kl_loss_3,5.0243968887934605
130,kl_loss_4,4.858843523358542
130,kl_loss_5,4.889644660646954
130,kl_loss_6,4.740959031241281
130,kl_loss_7,4.859241712661016
130,kl_loss_8,5.047744493635874
130,kl_loss_9,4.84467725905161
130,loss,6573.579403831845
131,recon_loss,6563.5648193359375
131,kl_loss,50.011157512664795
131,kl_loss_0,5.639770925045013
131,kl_loss_1,5.033640541136265
131,kl_loss_2,5.11695684492588
131,kl_loss_3,4.925189673900604
131,kl_loss_4,4.857067339122295
131,kl_loss_5,4.879070706665516
131,kl_loss_6,4.757679618895054
131,kl_loss_7,4.861715212464333
131,kl_loss_8,5.079876944422722
131,kl_loss_9,4.860190033912659
131,loss,6577.953025817871
132,recon_loss,6574.311321924603
132,kl_loss,50.03474365718781
132,kl_loss_0,5.655272824423654
132,kl_loss_1,5.011500918675983
132,kl_loss_2,5.118775829436287
132,kl_loss_3,4.961221869029696
132,kl_loss_4,4.877780240679544
132,kl_loss_5,4.887653078351702
132,kl_loss_6,4.7398974479190885
132,kl_loss_7,4.8738266248551625
132,kl_loss_8,5.0726208157009545
132,kl_loss_9,4.836194076235333
132,loss,6592.108088417659
133,recon_loss,6566.744737413194
133,kl_loss,50.04517540099129
133,kl_loss_0,5.613783465491401
133,kl_loss_1,4.971427652570936
133,kl_loss_2,5.13450282717508
133,kl_loss_3,5.0493718555995395
133,kl_loss_4,4.934560261075458
133,kl_loss_5,4.884456059289357
133,kl_loss_6,4.718834922427223
133,kl_loss_7,4.893021848466661
133,kl_loss_8,5.042179478539361
133,kl_loss_9,4.8030370152185835
133,loss,6584.611862909226
134,recon_loss,6575.028625488281
134,kl_loss,49.98366457223892
134,kl_loss_0,5.668827787041664
134,kl_loss_1,5.020293697714806
134,kl_loss_2,5.110833868384361
134,kl_loss_3,4.859428495168686
134,kl_loss_4,4.903406672179699
134,kl_loss_5,4.891692988574505
134,kl_loss_6,4.730844177305698
134,kl_loss_7,4.878470495343208
134,kl_loss_8,5.100335121154785
134,kl_loss_9,4.819530978798866
134,loss,6593.463760375977
135,recon_loss,6569.6592029389885
135,kl_loss,50.001411014133026
135,kl_loss_0,5.600257570781405
135,kl_loss_1,4.886851204766168
135,kl_loss_2,5.089963829706585
135,kl_loss_3,5.35035657125806
135,kl_loss_4,5.001315086606949
135,kl_loss_5,4.9281063382587735
135,kl_loss_6,4.648545507400755
135,kl_loss_7,4.856833374689495
135,kl_loss_8,4.9564394269670755
135,kl_loss_9,4.682742345900762
135,loss,6587.845276847718
136,recon_loss,6573.881541418651
136,kl_loss,50.03501613556393
136,kl_loss_0,5.530186304970393
136,kl_loss_1,4.895053394257077
136,kl_loss_2,5.092511018117269
136,kl_loss_3,5.495853363521515
136,kl_loss_4,4.951985397036114
136,kl_loss_5,4.955416247958229
136,kl_loss_6,4.6518601538643
136,kl_loss_7,4.858205409277053
136,kl_loss_8,4.907431004539369
136,kl_loss_9,4.6965137057834205
136,loss,6589.968718998016
137,recon_loss,6596.515403747559
137,kl_loss,50.03126049041748
137,kl_loss_0,5.594113029539585
137,kl_loss_1,4.988310784101486
137,kl_loss_2,5.118899658322334
137,kl_loss_3,5.056736417114735
137,kl_loss_4,4.897909067571163
137,kl_loss_5,4.934446699917316
137,kl_loss_6,4.728133425116539
137,kl_loss_7,4.882756821811199
137,kl_loss_8,5.018249362707138
137,kl_loss_9,4.811705127358437
137,loss,6610.4128341674805
138,recon_loss,6553.15681578621
138,kl_loss,50.00497394137912
138,kl_loss_0,5.669227395738874
138,kl_loss_1,5.037106566958958
138,kl_loss_2,5.114146497514513
138,kl_loss_3,4.888724334656247
138,kl_loss_4,4.876690804012238
138,kl_loss_5,4.9476756973872105
138,kl_loss_6,4.744410514831543
138,kl_loss_7,4.8735501652672175
138,kl_loss_8,5.020705101981996
138,kl_loss_9,4.832736757066515
138,loss,6569.257975260417
139,recon_loss,6595.7722904265875
139,kl_loss,50.046716901991104
139,kl_loss_0,5.621055830092657
139,kl_loss_1,5.016248740847149
139,kl_loss_2,5.07690597715832
139,kl_loss_3,5.270528679802304
139,kl_loss_4,4.865112743680439
139,kl_loss_5,4.992354620070684
139,kl_loss_6,4.678905963897705
139,kl_loss_7,4.824671684749543
139,kl_loss_8,4.960369715614925
139,kl_loss_9,4.740562900664314
139,loss,6616.3012617807535
140,recon_loss,6559.1535720825195
140,kl_loss,49.952517211437225
140,kl_loss_0,5.6801795437932014
140,kl_loss_1,4.9981826320290565
140,kl_loss_2,5.05546223372221
140,kl_loss_3,5.26472082734108
140,kl_loss_4,4.868824899196625
140,kl_loss_5,4.933328539133072
140,kl_loss_6,4.641134113073349
140,kl_loss_7,4.838986873626709
140,kl_loss_8,4.959678009152412
140,kl_loss_9,4.712019272148609
140,loss,6574.382774353027
141,recon_loss,6562.377425905258
141,kl_loss,49.9626579284668
141,kl_loss_0,5.733474519517687
141,kl_loss_1,5.025978005121624
141,kl_loss_2,5.0487296013605025
141,kl_loss_3,5.127113713158502
141,kl_loss_4,4.850564139229911
141,kl_loss_5,4.923167819068546
141,kl_loss_6,4.668589977991013
141,kl_loss_7,4.82443923041934
141,kl_loss_8,5.0164659212506
141,kl_loss_9,4.744135114881727
141,loss,6579.797510540675
142,recon_loss,6600.204659598215
142,kl_loss,50.002069745744976
142,kl_loss_0,5.8360513505481535
142,kl_loss_1,5.128177945576017
142,kl_loss_2,5.05392459082225
142,kl_loss_3,4.752927409278022
142,kl_loss_4,4.791166873205276
142,kl_loss_5,4.89120722573901
142,kl_loss_6,4.7264918069990856
142,kl_loss_7,4.826527633364239
142,kl_loss_8,5.138756328158909
142,kl_loss_9,4.856838612329392
142,loss,6614.5488048735115
143,recon_loss,6590.002311706543
143,kl_loss,49.99569433927536
143,kl_loss_0,5.7407985627651215
143,kl_loss_1,5.135498106479645
143,kl_loss_2,5.104919455945492
143,kl_loss_3,4.688989512622356
143,kl_loss_4,4.840939648449421
143,kl_loss_5,4.884232521057129
143,kl_loss_6,4.750139318406582
143,kl_loss_7,4.862674035131931
143,kl_loss_8,5.114454373717308
143,kl_loss_9,4.873048268258572
143,loss,6605.667259216309
144,recon_loss,6577.2871326264885
144,kl_loss,50.028592851426865
144,kl_loss_0,5.640802829984635
144,kl_loss_1,5.150264800540985
144,kl_loss_2,5.145132019406273
144,kl_loss_3,4.611934010944669
144,kl_loss_4,4.880887614356147
144,kl_loss_5,4.899705591655913
144,kl_loss_6,4.793981854877774
144,kl_loss_7,4.917477274697925
144,kl_loss_8,5.102613433958992
144,kl_loss_9,4.885793761601524
144,loss,6594.440576946925
145,recon_loss,6592.626999627976
145,kl_loss,50.016746884300595
145,kl_loss_0,5.717910342746311
145,kl_loss_1,5.132427896772112
145,kl_loss_2,5.121988516005259
145,kl_loss_3,4.642509150126624
145,kl_loss_4,4.841929640088763
145,kl_loss_5,4.891704763684954
145,kl_loss_6,4.790043482704768
145,kl_loss_7,4.879852832309783
145,kl_loss_8,5.120745893508669
145,kl_loss_9,4.877634328509134
145,loss,6606.256657676091
146,recon_loss,6568.146842956543
146,kl_loss,50.02283549308777
146,kl_loss_0,5.6947847455739975
146,kl_loss_1,5.111848764121532
146,kl_loss_2,5.137341275811195
146,kl_loss_3,4.6860722452402115
146,kl_loss_4,4.857220150530338
146,kl_loss_5,4.891414441168308
146,kl_loss_6,4.793233141303062
146,kl_loss_7,4.865193024277687
146,kl_loss_8,5.116325519979
146,kl_loss_9,4.869401700794697
146,loss,6581.411888122559
147,recon_loss,6562.449753534226
147,kl_loss,49.97891865079365
147,kl_loss_0,5.707120796990773
147,kl_loss_1,5.1152338073367165
147,kl_loss_2,5.14010374886649
147,kl_loss_3,4.657226206764342
147,kl_loss_4,4.855128008221823
147,kl_loss_5,4.882565763261583
147,kl_loss_6,4.7916548819769
147,kl_loss_7,4.861867533789741
147,kl_loss_8,5.107943663521419
147,kl_loss_9,4.860074194650801
147,loss,6572.84431578621
148,recon_loss,6585.182307167659
148,kl_loss,50.014357248942055
148,kl_loss_0,5.679299672444661
148,kl_loss_1,5.162112788548545
148,kl_loss_2,5.139035005418081
148,kl_loss_3,4.625623786260212
148,kl_loss_4,4.848826249440511
148,kl_loss_5,4.9034695322551425
148,kl_loss_6,4.7908562327188156
148,kl_loss_7,4.870869840894427
148,kl_loss_8,5.125803357078915
148,kl_loss_9,4.868460579523965
148,loss,6597.921433221726
149,recon_loss,6564.410543774801
149,kl_loss,50.004498860192676
149,kl_loss_0,5.714480165451292
149,kl_loss_1,5.212039508516827
149,kl_loss_2,5.135812857794384
149,kl_loss_3,4.571612857636952
149,kl_loss_4,4.797008605230422
149,kl_loss_5,4.889434632800874
149,kl_loss_6,4.795464848715161
149,kl_loss_7,4.886172302185543
149,kl_loss_8,5.141732617030068
149,kl_loss_9,4.860740676758781
149,loss,6578.773747519841
150,recon_loss,6577.267761230469
150,kl_loss,50.047042071819305
150,kl_loss_0,5.7668906301259995
150,kl_loss_1,5.189913496375084
150,kl_loss_2,5.126442633569241
150,kl_loss_3,4.613608978688717
150,kl_loss_4,4.828320279717445
150,kl_loss_5,4.913912080228329
150,kl_loss_6,4.790705256164074
150,kl_loss_7,4.841798022389412
150,kl_loss_8,5.120024003088474
150,kl_loss_9,4.855426959693432
150,loss,6593.811714172363
151,recon_loss,6569.340053013393
151,kl_loss,50.003338162861176
151,kl_loss_0,5.646778803023081
151,kl_loss_1,5.141118980589367
151,kl_loss_2,5.157797306302994
151,kl_loss_3,4.659714524708097
151,kl_loss_4,4.886218790024046
151,kl_loss_5,4.907433744460818
151,kl_loss_6,4.803593741522895
151,kl_loss_7,4.854340651678661
151,kl_loss_8,5.084222801147946
151,kl_loss_9,4.862118206326923
151,loss,6582.207643539186
152,recon_loss,6564.7749100942465
152,kl_loss,49.99349618336511
152,kl_loss_0,5.691284944140722
152,kl_loss_1,5.1378105481465655
152,kl_loss_2,5.082881617167639
152,kl_loss_3,4.665706513419984
152,kl_loss_4,4.878658915322925
152,kl_loss_5,4.904798477415055
152,kl_loss_6,4.798717150612483
152,kl_loss_7,4.85385162868197
152,kl_loss_8,5.131189626360697
152,kl_loss_9,4.84859673939054
152,loss,6577.003813244048
153,recon_loss,6567.373863220215
153,kl_loss,49.991950035095215
153,kl_loss_0,5.6948026195168495
153,kl_loss_1,5.154150620102882
153,kl_loss_2,5.0999400317668915
153,kl_loss_3,4.637960374355316
153,kl_loss_4,4.867284655570984
153,kl_loss_5,4.900658965110779
153,kl_loss_6,4.795297086238861
153,kl_loss_7,4.872383177280426
153,kl_loss_8,5.1352507919073105
153,kl_loss_9,4.834221534430981
153,loss,6580.860580444336
154,recon_loss,6557.852996341766
154,kl_loss,50.040597219315785
154,kl_loss_0,5.705928991711329
154,kl_loss_1,5.139707565307617
154,kl_loss_2,5.143999258677165
154,kl_loss_3,4.6191691595410544
154,kl_loss_4,4.900108602311876
154,kl_loss_5,4.908349302079943
154,kl_loss_6,4.803301826355949
154,kl_loss_7,4.864080550178649
154,kl_loss_8,5.124096370878673
154,kl_loss_9,4.8318557512192495
154,loss,6570.9326094370035
155,recon_loss,6559.4306640625
155,kl_loss,50.00156971764943
155,kl_loss_0,5.651720183236258
155,kl_loss_1,5.135019499158102
155,kl_loss_2,5.165177784268818
155,kl_loss_3,4.585392565954299
155,kl_loss_4,4.883429186684745
155,kl_loss_5,4.929715345776271
155,kl_loss_6,4.8139817374093195
155,kl_loss_7,4.864924657912481
155,kl_loss_8,5.122110911778042
155,kl_loss_9,4.850097663818844
155,loss,6572.869566902282
156,recon_loss,6566.449165344238
156,kl_loss,49.99639558792114
156,kl_loss_0,5.63643704354763
156,kl_loss_1,5.143650405108929
156,kl_loss_2,5.166681483387947
156,kl_loss_3,4.57833319157362
156,kl_loss_4,4.870865851640701
156,kl_loss_5,4.939529240131378
156,kl_loss_6,4.8291220888495445
156,kl_loss_7,4.864405684173107
156,kl_loss_8,5.113453909754753
156,kl_loss_9,4.8539164289832115
156,loss,6577.134590148926
157,recon_loss,6590.869179377481
157,kl_loss,50.00593881758432
157,kl_loss_0,5.711856592269171
157,kl_loss_1,5.1697016973344105
157,kl_loss_2,5.139086844429137
157,kl_loss_3,4.542861749255468
157,kl_loss_4,4.831528005145845
157,kl_loss_5,4.950112312559098
157,kl_loss_6,4.8190466865660655
157,kl_loss_7,4.8498794162084184
157,kl_loss_8,5.136394591558547
157,kl_loss_9,4.855471209874229
157,loss,6603.974671378968
158,recon_loss,6617.245008680556
158,kl_loss,49.98470148964534
158,kl_loss_0,5.7313382512047175
158,kl_loss_1,5.207688558669317
158,kl_loss_2,5.099603350200351
158,kl_loss_3,4.546429104275173
158,kl_loss_4,4.807426846216595
158,kl_loss_5,4.937602603246296
158,kl_loss_6,4.804970340123252
158,kl_loss_7,4.854551042829241
158,kl_loss_8,5.165996097383045
158,kl_loss_9,4.829095227377755
158,loss,6630.262586805556
159,recon_loss,6586.7933349609375
159,kl_loss,50.00057154893875
159,kl_loss_0,5.73184484988451
159,kl_loss_1,5.182059116661549
159,kl_loss_2,5.08056353777647
159,kl_loss_3,4.583353519439697
159,kl_loss_4,4.854179225862026
159,kl_loss_5,4.931246101856232
159,kl_loss_6,4.792990006506443
159,kl_loss_7,4.8706226497888565
159,kl_loss_8,5.148138985037804
159,kl_loss_9,4.825573526322842
159,loss,6603.260925292969
160,recon_loss,6583.6402917286705
160,kl_loss,50.00461608644516
160,kl_loss_0,5.731550352913993
160,kl_loss_1,5.140450977143788
160,kl_loss_2,5.120575904846191
160,kl_loss_3,4.582820612286764
160,kl_loss_4,4.87531995016431
160,kl_loss_5,4.931009390997509
160,kl_loss_6,4.792220880114843
160,kl_loss_7,4.858024513910687
160,kl_loss_8,5.13966016920786
160,kl_loss_9,4.832983228895399
160,loss,6596.692522321428
161,recon_loss,6584.058880518353
161,kl_loss,49.97860626947312
161,kl_loss_0,5.7080840004815
161,kl_loss_1,5.147450901213146
161,kl_loss_2,5.115996209401933
161,kl_loss_3,4.571778653159974
161,kl_loss_4,4.8558137151930065
161,kl_loss_5,4.9412569167122005
161,kl_loss_6,4.798530147189186
161,kl_loss_7,4.864653935508122
161,kl_loss_8,5.143968915182446
161,kl_loss_9,4.831072610522074
161,loss,6597.402087983631
162,recon_loss,6567.24397277832
162,kl_loss,49.97240090370178
162,kl_loss_0,5.68419487029314
162,kl_loss_1,5.123431958258152
162,kl_loss_2,5.150318488478661
162,kl_loss_3,4.565565370023251
162,kl_loss_4,4.87491712719202
162,kl_loss_5,4.953635387122631
162,kl_loss_6,4.811388932168484
162,kl_loss_7,4.835335828363895
162,kl_loss_8,5.121230743825436
162,kl_loss_9,4.852382391691208
162,loss,6579.945953369141
163,recon_loss,6564.413357204861
163,kl_loss,50.01674567328559
163,kl_loss_0,5.704852028498574
163,kl_loss_1,5.151274378337558
163,kl_loss_2,5.143302985600063
163,kl_loss_3,4.534617802453419
163,kl_loss_4,4.830119352492075
163,kl_loss_5,4.975033162132142
163,kl_loss_6,4.831928268311516
163,kl_loss_7,4.836155058845641
163,kl_loss_8,5.152809241461376
163,kl_loss_9,4.856653508685884
163,loss,6575.177052331349
164,recon_loss,6572.7915271577385
164,kl_loss,50.01007782466828
164,kl_loss_0,5.726749533698673
164,kl_loss_1,5.171905979277596
164,kl_loss_2,5.09092440680852
164,kl_loss_3,4.537105000208294
164,kl_loss_4,4.841855344318208
164,kl_loss_5,4.975181587158688
164,kl_loss_6,4.810390790303548
164,kl_loss_7,4.84847466907804
164,kl_loss_8,5.175704312702966
164,kl_loss_9,4.831786102718777
164,loss,6584.969253782242
165,recon_loss,6549.339263916016
165,kl_loss,49.99093896150589
165,kl_loss_0,5.7383397445082664
165,kl_loss_1,5.139787413179874
165,kl_loss_2,5.115713506937027
165,kl_loss_3,4.556059204041958
165,kl_loss_4,4.877112112939358
165,kl_loss_5,4.968637987971306
165,kl_loss_6,4.814918048679829
165,kl_loss_7,4.836838759481907
165,kl_loss_8,5.122337959706783
165,kl_loss_9,4.821194335818291
165,loss,6563.862121582031
166,recon_loss,6579.558144221231
166,kl_loss,49.96008070688399
166,kl_loss_0,5.723236628941128
166,kl_loss_1,5.120868251437233
166,kl_loss_2,5.131436332823738
166,kl_loss_3,4.55845280299111
166,kl_loss_4,4.86374298731486
166,kl_loss_5,4.969622097318134
166,kl_loss_6,4.817077341533842
166,kl_loss_7,4.824212021297878
166,kl_loss_8,5.114016964322045
166,kl_loss_9,4.837415029132177
166,loss,6592.619574652777
167,recon_loss,6584.348284040178
167,kl_loss,49.95394352504185
167,kl_loss_0,5.664589450472877
167,kl_loss_1,5.111088616507394
167,kl_loss_2,5.157566282484266
167,kl_loss_3,4.565203068748353
167,kl_loss_4,4.866244724818638
167,kl_loss_5,4.985955321599567
167,kl_loss_6,4.833258462330652
167,kl_loss_7,4.803408970908513
167,kl_loss_8,5.107185272943406
167,kl_loss_9,4.859443066612123
167,loss,6595.620055183532
168,recon_loss,6571.255325317383
168,kl_loss,50.01530963182449
168,kl_loss_0,5.692523501813412
168,kl_loss_1,5.146481402218342
168,kl_loss_2,5.144540578126907
168,kl_loss_3,4.556143864989281
168,kl_loss_4,4.82378788292408
168,kl_loss_5,4.999606855213642
168,kl_loss_6,4.832401029765606
168,kl_loss_7,4.801916144788265
168,kl_loss_8,5.1408737897872925
168,kl_loss_9,4.877034552395344
168,loss,6581.985641479492
169,recon_loss,6601.132308717758
169,kl_loss,49.96282462468223
169,kl_loss_0,5.6349611887856135
169,kl_loss_1,5.11919439406622
169,kl_loss_2,5.1500696076287165
169,kl_loss_3,4.569665484958225
169,kl_loss_4,4.859271594456264
169,kl_loss_5,4.996619148859902
169,kl_loss_6,4.844231613098629
169,kl_loss_7,4.807674460940891
169,kl_loss_8,5.116803434160021
169,kl_loss_9,4.864333728003124
169,loss,6614.227159288194
170,recon_loss,6567.177703373016
170,kl_loss,50.01287738860599
170,kl_loss_0,5.66694028036935
170,kl_loss_1,5.145569339631096
170,kl_loss_2,5.144796348753429
170,kl_loss_3,4.556358216300843
170,kl_loss_4,4.820007967570471
170,kl_loss_5,5.002039016239227
170,kl_loss_6,4.849267452482193
170,kl_loss_7,4.80145788192749
170,kl_loss_8,5.143437377990238
170,kl_loss_9,4.883003855508472
170,loss,6580.083620101686
171,recon_loss,6560.101455688477
171,kl_loss,50.01336479187012
171,kl_loss_0,5.656013078987598
171,kl_loss_1,5.158828109502792
171,kl_loss_2,5.1396917179226875
171,kl_loss_3,4.552386127412319
171,kl_loss_4,4.810984909534454
171,kl_loss_5,5.007456474006176
171,kl_loss_6,4.845479279756546
171,kl_loss_7,4.804623074829578
171,kl_loss_8,5.153958797454834
171,kl_loss_9,4.883943520486355
171,loss,6571.085395812988
172,recon_loss,6572.20304749504
172,kl_loss,49.98498335338774
172,kl_loss_0,5.6470301567562045
172,kl_loss_1,5.139708518981934
172,kl_loss_2,5.130689575558617
172,kl_loss_3,4.5772987395998035
172,kl_loss_4,4.83329134895688
172,kl_loss_5,5.004301033322773
172,kl_loss_6,4.839875032031347
172,kl_loss_7,4.809520615471734
172,kl_loss_8,5.130187042175778
172,kl_loss_9,4.873081517597986
172,loss,6585.525964161707
173,recon_loss,6563.797037760417
173,kl_loss,49.977852715386284
173,kl_loss_0,5.655680436936636
173,kl_loss_1,5.1323026399763805
173,kl_loss_2,5.123932989816817
173,kl_loss_3,4.59592854787433
173,kl_loss_4,4.837944976867191
173,kl_loss_5,5.001986321948824
173,kl_loss_6,4.829175419277615
173,kl_loss_7,4.8116117961823
173,kl_loss_8,5.123664439670623
173,kl_loss_9,4.865625078715976
173,loss,6575.470075334822
174,recon_loss,6561.274514818949
174,kl_loss,50.04090033637153
174,kl_loss_0,5.700173279595753
174,kl_loss_1,5.1602276923164485
174,kl_loss_2,5.10457091861301
174,kl_loss_3,4.585863688635448
174,kl_loss_4,4.965454222664
174,kl_loss_5,4.980350448971703
174,kl_loss_6,4.8258541273692295
174,kl_loss_7,4.792731148856027
174,kl_loss_8,5.089726659986708
174,kl_loss_9,4.835948421841576
174,loss,6574.5987878224205
175,recon_loss,6560.152214050293
175,kl_loss,50.01712226867676
175,kl_loss_0,5.730747401714325
175,kl_loss_1,5.160672754049301
175,kl_loss_2,5.107802912592888
175,kl_loss_3,4.585402436554432
175,kl_loss_4,4.918988890945911
175,kl_loss_5,4.972027696669102
175,kl_loss_6,4.816079042851925
175,kl_loss_7,4.787848010659218
175,kl_loss_8,5.094016827642918
175,kl_loss_9,4.843536049127579
175,loss,6575.31591796875
176,recon_loss,6577.694707961309
176,kl_loss,50.02260093083457
176,kl_loss_0,5.681840351649693
176,kl_loss_1,5.111898830958775
176,kl_loss_2,5.131233427259657
176,kl_loss_3,4.646393488323878
176,kl_loss_4,4.895099110073513
176,kl_loss_5,4.974340438842773
176,kl_loss_6,4.814837463318356
176,kl_loss_7,4.817728875175355
176,kl_loss_8,5.087781338464646
176,kl_loss_9,4.861447228325738
176,loss,6592.198714967758
177,recon_loss,6554.173401847718
177,kl_loss,49.980272928873696
177,kl_loss_0,5.698898466806563
177,kl_loss_1,5.098436158800882
177,kl_loss_2,5.112279468112522
177,kl_loss_3,4.63651422470335
177,kl_loss_4,4.862708409627278
177,kl_loss_5,4.979844789656382
177,kl_loss_6,4.8167150436885775
177,kl_loss_7,4.805390426090786
177,kl_loss_8,5.0916893444364035
177,kl_loss_9,4.8777966575017055
177,loss,6563.887602306548
178,recon_loss,6572.327491760254
178,kl_loss,49.98188728094101
178,kl_loss_0,5.665701858699322
178,kl_loss_1,5.096772000193596
178,kl_loss_2,5.133318968117237
178,kl_loss_3,4.653992250561714
178,kl_loss_4,4.872717782855034
178,kl_loss_5,4.9802665784955025
178,kl_loss_6,4.815076097846031
178,kl_loss_7,4.807580277323723
178,kl_loss_8,5.095432609319687
178,kl_loss_9,4.861029073596001
178,loss,6583.994041442871
179,recon_loss,6540.340680803572
179,kl_loss,50.03602248903305
179,kl_loss_0,5.6375804628644675
179,kl_loss_1,5.125721189710829
179,kl_loss_2,5.138053341517373
179,kl_loss_3,4.652356238592239
179,kl_loss_4,4.8593560551840165
179,kl_loss_5,4.9979078807528055
179,kl_loss_6,4.830687159583682
179,kl_loss_7,4.820514020465669
179,kl_loss_8,5.098439307439895
179,kl_loss_9,4.875406515030634
179,loss,6550.933198474702
180,recon_loss,6545.834457155258
180,kl_loss,49.97976805671813
180,kl_loss_0,5.619459159790524
180,kl_loss_1,5.12664108427744
180,kl_loss_2,5.133298487890334
180,kl_loss_3,4.646956754109216
180,kl_loss_4,4.841080196320065
180,kl_loss_5,5.000266143253872
180,kl_loss_6,4.8312145793248735
180,kl_loss_7,4.809317429860433
180,kl_loss_8,5.095503807067871
180,kl_loss_9,4.876030452667721
180,loss,6552.761687748016
181,recon_loss,6541.948341369629
181,kl_loss,49.996241331100464
181,kl_loss_0,5.627916477620602
181,kl_loss_1,5.1272294744849205
181,kl_loss_2,5.123321883380413
181,kl_loss_3,4.653436608612537
181,kl_loss_4,4.83371215313673
181,kl_loss_5,5.001830950379372
181,kl_loss_6,4.835345655679703
181,kl_loss_7,4.813217267394066
181,kl_loss_8,5.104926884174347
181,kl_loss_9,4.8753045201301575
181,loss,6550.478828430176
182,recon_loss,6554.266400049603
182,kl_loss,49.9934931558276
182,kl_loss_0,5.601983895377507
182,kl_loss_1,5.122247468857538
182,kl_loss_2,5.122048362853035
182,kl_loss_3,4.663128118666392
182,kl_loss_4,4.8328015766446555
182,kl_loss_5,5.012038843972342
182,kl_loss_6,4.836657403007386
182,kl_loss_7,4.817260787600563
182,kl_loss_8,5.109738599686396
182,kl_loss_9,4.875588265676347
182,loss,6562.929292224702
183,recon_loss,6517.157823350694
183,kl_loss,50.02519238184369
183,kl_loss_0,5.59174390823122
183,kl_loss_1,5.120810599554153
183,kl_loss_2,5.128024002862355
183,kl_loss_3,4.673627747429742
183,kl_loss_4,4.8369888578142435
183,kl_loss_5,5.019608709547255
183,kl_loss_6,4.850739062778533
183,kl_loss_7,4.829728467123849
183,kl_loss_8,5.0973226229349775
183,kl_loss_9,4.876598479255797
183,loss,6525.076946924603
184,recon_loss,6552.122985839844
184,kl_loss,49.99750751256943
184,kl_loss_0,5.587079338729382
184,kl_loss_1,5.119466491043568
184,kl_loss_2,5.128316558897495
184,kl_loss_3,4.6736083924770355
184,kl_loss_4,4.828712642192841
184,kl_loss_5,5.0175207406282425
184,kl_loss_6,4.850450150668621
184,kl_loss_7,4.822556167840958
184,kl_loss_8,5.099642813205719
184,kl_loss_9,4.870154224336147
184,loss,6559.8448486328125
185,recon_loss,6531.540783110119
185,kl_loss,50.003819178021146
185,kl_loss_0,5.596018685234918
185,kl_loss_1,5.1188746558295355
185,kl_loss_2,5.126971403757731
185,kl_loss_3,4.675368702600872
185,kl_loss_4,4.835218603648837
185,kl_loss_5,5.029222723037478
185,kl_loss_6,4.8519127860901845
185,kl_loss_7,4.824095362708682
185,kl_loss_8,5.071892375037784
185,kl_loss_9,4.874244379618811
185,loss,6541.103941902282
186,recon_loss,6552.291976686508
186,kl_loss,49.99883445860848
186,kl_loss_0,5.584979526580326
186,kl_loss_1,5.0834828028603205
186,kl_loss_2,5.126929040939089
186,kl_loss_3,4.694666332668728
186,kl_loss_4,4.848385901678176
186,kl_loss_5,5.023697451939658
186,kl_loss_6,4.864780675797236
186,kl_loss_7,4.8327672897823275
186,kl_loss_8,5.069576013655889
186,kl_loss_9,4.869569263761005
186,loss,6563.7558671254965
187,recon_loss,6558.325988769531
187,kl_loss,50.01217359304428
187,kl_loss_0,5.646201558411121
187,kl_loss_1,5.092019535601139
187,kl_loss_2,5.112136282026768
187,kl_loss_3,4.69179230183363
187,kl_loss_4,4.851084716618061
187,kl_loss_5,5.019941784441471
187,kl_loss_6,4.841543793678284
187,kl_loss_7,4.829770624637604
187,kl_loss_8,5.071377731859684
187,kl_loss_9,4.856305420398712
187,loss,6569.463340759277
188,recon_loss,6569.648584759425
188,kl_loss,50.017113458542596
188,kl_loss_0,5.611282999553378
188,kl_loss_1,5.069801489512126
188,kl_loss_2,5.138916545444065
188,kl_loss_3,4.70585512736487
188,kl_loss_4,4.866437314048646
188,kl_loss_5,5.023702863662962
188,kl_loss_6,4.866554691678002
188,kl_loss_7,4.83604886039855
188,kl_loss_8,5.043898605165028
188,kl_loss_9,4.85461475735619
188,loss,6581.060151599702
189,recon_loss,6564.9126209077385
189,kl_loss,50.00317625015501
189,kl_loss_0,5.630604418497237
189,kl_loss_1,5.063245705195835
189,kl_loss_2,5.133512141212584
189,kl_loss_3,4.696307083917042
189,kl_loss_4,4.84186275421627
189,kl_loss_5,5.032508305140904
189,kl_loss_6,4.866461776551747
189,kl_loss_7,4.834332602364676
189,kl_loss_8,5.050181078532385
189,kl_loss_9,4.854160732693142
189,loss,6572.667077442957
190,recon_loss,6583.000297546387
190,kl_loss,49.99962717294693
190,kl_loss_0,5.693664267659187
190,kl_loss_1,5.0568783432245255
190,kl_loss_2,5.085454344749451
190,kl_loss_3,4.708462215960026
190,kl_loss_4,4.828817583620548
190,kl_loss_5,5.02905361354351
190,kl_loss_6,4.831341966986656
190,kl_loss_7,4.826077185571194
190,kl_loss_8,5.0781784281134605
190,kl_loss_9,4.861699268221855
190,loss,6596.003105163574
191,recon_loss,6549.216990637401
191,kl_loss,49.97291153196304
191,kl_loss_0,5.682028891548278
191,kl_loss_1,5.038191099015493
191,kl_loss_2,5.0951546260288785
191,kl_loss_3,4.712479175083221
191,kl_loss_4,4.838721131521558
191,kl_loss_5,5.018344031439887
191,kl_loss_6,4.838479715680319
191,kl_loss_7,4.831706364949544
191,kl_loss_8,5.064428094833616
191,kl_loss_9,4.853378288329593
191,loss,6560.364482576885
192,recon_loss,6546.628255208333
192,kl_loss,49.984491378541975
192,kl_loss_0,5.662836869557698
192,kl_loss_1,5.03647850430201
192,kl_loss_2,5.1158544146825395
192,kl_loss_3,4.720173260522267
192,kl_loss_4,4.851757072267079
192,kl_loss_5,5.021900941455175
192,kl_loss_6,4.851415740119086
192,kl_loss_7,4.841685999007452
192,kl_loss_8,5.036290524497865
192,kl_loss_9,4.846098332178025
192,loss,6556.7753983754965
193,recon_loss,6513.7124099731445
193,kl_loss,50.0113040804863
193,kl_loss_0,5.655566178262234
193,kl_loss_1,5.03862676769495
193,kl_loss_2,5.098320312798023
193,kl_loss_3,4.725036732852459
193,kl_loss_4,4.857554093003273
193,kl_loss_5,5.028715468943119
193,kl_loss_6,4.859509736299515
193,kl_loss_7,4.842329502105713
193,kl_loss_8,5.055715344846249
193,kl_loss_9,4.849929682910442
193,loss,6524.360137939453
194,recon_loss,6558.08650328621
194,kl_loss,50.0054680960519
194,kl_loss_0,5.650015157366556
194,kl_loss_1,5.048456222291977
194,kl_loss_2,5.091726393926711
194,kl_loss_3,4.712414756653801
194,kl_loss_4,4.837501389639718
194,kl_loss_5,5.0406626216948975
194,kl_loss_6,4.857509098355732
194,kl_loss_7,4.840026931157188
194,kl_loss_8,5.06640506926037
194,kl_loss_9,4.860750485980321
194,loss,6566.584534660218
195,recon_loss,6555.825823102678
195,kl_loss,49.98998726738824
195,kl_loss_0,5.658510094597226
195,kl_loss_1,5.043574825165764
195,kl_loss_2,5.080741087595622
195,kl_loss_3,4.716992597731333
195,kl_loss_4,4.8312796335371715
195,kl_loss_5,5.0386524276127895
195,kl_loss_6,4.84616300037929
195,kl_loss_7,4.843608765375047
195,kl_loss_8,5.075954444824704
195,kl_loss_9,4.854510049971323
195,loss,6563.294053819444
196,recon_loss,6511.487464904785
196,kl_loss,50.01390278339386
196,kl_loss_0,5.648227870464325
196,kl_loss_1,5.042555682361126
196,kl_loss_2,5.087805390357971
196,kl_loss_3,4.734411902725697
196,kl_loss_4,4.843172967433929
196,kl_loss_5,5.036646388471127
196,kl_loss_6,4.853304482996464
196,kl_loss_7,4.843907058238983
196,kl_loss_8,5.066998191177845
196,kl_loss_9,4.856872513890266
196,loss,6520.838935852051
197,recon_loss,6552.900747147817
197,kl_loss,49.99145610748776
197,kl_loss_0,5.641831420716786
197,kl_loss_1,5.02966516736954
197,kl_loss_2,5.087432823483906
197,kl_loss_3,4.7335667534480015
197,kl_loss_4,4.845090389251709
197,kl_loss_5,5.031694707416353
197,kl_loss_6,4.852684422144814
197,kl_loss_7,4.84700358103192
197,kl_loss_8,5.071080351632739
197,kl_loss_9,4.851406453147767
197,loss,6561.293061755952
198,recon_loss,6546.2070079985115
198,kl_loss,50.00252072773282
198,kl_loss_0,5.63596462824988
198,kl_loss_1,5.035907276093014
198,kl_loss_2,5.09345174971081
198,kl_loss_3,4.730974833170573
198,kl_loss_4,4.834949137672545
198,kl_loss_5,5.040883851429773
198,kl_loss_6,4.853602568308513
198,kl_loss_7,4.8486711335560635
198,kl_loss_8,5.065323057628813
198,kl_loss_9,4.862792219434466
198,loss,6555.489405071925
199,recon_loss,6543.0258556547615
199,kl_loss,49.998145814925905
199,kl_loss_0,5.635789780389695
199,kl_loss_1,5.034857916453528
199,kl_loss_2,5.096876076289585
199,kl_loss_3,4.728079636891683
199,kl_loss_4,4.826536375378805
199,kl_loss_5,5.040200475662473
199,kl_loss_6,4.857778049650646
199,kl_loss_7,4.849153352162195
199,kl_loss_8,5.066364227779328
199,kl_loss_9,4.862509742615715
199,loss,6550.471819196428
