Epoch,Loss,Value
0,recon_loss,6738.322593688965
0,kl_loss,28.759789630770683
0,kl_loss_0,2.513721194351092
0,kl_loss_1,2.6895305272191763
0,kl_loss_2,2.476145824883133
0,kl_loss_3,3.069503199774772
0,kl_loss_4,3.0482222409918904
0,kl_loss_5,2.8058471363037825
0,kl_loss_6,3.8314646370708942
0,kl_loss_7,2.4608146576210856
0,kl_loss_8,3.3523608883842826
0,kl_loss_9,2.512179395183921
0,loss,6778.910606384277
1,recon_loss,6661.69181702629
1,kl_loss,20.275877150278244
1,kl_loss_0,1.8578684159687586
1,kl_loss_1,2.0607834070447892
1,kl_loss_2,1.7396919235350594
1,kl_loss_3,1.8823046722109356
1,kl_loss_4,2.3432675997416177
1,kl_loss_5,1.917273375723097
1,kl_loss_6,2.4804688824547663
1,kl_loss_7,1.8839329954177615
1,kl_loss_8,2.287116675149827
1,kl_loss_9,1.8231693052110218
1,loss,6756.976446242559
2,recon_loss,6636.399057539683
2,kl_loss,17.542399921114484
2,kl_loss_0,1.579936943356953
2,kl_loss_1,1.7924462348695784
2,kl_loss_2,1.3522138311749412
2,kl_loss_3,1.5513392459778559
2,kl_loss_4,2.211124442872547
2,kl_loss_5,1.628170123175969
2,kl_loss_6,2.3381261825561523
2,kl_loss_7,1.5726302975700015
2,kl_loss_8,1.9549118034423343
2,kl_loss_9,1.5615008142259386
2,loss,6774.419084821428
3,recon_loss,6627.931625366211
3,kl_loss,16.09811706840992
3,kl_loss_0,1.467579111456871
3,kl_loss_1,1.6800132729113102
3,kl_loss_2,1.172668194398284
3,kl_loss_3,1.3593712523579597
3,kl_loss_4,2.1040067933499813
3,kl_loss_5,1.4857633523643017
3,kl_loss_6,2.3985762633383274
3,kl_loss_7,1.417755687609315
3,kl_loss_8,1.5844972766935825
3,kl_loss_9,1.42788577824831
3,loss,6788.211227416992
4,recon_loss,6652.898135230655
4,kl_loss,15.892661730448404
4,kl_loss_0,1.473800606197781
4,kl_loss_1,1.6828892647273956
4,kl_loss_2,1.165113778341384
4,kl_loss_3,1.2801593693475875
4,kl_loss_4,1.9576247249330794
4,kl_loss_5,1.488198238705832
4,kl_loss_6,2.521018637551202
4,kl_loss_7,1.4062793349462843
4,kl_loss_8,1.508458069392613
4,kl_loss_9,1.4091197006286136
4,loss,6811.824769035218
5,recon_loss,6627.5878673735115
5,kl_loss,15.896276519412087
5,kl_loss_0,1.5088986669267928
5,kl_loss_1,1.6967589382141355
5,kl_loss_2,1.1584805590765817
5,kl_loss_3,1.252874007300725
5,kl_loss_4,1.8156491972151256
5,kl_loss_5,1.4982943572695293
5,kl_loss_6,2.65051635863289
5,kl_loss_7,1.4092202565026661
5,kl_loss_8,1.5032512479358249
5,kl_loss_9,1.4023329227689714
5,loss,6786.550641741072
6,recon_loss,6629.002426147461
6,kl_loss,15.900948837399483
6,kl_loss_0,1.5326753873378038
6,kl_loss_1,1.6958514098078012
6,kl_loss_2,1.1794739197939634
6,kl_loss_3,1.2155248578637838
6,kl_loss_4,1.76928199082613
6,kl_loss_5,1.489153305068612
6,kl_loss_6,2.6629390567541122
6,kl_loss_7,1.428095230832696
6,kl_loss_8,1.5290502738207579
6,kl_loss_9,1.3989034332334995
6,loss,6788.011901855469
7,recon_loss,6626.849756634425
7,kl_loss,16.00555167122493
7,kl_loss_0,1.5715163189267356
7,kl_loss_1,1.7157735010934254
7,kl_loss_2,1.1597173422101945
7,kl_loss_3,1.2047352298857674
7,kl_loss_4,1.7603456292833601
7,kl_loss_5,1.506280091073778
7,kl_loss_6,2.6887873884231324
7,kl_loss_7,1.431962838248601
7,kl_loss_8,1.5593272315131292
7,kl_loss_9,1.4071062159916712
7,loss,6786.905257936508
8,recon_loss,6648.6109948536705
8,kl_loss,15.927068861704024
8,kl_loss_0,1.5947586771041629
8,kl_loss_1,1.7193504382693579
8,kl_loss_2,1.1761055276507424
8,kl_loss_3,1.2052849266264174
8,kl_loss_4,1.7315296672639393
8,kl_loss_5,1.5018293308833288
8,kl_loss_6,2.6583220618111745
8,kl_loss_7,1.4350255500702631
8,kl_loss_8,1.5499169977884444
8,kl_loss_9,1.3549457277570451
8,loss,6807.881673177083
9,recon_loss,6608.899826049805
9,kl_loss,16.10845911502838
9,kl_loss_0,1.6375736705958843
9,kl_loss_1,1.7478302456438541
9,kl_loss_2,1.1843111235648394
9,kl_loss_3,1.201927018351853
9,kl_loss_4,1.7623157445341349
9,kl_loss_5,1.5240498129278421
9,kl_loss_6,2.694294162094593
9,kl_loss_7,1.4532973244786263
9,kl_loss_8,1.5791115164756775
9,kl_loss_9,1.323748541995883
9,loss,6769.984397888184
10,recon_loss,6641.095253596231
10,kl_loss,16.04268641698928
10,kl_loss_0,1.6877659332184565
10,kl_loss_1,1.7495914281360687
10,kl_loss_2,1.1714190074375697
10,kl_loss_3,1.198850149200076
10,kl_loss_4,1.7504058357269046
10,kl_loss_5,1.5041663798074874
10,kl_loss_6,2.660712896831452
10,kl_loss_7,1.4385652788101682
10,kl_loss_8,1.5677602783082023
10,kl_loss_9,1.3134491784232003
10,loss,6801.5221276661705
11,recon_loss,6608.154715401785
11,kl_loss,16.064088170490567
11,kl_loss_0,1.6925723363482763
11,kl_loss_1,1.7446473420612396
11,kl_loss_2,1.1968812488374256
11,kl_loss_3,1.1968973685824682
11,kl_loss_4,1.7531917246561202
11,kl_loss_5,1.48546554550292
11,kl_loss_6,2.6960233317481146
11,kl_loss_7,1.4285399478579324
11,kl_loss_8,1.560390349418398
11,kl_loss_9,1.3094788922203913
11,loss,6768.795572916667
12,recon_loss,6596.076927185059
12,kl_loss,16.18630973994732
12,kl_loss_0,1.7420922480523586
12,kl_loss_1,1.7595984376966953
12,kl_loss_2,1.1762184984982014
12,kl_loss_3,1.2156744487583637
12,kl_loss_4,1.7491020504385233
12,kl_loss_5,1.5027097929269075
12,kl_loss_6,2.690511640161276
12,kl_loss_7,1.46622465364635
12,kl_loss_8,1.5753813721239567
12,kl_loss_9,1.3087967410683632
12,loss,6757.940032958984
13,recon_loss,6626.082085503473
13,kl_loss,16.168885670011004
13,kl_loss_0,1.733365471400912
13,kl_loss_1,1.7656493489704435
13,kl_loss_2,1.1983458863364325
13,kl_loss_3,1.1970201579351274
13,kl_loss_4,1.762166768785507
13,kl_loss_5,1.4724232620663114
13,kl_loss_6,2.6695184631953164
13,kl_loss_7,1.4575240006522527
13,kl_loss_8,1.5897848795330713
13,kl_loss_9,1.3230874727642725
13,loss,6787.770941840277
14,recon_loss,6585.161334325397
14,kl_loss,16.202364966982888
14,kl_loss_0,1.768256085259574
14,kl_loss_1,1.745157385629321
14,kl_loss_2,1.1900641908721319
14,kl_loss_3,1.1988332858161321
14,kl_loss_4,1.7512333828305442
14,kl_loss_5,1.4757042536659846
14,kl_loss_6,2.702550725331382
14,kl_loss_7,1.463782789215209
14,kl_loss_8,1.5998645169394357
14,kl_loss_9,1.3069183353393796
14,loss,6747.185004340277
15,recon_loss,6600.764457702637
15,kl_loss,16.19501458108425
15,kl_loss_0,1.797305142506957
15,kl_loss_1,1.7716695610433817
15,kl_loss_2,1.187327766790986
15,kl_loss_3,1.1900501511991024
15,kl_loss_4,1.764955036342144
15,kl_loss_5,1.4797641653567553
15,kl_loss_6,2.6951665952801704
15,kl_loss_7,1.457048187032342
15,kl_loss_8,1.5730461105704308
15,kl_loss_9,1.2786818407475948
15,loss,6762.714576721191
16,recon_loss,6585.63142516121
16,kl_loss,16.29351737007262
16,kl_loss_0,1.7994889834570507
16,kl_loss_1,1.7728837671734037
16,kl_loss_2,1.2100195279197088
16,kl_loss_3,1.213029148086669
16,kl_loss_4,1.7813292949918718
16,kl_loss_5,1.4594709154159304
16,kl_loss_6,2.702832604211474
16,kl_loss_7,1.4702505327406383
16,kl_loss_8,1.5569370966109017
16,kl_loss_9,1.3272756281353177
16,loss,6748.566600012401
17,recon_loss,6613.673828125
17,kl_loss,16.169939828297448
17,kl_loss_0,1.77486671152569
17,kl_loss_1,1.742192094288175
17,kl_loss_2,1.1883538828955755
17,kl_loss_3,1.2111126203385612
17,kl_loss_4,1.7701287193903847
17,kl_loss_5,1.4546815932743133
17,kl_loss_6,2.699409594611516
17,kl_loss_7,1.4593755801518757
17,kl_loss_8,1.5670257087737796
17,kl_loss_9,1.3027933268319993
17,loss,6775.373225136409
18,recon_loss,6632.957969665527
18,kl_loss,16.16487166285515
18,kl_loss_0,1.809970911592245
18,kl_loss_1,1.7548138312995434
18,kl_loss_2,1.2102374527603388
18,kl_loss_3,1.2005527392029762
18,kl_loss_4,1.743652530014515
18,kl_loss_5,1.4339091908186674
18,kl_loss_6,2.677397847175598
18,kl_loss_7,1.46385501883924
18,kl_loss_8,1.545747822150588
18,kl_loss_9,1.324734317138791
18,loss,6794.6066818237305
19,recon_loss,6610.598260788691
19,kl_loss,16.211678535219225
19,kl_loss_0,1.8224262415416657
19,kl_loss_1,1.7357063142080156
19,kl_loss_2,1.2071010612306141
19,kl_loss_3,1.1927720516447038
19,kl_loss_4,1.7687155216459245
19,kl_loss_5,1.470484739258176
19,kl_loss_6,2.693751622760107
19,kl_loss_7,1.4855781339463734
19,kl_loss_8,1.5413375184649514
19,kl_loss_9,1.2938051886028714
19,loss,6772.715022011409
20,recon_loss,6591.960046192957
20,kl_loss,16.27655501592727
20,kl_loss_0,1.8357930202332755
20,kl_loss_1,1.773018235252017
20,kl_loss_2,1.2054381550304474
20,kl_loss_3,1.2007906720751809
20,kl_loss_4,1.765858778877864
20,kl_loss_5,1.439560123852321
20,kl_loss_6,2.7057231153760637
20,kl_loss_7,1.4849267100530958
20,kl_loss_8,1.5443993731150552
20,kl_loss_9,1.321046861391219
20,loss,6754.7255936879965
21,recon_loss,6609.467346191406
21,kl_loss,16.314914226531982
21,kl_loss_0,1.8499717470258474
21,kl_loss_1,1.7605030592530966
21,kl_loss_2,1.1964863408356905
21,kl_loss_3,1.228402636013925
21,kl_loss_4,1.7628648281097412
21,kl_loss_5,1.4633004013448954
21,kl_loss_6,2.6979668624699116
21,kl_loss_7,1.4853459596633911
21,kl_loss_8,1.5389067512005568
21,kl_loss_9,1.3311657086014748
21,loss,6772.616493225098
22,recon_loss,6615.514578683035
22,kl_loss,16.213040972512864
22,kl_loss_0,1.8367975287967258
22,kl_loss_1,1.7550919585757785
22,kl_loss_2,1.208620131961883
22,kl_loss_3,1.2077314910434542
22,kl_loss_4,1.7616100746487815
22,kl_loss_5,1.4404589316201588
22,kl_loss_6,2.6838304731580944
22,kl_loss_7,1.4518898706587533
22,kl_loss_8,1.528057026484656
22,kl_loss_9,1.3389534552892048
22,loss,6777.644965277777
23,recon_loss,6598.907420324901
23,kl_loss,16.21937456585112
23,kl_loss_0,1.8553102054293193
23,kl_loss_1,1.7725143583994063
23,kl_loss_2,1.187839422907148
23,kl_loss_3,1.1934275173005604
23,kl_loss_4,1.767042188417344
23,kl_loss_5,1.4589681814587305
23,kl_loss_6,2.687189817428589
23,kl_loss_7,1.4769032966522944
23,kl_loss_8,1.5222625089070154
23,kl_loss_9,1.2979170311064947
23,loss,6761.101167224702
24,recon_loss,6617.345083085317
24,kl_loss,16.240316421266588
24,kl_loss_0,1.8398175693693615
24,kl_loss_1,1.7549249690676492
24,kl_loss_2,1.188404589418381
24,kl_loss_3,1.2140651241181388
24,kl_loss_4,1.7514552956535703
24,kl_loss_5,1.4291499720679388
24,kl_loss_6,2.6952733539399647
24,kl_loss_7,1.5027951513017928
24,kl_loss_8,1.522435844890655
24,kl_loss_9,1.341994491834489
24,loss,6779.748256138393
25,recon_loss,6596.684883117676
25,kl_loss,16.37709254026413
25,kl_loss_0,1.8475019745528698
25,kl_loss_1,1.7608741261065006
25,kl_loss_2,1.2047783639281988
25,kl_loss_3,1.22660743445158
25,kl_loss_4,1.7893234137445688
25,kl_loss_5,1.461274003610015
25,kl_loss_6,2.696105722337961
25,kl_loss_7,1.5073422733694315
25,kl_loss_8,1.5272457264363766
25,kl_loss_9,1.3560395669192076
25,loss,6760.4558029174805
26,recon_loss,6573.871334015377
26,kl_loss,16.404146482074072
26,kl_loss_0,1.8629424553068856
26,kl_loss_1,1.7809273193752955
26,kl_loss_2,1.195484391280583
26,kl_loss_3,1.2261006794278584
26,kl_loss_4,1.8026900518508184
26,kl_loss_5,1.4441431666177416
26,kl_loss_6,2.7048986752827964
26,kl_loss_7,1.5129563827363273
26,kl_loss_8,1.5272573270494976
26,kl_loss_9,1.346746223313468
26,loss,6737.912806919643
27,recon_loss,6594.303013392857
27,kl_loss,16.339980927724685
27,kl_loss_0,1.8805465887463282
27,kl_loss_1,1.7452670941277155
27,kl_loss_2,1.204418711246006
27,kl_loss_3,1.2126948152269637
27,kl_loss_4,1.7775638292706202
27,kl_loss_5,1.4549143219751024
27,kl_loss_6,2.6980038370404924
27,kl_loss_7,1.5101011291382804
27,kl_loss_8,1.5069905954693992
27,kl_loss_9,1.349480148345705
27,loss,6757.702822730655
28,recon_loss,6597.440963745117
28,kl_loss,16.348041012883186
28,kl_loss_0,1.866011269390583
28,kl_loss_1,1.770281096920371
28,kl_loss_2,1.2099165357649326
28,kl_loss_3,1.2150626089423895
28,kl_loss_4,1.773368677124381
28,kl_loss_5,1.463268682360649
28,kl_loss_6,2.7023427225649357
28,kl_loss_7,1.493046373128891
28,kl_loss_8,1.502182237803936
28,kl_loss_9,1.3525609374046326
28,loss,6760.9213943481445
29,recon_loss,6600.052525111607
29,kl_loss,16.332909538632347
29,kl_loss_0,1.84386702567812
29,kl_loss_1,1.7881868510019212
29,kl_loss_2,1.2004232520148868
29,kl_loss_3,1.202043993132455
29,kl_loss_4,1.7692663310066101
29,kl_loss_5,1.4650143176790267
29,kl_loss_6,2.703058515276228
29,kl_loss_7,1.5191477007336087
29,kl_loss_8,1.492122517691718
29,kl_loss_9,1.3497790476632496
29,loss,6763.381634424603
30,recon_loss,6594.696079799107
30,kl_loss,16.372103993854825
30,kl_loss_0,1.8580181863572862
30,kl_loss_1,1.7583162462900555
30,kl_loss_2,1.2188453750004844
30,kl_loss_3,1.223553528861394
30,kl_loss_4,1.7949965340750558
30,kl_loss_5,1.4529769988287062
30,kl_loss_6,2.6909521647862027
30,kl_loss_7,1.4864076451649741
30,kl_loss_8,1.518071420609005
30,kl_loss_9,1.3699658636062864
30,loss,6758.417131696428
31,recon_loss,6583.94172668457
31,kl_loss,16.394776225090027
31,kl_loss_0,1.866682305932045
31,kl_loss_1,1.7854555994272232
31,kl_loss_2,1.1925907470285892
31,kl_loss_3,1.224807782098651
31,kl_loss_4,1.7832298539578915
31,kl_loss_5,1.461253933608532
31,kl_loss_6,2.707297556102276
31,kl_loss_7,1.5098216533660889
31,kl_loss_8,1.512359520420432
31,kl_loss_9,1.3512773532420397
31,loss,6747.889495849609
32,recon_loss,6596.357507130457
32,kl_loss,16.34825536939833
32,kl_loss_0,1.8711211321845886
32,kl_loss_1,1.760119188399542
32,kl_loss_2,1.208859296072097
32,kl_loss_3,1.2168196004534524
32,kl_loss_4,1.7896041832272969
32,kl_loss_5,1.4601957892614699
32,kl_loss_6,2.697629145213536
32,kl_loss_7,1.5048410249134851
32,kl_loss_8,1.4886281168650066
32,kl_loss_9,1.3504379041611203
32,loss,6759.840060763889
33,recon_loss,6577.060190352183
33,kl_loss,16.40833028157552
33,kl_loss_0,1.8753212236222767
33,kl_loss_1,1.7473298765364147
33,kl_loss_2,1.2003551986482408
33,kl_loss_3,1.231619019356985
33,kl_loss_4,1.7790493378563532
33,kl_loss_5,1.4745751392273676
33,kl_loss_6,2.7130522917187405
33,kl_loss_7,1.4919018537279158
33,kl_loss_8,1.5394467039713784
33,kl_loss_9,1.3556796142033167
33,loss,6741.143523685516
34,recon_loss,6571.605377197266
34,kl_loss,16.35268247127533
34,kl_loss_0,1.872748501598835
34,kl_loss_1,1.747550269588828
34,kl_loss_2,1.197916105389595
34,kl_loss_3,1.2098281439393759
34,kl_loss_4,1.7944652624428272
34,kl_loss_5,1.4514303784817457
34,kl_loss_6,2.706543955951929
34,kl_loss_7,1.4993900768458843
34,kl_loss_8,1.5025269817560911
34,kl_loss_9,1.3702829014509916
34,loss,6735.132186889648
35,recon_loss,6575.591595362103
35,kl_loss,16.39487614707341
35,kl_loss_0,1.8912793057305473
35,kl_loss_1,1.7353125394336761
35,kl_loss_2,1.209979790543753
35,kl_loss_3,1.2122373675543165
35,kl_loss_4,1.7860609274061898
35,kl_loss_5,1.461908047161405
35,kl_loss_6,2.7105156391386003
35,kl_loss_7,1.5103781639583527
35,kl_loss_8,1.5159915004457747
35,kl_loss_9,1.3612128780001687
35,loss,6739.5403723338295
36,recon_loss,6598.937360491072
36,kl_loss,16.42533773089212
36,kl_loss_0,1.89181701720707
36,kl_loss_1,1.7707032854594882
36,kl_loss_2,1.208986764862424
36,kl_loss_3,1.200924415437002
36,kl_loss_4,1.797879275821504
36,kl_loss_5,1.4678071434535678
36,kl_loss_6,2.6938326850770014
36,kl_loss_7,1.5163694544444009
36,kl_loss_8,1.511507096744719
36,kl_loss_9,1.36551048452892
36,loss,6763.1907629588295
37,recon_loss,6609.68497467041
37,kl_loss,16.43843311071396
37,kl_loss_0,1.8923176061362028
37,kl_loss_1,1.7591805942356586
37,kl_loss_2,1.2045453172177076
37,kl_loss_3,1.2318803649395704
37,kl_loss_4,1.7882123682647943
37,kl_loss_5,1.448082698509097
37,kl_loss_6,2.6874362491071224
37,kl_loss_7,1.5040115620940924
37,kl_loss_8,1.5175604969263077
37,kl_loss_9,1.4052057210355997
37,loss,6774.069320678711
38,recon_loss,6610.478903149801
38,kl_loss,16.4781948119875
38,kl_loss_0,1.8959343187392703
38,kl_loss_1,1.7497620942100647
38,kl_loss_2,1.2191784514321222
38,kl_loss_3,1.2435781880030556
38,kl_loss_4,1.8087176462960621
38,kl_loss_5,1.4752435476060897
38,kl_loss_6,2.686381010782151
38,kl_loss_7,1.4975385230685037
38,kl_loss_8,1.4991779762601096
38,kl_loss_9,1.4026831237096635
38,loss,6775.260842943949
39,recon_loss,6581.942762586806
39,kl_loss,16.564775905911883
39,kl_loss_0,1.9110668235354953
39,kl_loss_1,1.7549382277897425
39,kl_loss_2,1.2390762189077953
39,kl_loss_3,1.2362263126978799
39,kl_loss_4,1.8046810116086687
39,kl_loss_5,1.4657691849602594
39,kl_loss_6,2.711628266743251
39,kl_loss_7,1.53200330053057
39,kl_loss_8,1.5290837628500802
39,kl_loss_9,1.3803027697971888
39,loss,6747.590533544147
40,recon_loss,6585.355354309082
40,kl_loss,16.48136618733406
40,kl_loss_0,1.891037629917264
40,kl_loss_1,1.7531486749649048
40,kl_loss_2,1.2262237295508385
40,kl_loss_3,1.2274038773030043
40,kl_loss_4,1.7909984085708857
40,kl_loss_5,1.4587171338498592
40,kl_loss_6,2.7101971209049225
40,kl_loss_7,1.523704493418336
40,kl_loss_8,1.5068770609796047
40,kl_loss_9,1.3930580094456673
40,loss,6750.169013977051
41,recon_loss,6593.760641431051
41,kl_loss,16.529168310619536
41,kl_loss_0,1.9087466720550779
41,kl_loss_1,1.7739940446520608
41,kl_loss_2,1.2287015195876834
41,kl_loss_3,1.2190997354567996
41,kl_loss_4,1.7985136603552199
41,kl_loss_5,1.460735519727071
41,kl_loss_6,2.7135585678948297
41,kl_loss_7,1.5245346739178611
41,kl_loss_8,1.496038552314516
41,kl_loss_9,1.4052452265270172
41,loss,6759.052346850199
42,recon_loss,6577.37117125496
42,kl_loss,16.46205340491401
42,kl_loss_0,1.8845769677843367
42,kl_loss_1,1.7511484282357352
42,kl_loss_2,1.2287307182947795
42,kl_loss_3,1.2090023983092535
42,kl_loss_4,1.783094156356085
42,kl_loss_5,1.4698990734796675
42,kl_loss_6,2.727146065424359
42,kl_loss_7,1.5171075567366585
42,kl_loss_8,1.490066651314024
42,kl_loss_9,1.4012814627753363
42,loss,6741.991714719742
43,recon_loss,6583.473846435547
43,kl_loss,16.455972343683243
43,kl_loss_0,1.9078296292573214
43,kl_loss_1,1.7517683487385511
43,kl_loss_2,1.2029875796288252
43,kl_loss_3,1.218454509973526
43,kl_loss_4,1.7886861860752106
43,kl_loss_5,1.4394638817757368
43,kl_loss_6,2.7106280811131
43,kl_loss_7,1.5226481407880783
43,kl_loss_8,1.5028578899800777
43,kl_loss_9,1.4106479957699776
43,loss,6748.033576965332
44,recon_loss,6584.6865234375
44,kl_loss,16.59432373349629
44,kl_loss_0,1.913185443196978
44,kl_loss_1,1.763333763395037
44,kl_loss_2,1.258861503903828
44,kl_loss_3,1.2430430215502541
44,kl_loss_4,1.81847712161049
44,kl_loss_5,1.4541701494701325
44,kl_loss_6,2.7064713523501442
44,kl_loss_7,1.5161273668682764
44,kl_loss_8,1.5147114632621643
44,kl_loss_9,1.4059425270746624
44,loss,6750.629743303572
45,recon_loss,6579.919216579861
45,kl_loss,16.49531662653363
45,kl_loss_0,1.8931276287351335
45,kl_loss_1,1.7588711806706019
45,kl_loss_2,1.2223525387900216
45,kl_loss_3,1.2264969519206457
45,kl_loss_4,1.8020852728495522
45,kl_loss_5,1.4782243512925648
45,kl_loss_6,2.6993021662273105
45,kl_loss_7,1.5273271704476976
45,kl_loss_8,1.4921418863629539
45,kl_loss_9,1.395387501943679
45,loss,6744.872372581845
46,recon_loss,6590.835632324219
46,kl_loss,16.496700048446655
46,kl_loss_0,1.8974976725876331
46,kl_loss_1,1.7580962851643562
46,kl_loss_2,1.2237467942759395
46,kl_loss_3,1.2291887365281582
46,kl_loss_4,1.8222784530371428
46,kl_loss_5,1.4779265020042658
46,kl_loss_6,2.6851813942193985
46,kl_loss_7,1.5133016854524612
46,kl_loss_8,1.49804818443954
46,kl_loss_9,1.3914342671632767
46,loss,6755.802658081055
47,recon_loss,6571.445242745535
47,kl_loss,16.55020604814802
47,kl_loss_0,1.8988488042165363
47,kl_loss_1,1.7586238705922688
47,kl_loss_2,1.2382058151184567
47,kl_loss_3,1.2339219630710663
47,kl_loss_4,1.8213828461510795
47,kl_loss_5,1.459895372390747
47,kl_loss_6,2.7138109812660822
47,kl_loss_7,1.528091001132178
47,kl_loss_8,1.4830816208370148
47,kl_loss_9,1.4143438528454493
47,loss,6736.947335379465
48,recon_loss,6559.560112847223
48,kl_loss,16.518020796397376
48,kl_loss_0,1.9018158439605954
48,kl_loss_1,1.7451217515128
48,kl_loss_2,1.2101981024893502
48,kl_loss_3,1.2425555653042264
48,kl_loss_4,1.8234186721226526
48,kl_loss_5,1.4515192338398524
48,kl_loss_6,2.7014245457119412
48,kl_loss_7,1.5160324478906297
48,kl_loss_8,1.4961204112522186
48,kl_loss_9,1.4298141532474093
48,loss,6724.740296378968
49,recon_loss,6584.357964409723
49,kl_loss,16.51294337378608
49,kl_loss_0,1.9102740912210374
49,kl_loss_1,1.7511270897729057
49,kl_loss_2,1.2240692358168344
49,kl_loss_3,1.2132058484213692
49,kl_loss_4,1.8075713392287966
49,kl_loss_5,1.471620211525569
49,kl_loss_6,2.708794639224098
49,kl_loss_7,1.5210877051429144
49,kl_loss_8,1.4905649461443462
49,kl_loss_9,1.4146281707854498
49,loss,6749.487405443949
50,recon_loss,6583.987449645996
50,kl_loss,16.549960181117058
50,kl_loss_0,1.9061338994652033
50,kl_loss_1,1.7537937723100185
50,kl_loss_2,1.225375832989812
50,kl_loss_3,1.23474794998765
50,kl_loss_4,1.8168407827615738
50,kl_loss_5,1.4605034049600363
50,kl_loss_6,2.7044928334653378
50,kl_loss_7,1.494619781151414
50,kl_loss_8,1.5268051978200674
50,kl_loss_9,1.4266468863934278
50,loss,6749.487060546875
51,recon_loss,6585.292759486607
51,kl_loss,16.51156505705818
51,kl_loss_0,1.9214181786491757
51,kl_loss_1,1.7339846160676744
51,kl_loss_2,1.2166839819105844
51,kl_loss_3,1.2205109227271307
51,kl_loss_4,1.8369360708055043
51,kl_loss_5,1.4642248342907618
51,kl_loss_6,2.7014801918514193
51,kl_loss_7,1.5081972451437087
51,kl_loss_8,1.4983974335685608
51,kl_loss_9,1.409731556498815
51,loss,6750.408412388393
52,recon_loss,6582.912636408731
52,kl_loss,16.551129840669176
52,kl_loss_0,1.9065016659479292
52,kl_loss_1,1.7443989401771909
52,kl_loss_2,1.2313985010934254
52,kl_loss_3,1.2370391573224748
52,kl_loss_4,1.810006440631927
52,kl_loss_5,1.4756732270831154
52,kl_loss_6,2.7093778337751115
52,kl_loss_7,1.5261202028819494
52,kl_loss_8,1.4976558515003748
52,kl_loss_9,1.4129580448544214
52,loss,6748.423913380457
53,recon_loss,6560.388580322266
53,kl_loss,16.54753690958023
53,kl_loss_0,1.9176158756017685
53,kl_loss_1,1.7438809555023909
53,kl_loss_2,1.2057357002049685
53,kl_loss_3,1.2335244044661522
53,kl_loss_4,1.839413359761238
53,kl_loss_5,1.4462822154164314
53,kl_loss_6,2.705315575003624
53,kl_loss_7,1.5168067011982203
53,kl_loss_8,1.5096616726368666
53,kl_loss_9,1.4293003287166357
53,loss,6725.863952636719
54,recon_loss,6607.834054129465
54,kl_loss,16.528146804325164
54,kl_loss_0,1.9110067477301946
54,kl_loss_1,1.7356850968466864
54,kl_loss_2,1.2257751548101032
54,kl_loss_3,1.216103854633513
54,kl_loss_4,1.8140823065288483
54,kl_loss_5,1.4706397529632327
54,kl_loss_6,2.6957046417962935
54,kl_loss_7,1.5448311775449723
54,kl_loss_8,1.4864846354439145
54,kl_loss_9,1.427833420889718
54,loss,6773.115505642361
55,recon_loss,6553.948490203373
55,kl_loss,16.558090648953876
55,kl_loss_0,1.9070617793098328
55,kl_loss_1,1.736411141970801
55,kl_loss_2,1.2212059270767939
55,kl_loss_3,1.2381857907961284
55,kl_loss_4,1.8238612167418948
55,kl_loss_5,1.4665520380413721
55,kl_loss_6,2.7193902901240756
55,kl_loss_7,1.5207376688245744
55,kl_loss_8,1.4946828437229944
55,kl_loss_9,1.4300020270877414
55,loss,6719.529382130457
56,recon_loss,6589.474136352539
56,kl_loss,16.649030059576035
56,kl_loss_0,1.9134073834866285
56,kl_loss_1,1.747733747586608
56,kl_loss_2,1.2372352946549654
56,kl_loss_3,1.2506121583282948
56,kl_loss_4,1.8364248964935541
56,kl_loss_5,1.4970475938171148
56,kl_loss_6,2.689233671873808
56,kl_loss_7,1.5112829525023699
56,kl_loss_8,1.5152558237314224
56,kl_loss_9,1.4507963564246893
56,loss,6755.96443939209
57,recon_loss,6621.1767810639885
57,kl_loss,16.493946620396205
57,kl_loss_0,1.9167111941746302
57,kl_loss_1,1.7343923572510007
57,kl_loss_2,1.2382581044757177
57,kl_loss_3,1.2110626924605596
57,kl_loss_4,1.8059498620411707
57,kl_loss_5,1.4680952439232478
57,kl_loss_6,2.6804694675263905
57,kl_loss_7,1.5138704000957428
57,kl_loss_8,1.4874463478724163
57,kl_loss_9,1.4376908711024694
57,loss,6786.116257440476
58,recon_loss,6568.305842323909
58,kl_loss,16.535162895444838
58,kl_loss_0,1.9198726169646732
58,kl_loss_1,1.7568606005774603
58,kl_loss_2,1.2093466312166243
58,kl_loss_3,1.2106705572870042
58,kl_loss_4,1.8241086517061507
58,kl_loss_5,1.474187069469028
58,kl_loss_6,2.7234837630438427
58,kl_loss_7,1.5182713610785348
58,kl_loss_8,1.4999215924550617
58,kl_loss_9,1.3984399295988537
58,loss,6733.657497829861
59,recon_loss,6590.950836181641
59,kl_loss,16.637861669063568
59,kl_loss_0,1.9180718939751387
59,kl_loss_1,1.7508073467761278
59,kl_loss_2,1.2250437401235104
59,kl_loss_3,1.2434473931789398
59,kl_loss_4,1.8227421157062054
59,kl_loss_5,1.475521357730031
59,kl_loss_6,2.7085283398628235
59,kl_loss_7,1.5303582474589348
59,kl_loss_8,1.5352138541638851
59,kl_loss_9,1.4281274024397135
59,loss,6757.329444885254
60,recon_loss,6575.828256758433
60,kl_loss,16.68381955888536
60,kl_loss_0,1.9142372210820515
60,kl_loss_1,1.7422617144054837
60,kl_loss_2,1.255835323106675
60,kl_loss_3,1.239868020254468
60,kl_loss_4,1.8485254030379037
60,kl_loss_5,1.4824598970867338
60,kl_loss_6,2.7083098623487682
60,kl_loss_7,1.5477418540016052
60,kl_loss_8,1.511008130179511
60,kl_loss_9,1.4335721655497475
60,loss,6742.666457403274
61,recon_loss,6575.026568700397
61,kl_loss,16.65078892783513
61,kl_loss_0,1.9128802863378374
61,kl_loss_1,1.7301846383109925
61,kl_loss_2,1.2400680818254985
61,kl_loss_3,1.2372596982925657
61,kl_loss_4,1.839263673812624
61,kl_loss_5,1.5033903046259804
61,kl_loss_6,2.7094483489081975
61,kl_loss_7,1.5273295603101216
61,kl_loss_8,1.491414331254505
61,kl_loss_9,1.4595499909113323
61,loss,6741.534474206349
62,recon_loss,6603.409324645996
62,kl_loss,16.60080522298813
62,kl_loss_0,1.9355200175195932
62,kl_loss_1,1.7246291302144527
62,kl_loss_2,1.2509507555514574
62,kl_loss_3,1.2243814803659916
62,kl_loss_4,1.850064441561699
62,kl_loss_5,1.4515826143324375
62,kl_loss_6,2.6872682832181454
62,kl_loss_7,1.5247440170496702
62,kl_loss_8,1.5120582804083824
62,kl_loss_9,1.4396062269806862
62,loss,6769.417381286621
63,recon_loss,6579.330473400298
63,kl_loss,16.625168361361066
63,kl_loss_0,1.9107433216912406
63,kl_loss_1,1.7620659063732813
63,kl_loss_2,1.2510640280587333
63,kl_loss_3,1.2373534791053287
63,kl_loss_4,1.827004243457128
63,kl_loss_5,1.495096834879073
63,kl_loss_6,2.708510845426529
63,kl_loss_7,1.496851673201909
63,kl_loss_8,1.5052965198244368
63,kl_loss_9,1.4311816257143777
63,loss,6745.582170758928
64,recon_loss,6576.156149243551
64,kl_loss,16.71363944099063
64,kl_loss_0,1.9220142648333596
64,kl_loss_1,1.7565351232649788
64,kl_loss_2,1.2455576544716245
64,kl_loss_3,1.2313277115897527
64,kl_loss_4,1.852234683339558
64,kl_loss_5,1.4870337039705306
64,kl_loss_6,2.7171589911930143
64,kl_loss_7,1.5157910434026567
64,kl_loss_8,1.5328220677754236
64,kl_loss_9,1.4531642652693249
64,loss,6743.292542472718
65,recon_loss,6575.019203186035
65,kl_loss,16.667905911803246
65,kl_loss_0,1.924495868384838
65,kl_loss_1,1.7397483848035336
65,kl_loss_2,1.2275551240891218
65,kl_loss_3,1.2437796238809824
65,kl_loss_4,1.8655385319143534
65,kl_loss_5,1.480709321796894
65,kl_loss_6,2.708684228360653
65,kl_loss_7,1.5413795784115791
65,kl_loss_8,1.4910766780376434
65,kl_loss_9,1.4449384473264217
65,loss,6741.6982421875
66,recon_loss,6596.334999689981
66,kl_loss,16.627952757335844
66,kl_loss_0,1.9259696933958266
66,kl_loss_1,1.7151360776689317
66,kl_loss_2,1.2559475198624626
66,kl_loss_3,1.2150519026650324
66,kl_loss_4,1.8743430300364419
66,kl_loss_5,1.4766454885876368
66,kl_loss_6,2.6987806728907993
66,kl_loss_7,1.5153993160005599
66,kl_loss_8,1.4938892901889862
66,kl_loss_9,1.4567897565781125
66,loss,6762.614498077877
67,recon_loss,6567.404149615575
67,kl_loss,16.55824462951176
67,kl_loss_0,1.9102754327985976
67,kl_loss_1,1.7089321007804266
67,kl_loss_2,1.221342332779415
67,kl_loss_3,1.2307194263216048
67,kl_loss_4,1.829612650568523
67,kl_loss_5,1.4796923512504214
67,kl_loss_6,2.7171549721369668
67,kl_loss_7,1.535374749274481
67,kl_loss_8,1.4893511779724606
67,kl_loss_9,1.4357892823597742
67,loss,6732.986576140873
68,recon_loss,6600.052375793457
68,kl_loss,16.519402220845222
68,kl_loss_0,1.9128592982888222
68,kl_loss_1,1.7111555710434914
68,kl_loss_2,1.2327247355133295
68,kl_loss_3,1.2175259944051504
68,kl_loss_4,1.8194041606038809
68,kl_loss_5,1.475974591448903
68,kl_loss_6,2.7049389891326427
68,kl_loss_7,1.5144572332501411
68,kl_loss_8,1.5057620108127594
68,kl_loss_9,1.4245995413511992
68,loss,6765.246406555176
69,recon_loss,6559.716393849207
69,kl_loss,16.65557656969343
69,kl_loss_0,1.9252367341329182
69,kl_loss_1,1.7271219908245026
69,kl_loss_2,1.2486511941940066
69,kl_loss_3,1.242606967214554
69,kl_loss_4,1.833768437779139
69,kl_loss_5,1.4828192695738778
69,kl_loss_6,2.71137489591326
69,kl_loss_7,1.5378192057685247
69,kl_loss_8,1.5065163809155662
69,kl_loss_9,1.4396615141914004
69,loss,6726.272166418651
70,recon_loss,6559.956263950893
70,kl_loss,16.74806830996559
70,kl_loss_0,1.9336947089149839
70,kl_loss_1,1.714559138767303
70,kl_loss_2,1.2418367616713992
70,kl_loss_3,1.2554228759947277
70,kl_loss_4,1.8779701070180015
70,kl_loss_5,1.489283353563339
70,kl_loss_6,2.728499798547654
70,kl_loss_7,1.5518541922644964
70,kl_loss_8,1.496285188765753
70,kl_loss_9,1.4586623244815402
70,loss,6727.436910962301
71,recon_loss,6581.34659576416
71,kl_loss,16.637667268514633
71,kl_loss_0,1.921031603589654
71,kl_loss_1,1.7255371641367674
71,kl_loss_2,1.2483625439926982
71,kl_loss_3,1.2322288397699594
71,kl_loss_4,1.8414294514805079
71,kl_loss_5,1.4534468688070774
71,kl_loss_6,2.7148787193000317
71,kl_loss_7,1.5255506206303835
71,kl_loss_8,1.4926092121750116
71,kl_loss_9,1.4825922921299934
71,loss,6747.723251342773
72,recon_loss,6586.8538333953375
72,kl_loss,16.64581808968196
72,kl_loss_0,1.937234254110427
72,kl_loss_1,1.7347960150431072
72,kl_loss_2,1.2332547903060913
72,kl_loss_3,1.228354327262394
72,kl_loss_4,1.8775788999739147
72,kl_loss_5,1.4625813241988894
72,kl_loss_6,2.7166021816314214
72,kl_loss_7,1.5364803075790405
72,kl_loss_8,1.4828605481556483
72,kl_loss_9,1.436075244631086
72,loss,6753.3120039682535
73,recon_loss,6563.637873573909
73,kl_loss,16.654542726183696
73,kl_loss_0,1.9341173891037229
73,kl_loss_1,1.729050079981486
73,kl_loss_2,1.2394366472486467
73,kl_loss_3,1.2511100362217615
73,kl_loss_4,1.856455373385596
73,kl_loss_5,1.4870183600319757
73,kl_loss_6,2.7096908849383157
73,kl_loss_7,1.5220859296738156
73,kl_loss_8,1.506750473900447
73,kl_loss_9,1.4188274674945407
73,loss,6730.183306981647
74,recon_loss,6563.922673301091
74,kl_loss,16.72594258141896
74,kl_loss_0,1.941988952576168
74,kl_loss_1,1.737014855657305
74,kl_loss_2,1.2292543763206119
74,kl_loss_3,1.253189240183149
74,kl_loss_4,1.8576817815265958
74,kl_loss_5,1.4766712756383986
74,kl_loss_6,2.7140937646230063
74,kl_loss_7,1.525481312993973
74,kl_loss_8,1.5127440747760592
74,kl_loss_9,1.477823017135499
74,loss,6731.1821211557535
75,recon_loss,6578.584609985352
75,kl_loss,16.64080485701561
75,kl_loss_0,1.9395456593483686
75,kl_loss_1,1.694863410666585
75,kl_loss_2,1.219854879193008
75,kl_loss_3,1.2457992434501648
75,kl_loss_4,1.8680035341531038
75,kl_loss_5,1.4824495911598206
75,kl_loss_6,2.715510856360197
75,kl_loss_7,1.515505250543356
75,kl_loss_8,1.5031662080436945
75,kl_loss_9,1.4561062641441822
75,loss,6744.992713928223
76,recon_loss,6589.388772631449
76,kl_loss,16.623443285624187
76,kl_loss_0,1.9219005599854484
76,kl_loss_1,1.7325552247819447
76,kl_loss_2,1.2121595030739194
76,kl_loss_3,1.2254481703516036
76,kl_loss_4,1.8560540505817957
76,kl_loss_5,1.4772248741180178
76,kl_loss_6,2.7056613876706077
76,kl_loss_7,1.5327989733408367
76,kl_loss_8,1.4883622063530817
76,kl_loss_9,1.471278360911778
76,loss,6755.623240637401
77,recon_loss,6589.962123325893
77,kl_loss,16.668311315869527
77,kl_loss_0,1.937134863838317
77,kl_loss_1,1.7239463972666906
77,kl_loss_2,1.2377170655462477
77,kl_loss_3,1.2457583953463842
77,kl_loss_4,1.86940640494937
77,kl_loss_5,1.4717176149761866
77,kl_loss_6,2.700658854984102
77,kl_loss_7,1.5231812435483176
77,kl_loss_8,1.5069271117921859
77,kl_loss_9,1.451863442148481
77,loss,6756.645228794643
78,recon_loss,6591.465911865234
78,kl_loss,16.679824352264404
78,kl_loss_0,1.9309135749936104
78,kl_loss_1,1.717986036092043
78,kl_loss_2,1.2434906121343374
78,kl_loss_3,1.2317865043878555
78,kl_loss_4,1.858403166756034
78,kl_loss_5,1.484518202021718
78,kl_loss_6,2.7081464417278767
78,kl_loss_7,1.5413723420351744
78,kl_loss_8,1.4885559510439634
78,kl_loss_9,1.4746515713632107
78,loss,6758.2641677856445
79,recon_loss,6589.070165240575
79,kl_loss,16.649627836923752
79,kl_loss_0,1.913704173905509
79,kl_loss_1,1.725026149598379
79,kl_loss_2,1.2369437123101854
79,kl_loss_3,1.2473444484529042
79,kl_loss_4,1.852148828052339
79,kl_loss_5,1.4768213752716306
79,kl_loss_6,2.7093826210688032
79,kl_loss_7,1.5387780817728194
79,kl_loss_8,1.4782312332637726
79,kl_loss_9,1.4712471602455017
79,loss,6755.566468253968
80,recon_loss,6604.615536644345
80,kl_loss,16.629783690921844
80,kl_loss_0,1.9450946894903032
80,kl_loss_1,1.7079682690756661
80,kl_loss_2,1.2412325919620575
80,kl_loss_3,1.2257993278049288
80,kl_loss_4,1.8263566910274445
80,kl_loss_5,1.4799804592889452
80,kl_loss_6,2.6910554340907504
80,kl_loss_7,1.5362864448910667
80,kl_loss_8,1.507722534830608
80,kl_loss_9,1.4682872371068076
80,loss,6770.9134037078375
81,recon_loss,6552.46443939209
81,kl_loss,16.68140399456024
81,kl_loss_0,1.933923739939928
81,kl_loss_1,1.718198761343956
81,kl_loss_2,1.2426282186061144
81,kl_loss_3,1.2093884348869324
81,kl_loss_4,1.868135653436184
81,kl_loss_5,1.475171184167266
81,kl_loss_6,2.7315817400813103
81,kl_loss_7,1.52453226223588
81,kl_loss_8,1.5078902840614319
81,kl_loss_9,1.469953564926982
81,loss,6719.278472900391
82,recon_loss,6565.598036024306
82,kl_loss,16.696448129320903
82,kl_loss_0,1.9229625879772125
82,kl_loss_1,1.6816076418710133
82,kl_loss_2,1.2517244058942039
82,kl_loss_3,1.2579510401165674
82,kl_loss_4,1.8677804280841162
82,kl_loss_5,1.5048876773743403
82,kl_loss_6,2.708389955853659
82,kl_loss_7,1.5213964685561165
82,kl_loss_8,1.491496067198496
82,kl_loss_9,1.4882518317964342
82,loss,6732.562515500992
83,recon_loss,6587.5591052827385
83,kl_loss,16.67037122211759
83,kl_loss_0,1.9294598632388644
83,kl_loss_1,1.7168891278524248
83,kl_loss_2,1.2480536756061373
83,kl_loss_3,1.2310900726015606
83,kl_loss_4,1.8581416379837763
83,kl_loss_5,1.4752771286737352
83,kl_loss_6,2.701108663801163
83,kl_loss_7,1.5262181853491164
83,kl_loss_8,1.5115799374050565
83,kl_loss_9,1.4725530412462022
83,loss,6754.262796068949
84,recon_loss,6563.798538208008
84,kl_loss,16.624745160341263
84,kl_loss_0,1.923014210537076
84,kl_loss_1,1.6988425850868225
84,kl_loss_2,1.2424221746623516
84,kl_loss_3,1.2169674430042505
84,kl_loss_4,1.8297201562672853
84,kl_loss_5,1.4949892181903124
84,kl_loss_6,2.709366951137781
84,kl_loss_7,1.5286825299263
84,kl_loss_8,1.5014630388468504
84,kl_loss_9,1.4792767278850079
84,loss,6730.045989990234
85,recon_loss,6597.083379836309
85,kl_loss,16.584013045780242
85,kl_loss_0,1.933226564573863
85,kl_loss_1,1.6934469692290774
85,kl_loss_2,1.2274163450513567
85,kl_loss_3,1.2290614559536888
85,kl_loss_4,1.8316089047325983
85,kl_loss_5,1.4769518924137903
85,kl_loss_6,2.691617628884694
85,kl_loss_7,1.546146277397398
85,kl_loss_8,1.486613116567097
85,kl_loss_9,1.4679239572040619
85,loss,6762.9235103546625
86,recon_loss,6581.201745411707
86,kl_loss,16.640235991705033
86,kl_loss_0,1.9331136109336975
86,kl_loss_1,1.689682714522831
86,kl_loss_2,1.2301333575021653
86,kl_loss_3,1.2256680954070318
86,kl_loss_4,1.856796660120525
86,kl_loss_5,1.4921214315626357
86,kl_loss_6,2.710800151976328
86,kl_loss_7,1.5241235286470443
86,kl_loss_8,1.4999567516266354
86,kl_loss_9,1.4778397688789973
86,loss,6747.604089161707
87,recon_loss,6558.86589050293
87,kl_loss,16.82526384294033
87,kl_loss_0,1.940306542441249
87,kl_loss_1,1.717860460281372
87,kl_loss_2,1.2630619443953037
87,kl_loss_3,1.2470547752454877
87,kl_loss_4,1.8808712530881166
87,kl_loss_5,1.4988962169736624
87,kl_loss_6,2.721710678189993
87,kl_loss_7,1.5478327181190252
87,kl_loss_8,1.5203652828931808
87,kl_loss_9,1.4873039536178112
87,loss,6727.1185302734375
88,recon_loss,6554.923611111111
88,kl_loss,16.63348270597912
88,kl_loss_0,1.9329176327538868
88,kl_loss_1,1.713590972007267
88,kl_loss_2,1.237355665555076
88,kl_loss_3,1.2363085954908342
88,kl_loss_4,1.8517915672726102
88,kl_loss_5,1.4692694705630105
88,kl_loss_6,2.7179263167911105
88,kl_loss_7,1.542954827111865
88,kl_loss_8,1.4853800005382962
88,kl_loss_9,1.4459876957393827
88,loss,6721.2584557911705
89,recon_loss,6588.786458333333
89,kl_loss,16.641337879120357
89,kl_loss_0,1.9270158495221819
89,kl_loss_1,1.709224610101609
89,kl_loss_2,1.2470866914779422
89,kl_loss_3,1.2436542927272736
89,kl_loss_4,1.839845685731797
89,kl_loss_5,1.4751275815660991
89,kl_loss_6,2.701430525098528
89,kl_loss_7,1.5356109993798392
89,kl_loss_8,1.501130187322223
89,kl_loss_9,1.46121160756974
89,loss,6755.199831039186
90,recon_loss,6576.491905212402
90,kl_loss,16.78407357633114
90,kl_loss_0,1.9665929321199656
90,kl_loss_1,1.7131900489330292
90,kl_loss_2,1.2425932921469212
90,kl_loss_3,1.2689194399863482
90,kl_loss_4,1.85938904248178
90,kl_loss_5,1.479080295190215
90,kl_loss_6,2.709670417010784
90,kl_loss_7,1.5329231005162
90,kl_loss_8,1.5276888739317656
90,kl_loss_9,1.4840261358767748
90,loss,6744.3326416015625
91,recon_loss,6563.2423425099205
91,kl_loss,16.825130038791233
91,kl_loss_0,1.969605042820885
91,kl_loss_1,1.6890851467374772
91,kl_loss_2,1.248308361522735
91,kl_loss_3,1.273016575783018
91,kl_loss_4,1.881838666068183
91,kl_loss_5,1.5020589374360585
91,kl_loss_6,2.7211971699245394
91,kl_loss_7,1.538756597609747
91,kl_loss_8,1.4922718793626815
91,kl_loss_9,1.5089915877296811
91,loss,6731.493683345734
92,recon_loss,6568.508138020833
92,kl_loss,16.7803467039078
92,kl_loss_0,1.93554721559797
92,kl_loss_1,1.7105352537972587
92,kl_loss_2,1.2581943935818143
92,kl_loss_3,1.2556985039559623
92,kl_loss_4,1.8628573890716311
92,kl_loss_5,1.4986486283559648
92,kl_loss_6,2.7091604792882524
92,kl_loss_7,1.5417194953040472
92,kl_loss_8,1.5132024061112177
92,kl_loss_9,1.494782839502607
92,loss,6736.311593191965
93,recon_loss,6559.862731933594
93,kl_loss,16.68282987177372
93,kl_loss_0,1.9263286385685205
93,kl_loss_1,1.705299325287342
93,kl_loss_2,1.2407914251089096
93,kl_loss_3,1.2262961938977242
93,kl_loss_4,1.859204737469554
93,kl_loss_5,1.4699476342648268
93,kl_loss_6,2.720723979175091
93,kl_loss_7,1.545313250273466
93,kl_loss_8,1.5091363973915577
93,kl_loss_9,1.4797883946448565
93,loss,6726.6910400390625
94,recon_loss,6583.294340587798
94,kl_loss,16.744133676801408
94,kl_loss_0,1.930003151061043
94,kl_loss_1,1.7110990834614588
94,kl_loss_2,1.2489623228708904
94,kl_loss_3,1.2444381543568201
94,kl_loss_4,1.8717164009336442
94,kl_loss_5,1.4766723598752702
94,kl_loss_6,2.7077599366505942
94,kl_loss_7,1.5455849814036535
94,kl_loss_8,1.5077915078117734
94,kl_loss_9,1.5001058294659568
94,loss,6750.735677083333
95,recon_loss,6596.032815600199
95,kl_loss,16.618432029845223
95,kl_loss_0,1.9453661782400948
95,kl_loss_1,1.677202444227915
95,kl_loss_2,1.2373155960960993
95,kl_loss_3,1.2436538045368497
95,kl_loss_4,1.8562568766730172
95,kl_loss_5,1.461392567271278
95,kl_loss_6,2.6936179834698875
95,kl_loss_7,1.544605262695797
95,kl_loss_8,1.5002723175381858
95,kl_loss_9,1.4587488723179651
95,loss,6762.217122395833
96,recon_loss,6571.417213439941
96,kl_loss,16.72907891869545
96,kl_loss_0,1.962766608223319
96,kl_loss_1,1.6892809625715017
96,kl_loss_2,1.2537638172507286
96,kl_loss_3,1.2309302054345608
96,kl_loss_4,1.866593649610877
96,kl_loss_5,1.4729604981839657
96,kl_loss_6,2.7047760859131813
96,kl_loss_7,1.541683817282319
96,kl_loss_8,1.5134906731545925
96,kl_loss_9,1.4928324595093727
96,loss,6738.7080001831055
97,recon_loss,6585.787388392857
97,kl_loss,16.677461215427943
97,kl_loss_0,1.9380086509008256
97,kl_loss_1,1.6783610979715984
97,kl_loss_2,1.2470821804470487
97,kl_loss_3,1.2292543119854398
97,kl_loss_4,1.856977038913303
97,kl_loss_5,1.4815015319793943
97,kl_loss_6,2.7132245018368675
97,kl_loss_7,1.5465039752778553
97,kl_loss_8,1.5116332920770796
97,kl_loss_9,1.4749146964814928
97,loss,6752.5619884672615
98,recon_loss,6586.693731398809
98,kl_loss,16.687687616499645
98,kl_loss_0,1.9208470582962036
98,kl_loss_1,1.7026465563547044
98,kl_loss_2,1.246929689059182
98,kl_loss_3,1.2562393233889626
98,kl_loss_4,1.8775610772390214
98,kl_loss_5,1.4859033917623854
98,kl_loss_6,2.722069993851677
98,kl_loss_7,1.5066800495934864
98,kl_loss_8,1.506088796116057
98,kl_loss_9,1.4627216997600736
98,loss,6753.570622519841
99,recon_loss,6579.873899429564
99,kl_loss,16.61979202997117
99,kl_loss_0,1.921247266587757
99,kl_loss_1,1.6811013221740723
99,kl_loss_2,1.2350440517304435
99,kl_loss_3,1.2400823831558228
99,kl_loss_4,1.8810842112889365
99,kl_loss_5,1.4907699331404671
99,kl_loss_6,2.7012319754040433
99,kl_loss_7,1.5338970025380452
99,kl_loss_8,1.471921027652801
99,kl_loss_9,1.463412911172897
99,loss,6746.071792844742
100,recon_loss,6563.21492767334
100,kl_loss,16.748177081346512
100,kl_loss_0,1.9406323060393333
100,kl_loss_1,1.6899454426020384
100,kl_loss_2,1.2471733950078487
100,kl_loss_3,1.2370671443641186
100,kl_loss_4,1.869126858189702
100,kl_loss_5,1.4780375007539988
100,kl_loss_6,2.7198931016027927
100,kl_loss_7,1.5323910005390644
100,kl_loss_8,1.517969898879528
100,kl_loss_9,1.51594047434628
100,loss,6730.696685791016
101,recon_loss,6574.83796812996
101,kl_loss,16.807487518068346
101,kl_loss_0,1.95005284415351
101,kl_loss_1,1.7002056212652297
101,kl_loss_2,1.255072555844746
101,kl_loss_3,1.2659373113087244
101,kl_loss_4,1.8822086103378781
101,kl_loss_5,1.4960320204023332
101,kl_loss_6,2.689740256657676
101,kl_loss_7,1.5377602861041115
101,kl_loss_8,1.5099257079381792
101,kl_loss_9,1.5205524005587139
101,loss,6742.912845672123
102,recon_loss,6572.671634734623
102,kl_loss,16.73138831910633
102,kl_loss_0,1.9434084608441307
102,kl_loss_1,1.7117446698839702
102,kl_loss_2,1.2360990936793979
102,kl_loss_3,1.2457174081650992
102,kl_loss_4,1.8786560542999753
102,kl_loss_5,1.4780965078444708
102,kl_loss_6,2.7024810806153314
102,kl_loss_7,1.533071103550139
102,kl_loss_8,1.5038933867499942
102,kl_loss_9,1.4982206405155243
102,loss,6739.985529823909
103,recon_loss,6562.489585876465
103,kl_loss,16.715684935450554
103,kl_loss_0,1.9444984905421734
103,kl_loss_1,1.679538570344448
103,kl_loss_2,1.2633672561496496
103,kl_loss_3,1.2303719483315945
103,kl_loss_4,1.885892041027546
103,kl_loss_5,1.4758895467966795
103,kl_loss_6,2.712952245026827
103,kl_loss_7,1.5353251099586487
103,kl_loss_8,1.4809439182281494
103,kl_loss_9,1.5069058071821928
103,loss,6729.646430969238
104,recon_loss,6590.809136284723
104,kl_loss,16.742904920426625
104,kl_loss_0,1.96348113862295
104,kl_loss_1,1.6938200678144182
104,kl_loss_2,1.2543307750944108
104,kl_loss_3,1.2510764655612765
104,kl_loss_4,1.8758572377855816
104,kl_loss_5,1.4907798312959217
104,kl_loss_6,2.696028134179494
104,kl_loss_7,1.5446137057410345
104,kl_loss_8,1.484697629535009
104,kl_loss_9,1.4882199650719052
104,loss,6758.238180493551
105,recon_loss,6556.266903831845
105,kl_loss,16.75280687544081
105,kl_loss_0,1.947159140829056
105,kl_loss_1,1.6719397911949763
105,kl_loss_2,1.2410921766644432
105,kl_loss_3,1.2617909246020846
105,kl_loss_4,1.8701422820015559
105,kl_loss_5,1.4989828041621618
105,kl_loss_6,2.7142142719692655
105,kl_loss_7,1.538390907030257
105,kl_loss_8,1.4985827548163277
105,kl_loss_9,1.510511803248572
105,loss,6723.794991629465
106,recon_loss,6600.670516967773
106,kl_loss,16.7172629237175
106,kl_loss_0,1.951159616932273
106,kl_loss_1,1.6702285446226597
106,kl_loss_2,1.2711351700127125
106,kl_loss_3,1.2603590469807386
106,kl_loss_4,1.8661552667617798
106,kl_loss_5,1.4719137977808714
106,kl_loss_6,2.710312996059656
106,kl_loss_7,1.5171471573412418
106,kl_loss_8,1.4995771385729313
106,kl_loss_9,1.499274231493473
106,loss,6767.843162536621
107,recon_loss,6565.7548905629965
107,kl_loss,16.768280543978253
107,kl_loss_0,1.940980175184825
107,kl_loss_1,1.7021211802013336
107,kl_loss_2,1.254317355534387
107,kl_loss_3,1.26720244543893
107,kl_loss_4,1.875921784885346
107,kl_loss_5,1.4738928382358853
107,kl_loss_6,2.710430455586267
107,kl_loss_7,1.54285462697347
107,kl_loss_8,1.5044702499631852
107,kl_loss_9,1.4960895076630607
107,loss,6733.437717013889
108,recon_loss,6570.919177827381
108,kl_loss,16.838283447992232
108,kl_loss_0,1.958398151019263
108,kl_loss_1,1.6878829115913028
108,kl_loss_2,1.2618522492666093
108,kl_loss_3,1.2342251189171323
108,kl_loss_4,1.9041599678614782
108,kl_loss_5,1.4912173539873153
108,kl_loss_6,2.713603341390216
108,kl_loss_7,1.560203128390842
108,kl_loss_8,1.5062537628506858
108,kl_loss_9,1.5204874977232918
108,loss,6739.302021329365
109,recon_loss,6567.7652587890625
109,kl_loss,16.73350989818573
109,kl_loss_0,1.9335650280117989
109,kl_loss_1,1.7033981122076511
109,kl_loss_2,1.2353637237101793
109,kl_loss_3,1.2539610341191292
109,kl_loss_4,1.869310200214386
109,kl_loss_5,1.4848807081580162
109,kl_loss_6,2.7174625918269157
109,kl_loss_7,1.5253402814269066
109,kl_loss_8,1.5003206245601177
109,kl_loss_9,1.5099075958132744
109,loss,6735.100372314453
110,recon_loss,6586.524127294147
110,kl_loss,16.849161299448166
110,kl_loss_0,1.9538858939730932
110,kl_loss_1,1.7053639340022253
110,kl_loss_2,1.2598653520856584
110,kl_loss_3,1.2779114303134738
110,kl_loss_4,1.8940742223981828
110,kl_loss_5,1.496416513881986
110,kl_loss_6,2.6935902739328053
110,kl_loss_7,1.5347878138224285
110,kl_loss_8,1.5134871308765714
110,kl_loss_9,1.5197785184496926
110,loss,6755.015733506944
111,recon_loss,6573.781885540675
111,kl_loss,16.768235706147692
111,kl_loss_0,1.947456269037156
111,kl_loss_1,1.6933406932013375
111,kl_loss_2,1.2724720428860377
111,kl_loss_3,1.2487685623623075
111,kl_loss_4,1.8897249055287195
111,kl_loss_5,1.4843428740425715
111,kl_loss_6,2.7206881803179543
111,kl_loss_7,1.5377020060069977
111,kl_loss_8,1.4819694170876154
111,kl_loss_9,1.4917708219043793
111,loss,6741.464246961806
112,recon_loss,6556.946838378906
112,kl_loss,16.794242158532143
112,kl_loss_0,1.9548975005745888
112,kl_loss_1,1.6941458098590374
112,kl_loss_2,1.2487121168524027
112,kl_loss_3,1.2744690980762243
112,kl_loss_4,1.8747551087290049
112,kl_loss_5,1.4819386508315802
112,kl_loss_6,2.7266176603734493
112,kl_loss_7,1.5301187634468079
112,kl_loss_8,1.508374109864235
112,kl_loss_9,1.5002133157104254
112,loss,6724.889297485352
113,recon_loss,6561.680121527777
113,kl_loss,16.837257324703156
113,kl_loss_0,1.963468559204586
113,kl_loss_1,1.7057751246861048
113,kl_loss_2,1.2702161395360554
113,kl_loss_3,1.261654708120558
113,kl_loss_4,1.8966806881011478
113,kl_loss_5,1.481569835117885
113,kl_loss_6,2.7182468648940796
113,kl_loss_7,1.5433595767096868
113,kl_loss_8,1.5132057912765988
113,kl_loss_9,1.483079987858969
113,loss,6730.052680121527
114,recon_loss,6572.1269453745035
114,kl_loss,16.75129272824242
114,kl_loss_0,1.9311981257938204
114,kl_loss_1,1.6800870024968708
114,kl_loss_2,1.2591844626835413
114,kl_loss_3,1.2689599744857303
114,kl_loss_4,1.877102458287799
114,kl_loss_5,1.4866033451897758
114,kl_loss_6,2.706244597359309
114,kl_loss_7,1.5452337946210588
114,kl_loss_8,1.500363790799701
114,kl_loss_9,1.496315080022055
114,loss,6739.639880952381
115,recon_loss,6546.036361694336
115,kl_loss,16.7440075725317
115,kl_loss_0,1.956183509901166
115,kl_loss_1,1.6705756857991219
115,kl_loss_2,1.2455426808446646
115,kl_loss_3,1.2465432062745094
115,kl_loss_4,1.8891392927616835
115,kl_loss_5,1.4915792718529701
115,kl_loss_6,2.72654801979661
115,kl_loss_7,1.5545910838991404
115,kl_loss_8,1.4819267317652702
115,kl_loss_9,1.481378072872758
115,loss,6713.476455688477
116,recon_loss,6604.259641617064
116,kl_loss,16.708327868628125
116,kl_loss_0,1.9483035537931654
116,kl_loss_1,1.6912612498752655
116,kl_loss_2,1.2561206420262654
116,kl_loss_3,1.2406184578698778
116,kl_loss_4,1.891348121658204
116,kl_loss_5,1.4645704958173964
116,kl_loss_6,2.6966998842027454
116,kl_loss_7,1.540199777436635
116,kl_loss_8,1.4825216739896745
116,kl_loss_9,1.4966840270965818
116,loss,6771.342912946428
117,recon_loss,6578.6669921875
117,kl_loss,16.7821438047621
117,kl_loss_0,1.9327971216232058
117,kl_loss_1,1.6935677528381348
117,kl_loss_2,1.2573252367594885
117,kl_loss_3,1.250963218628414
117,kl_loss_4,1.885987539140005
117,kl_loss_5,1.4740576914378576
117,kl_loss_6,2.7051421460651217
117,kl_loss_7,1.5418426290390983
117,kl_loss_8,1.496182608225989
117,kl_loss_9,1.5442778818191043
117,loss,6746.488389756944
118,recon_loss,6573.268577575684
118,kl_loss,16.73975306749344
118,kl_loss_0,1.9381123073399067
118,kl_loss_1,1.673042867332697
118,kl_loss_2,1.2491447050124407
118,kl_loss_3,1.2443360965698957
118,kl_loss_4,1.8854598067700863
118,kl_loss_5,1.4796795547008514
118,kl_loss_6,2.7116852439939976
118,kl_loss_7,1.5507531240582466
118,kl_loss_8,1.5046672020107508
118,kl_loss_9,1.5028722360730171
118,loss,6740.666122436523
119,recon_loss,6556.755045572917
119,kl_loss,16.856928356110103
119,kl_loss_0,1.9589960158817352
119,kl_loss_1,1.7078475687238905
119,kl_loss_2,1.266059156448122
119,kl_loss_3,1.2663933152244204
119,kl_loss_4,1.8963412614095778
119,kl_loss_5,1.4954732637556771
119,kl_loss_6,2.7171623441908093
119,kl_loss_7,1.5294261073309279
119,kl_loss_8,1.5038466377863808
119,kl_loss_9,1.5153825718259055
119,loss,6725.324311755952
120,recon_loss,6558.529552641369
120,kl_loss,16.86254795013912
120,kl_loss_0,1.9447164989653087
120,kl_loss_1,1.710942169976613
120,kl_loss_2,1.2653096535849193
120,kl_loss_3,1.2506853777264793
120,kl_loss_4,1.8767223093244765
120,kl_loss_5,1.5117430573418027
120,kl_loss_6,2.7268525645846413
120,kl_loss_7,1.5475926399230957
120,kl_loss_8,1.5031789560166617
120,kl_loss_9,1.524804711341858
120,loss,6727.155048673115
121,recon_loss,6609.847549438477
121,kl_loss,16.83890077471733
121,kl_loss_0,1.9616296142339706
121,kl_loss_1,1.6805791985243559
121,kl_loss_2,1.2734176609665155
121,kl_loss_3,1.261404735967517
121,kl_loss_4,1.8849574737250805
121,kl_loss_5,1.51614648103714
121,kl_loss_6,2.6848546005785465
121,kl_loss_7,1.5550984274595976
121,kl_loss_8,1.485105348750949
121,kl_loss_9,1.5357071589678526
121,loss,6778.236557006836
122,recon_loss,6578.5713123139885
122,kl_loss,16.726395319378565
122,kl_loss_0,1.938864374917651
122,kl_loss_1,1.681542572521028
122,kl_loss_2,1.2685269855317616
122,kl_loss_3,1.2565176222059462
122,kl_loss_4,1.8852694185953291
122,kl_loss_5,1.482372314210922
122,kl_loss_6,2.7063438286857
122,kl_loss_7,1.5303855755972484
122,kl_loss_8,1.485034772327968
122,kl_loss_9,1.491537851000589
122,loss,6745.835270957341
123,recon_loss,6580.590680803572
123,kl_loss,16.73722173297216
123,kl_loss_0,1.9550715363214886
123,kl_loss_1,1.6908748093105497
123,kl_loss_2,1.2588396526518322
123,kl_loss_3,1.2334120481733293
123,kl_loss_4,1.8764848236053708
123,kl_loss_5,1.4885176628354997
123,kl_loss_6,2.7080990397740923
123,kl_loss_7,1.5407585719275096
123,kl_loss_8,1.4794376558727689
123,kl_loss_9,1.5057259968348913
123,loss,6747.9628983754965
124,recon_loss,6585.5717850942465
124,kl_loss,16.839640299479168
124,kl_loss_0,1.955333601860773
124,kl_loss_1,1.6891590508203658
124,kl_loss_2,1.2810585555576144
124,kl_loss_3,1.2653382335390364
124,kl_loss_4,1.9217094391111345
124,kl_loss_5,1.4868445907320296
124,kl_loss_6,2.700808702953278
124,kl_loss_7,1.5466953667383345
124,kl_loss_8,1.502092476875063
124,kl_loss_9,1.490600309674702
124,loss,6753.96818421379
125,recon_loss,6571.743423461914
125,kl_loss,16.828767478466034
125,kl_loss_0,1.952329920604825
125,kl_loss_1,1.694524236023426
125,kl_loss_2,1.2815131265670061
125,kl_loss_3,1.2794176191091537
125,kl_loss_4,1.868655128404498
125,kl_loss_5,1.5123686771839857
125,kl_loss_6,2.705468274652958
125,kl_loss_7,1.5338225066661835
125,kl_loss_8,1.4862524047493935
125,kl_loss_9,1.514415591955185
125,loss,6740.031097412109
126,recon_loss,6546.952442956349
126,kl_loss,16.926814336625355
126,kl_loss_0,1.951196273167928
126,kl_loss_1,1.6996852519020202
126,kl_loss_2,1.2859990426472254
126,kl_loss_3,1.2763367881850591
126,kl_loss_4,1.8993615895982772
126,kl_loss_5,1.4998804955255418
126,kl_loss_6,2.7307677609579906
126,kl_loss_7,1.544029366402399
126,kl_loss_8,1.5061497991047208
126,kl_loss_9,1.533407900068495
126,loss,6716.220571366567
127,recon_loss,6600.278359064981
127,kl_loss,16.796407502795024
127,kl_loss_0,1.953142934375339
127,kl_loss_1,1.705717090576414
127,kl_loss_2,1.2589551456390866
127,kl_loss_3,1.2518914162166535
127,kl_loss_4,1.895625006584894
127,kl_loss_5,1.471805625491672
127,kl_loss_6,2.6967131410326277
127,kl_loss_7,1.5400553544362385
127,kl_loss_8,1.498332038758293
127,kl_loss_9,1.5241698745697263
127,loss,6768.242458767361
128,recon_loss,6557.2429122924805
128,kl_loss,16.810936823487282
128,kl_loss_0,1.9481044169515371
128,kl_loss_1,1.6854871530085802
128,kl_loss_2,1.2806211821734905
128,kl_loss_3,1.2481598872691393
128,kl_loss_4,1.8959481678903103
128,kl_loss_5,1.4843510929495096
128,kl_loss_6,2.716652549803257
128,kl_loss_7,1.5440236534923315
128,kl_loss_8,1.4817580990493298
128,kl_loss_9,1.5258306469768286
128,loss,6725.352256774902
129,recon_loss,6558.611452132936
129,kl_loss,16.722931771051314
129,kl_loss_0,1.9441100983392625
129,kl_loss_1,1.6743537471407937
129,kl_loss_2,1.2526873652897184
129,kl_loss_3,1.23202969062896
129,kl_loss_4,1.882958870085459
129,kl_loss_5,1.4806011120478313
129,kl_loss_6,2.7212307604532393
129,kl_loss_7,1.541739444884043
129,kl_loss_8,1.4926701557068598
129,kl_loss_9,1.500550729887826
129,loss,6725.840773809524
130,recon_loss,6566.376116071428
130,kl_loss,16.85001700265067
130,kl_loss_0,1.9743686592768108
130,kl_loss_1,1.69105479263124
130,kl_loss_2,1.2638640138838027
130,kl_loss_3,1.2653483833585466
130,kl_loss_4,1.8993654213254414
130,kl_loss_5,1.5079530439679585
130,kl_loss_6,2.705765833930364
130,kl_loss_7,1.5412073570584495
130,kl_loss_8,1.4866841293516613
130,kl_loss_9,1.514405371650817
130,loss,6734.8762943328375
131,recon_loss,6568.407150268555
131,kl_loss,16.867394894361496
131,kl_loss_0,1.965275278314948
131,kl_loss_1,1.7049666158854961
131,kl_loss_2,1.2589652054011822
131,kl_loss_3,1.2767604980617762
131,kl_loss_4,1.868879010900855
131,kl_loss_5,1.4809503983706236
131,kl_loss_6,2.7228278443217278
131,kl_loss_7,1.5317265894263983
131,kl_loss_8,1.5160320457071066
131,kl_loss_9,1.5410113986581564
131,loss,6737.081123352051
132,recon_loss,6574.964029947917
132,kl_loss,16.70832411448161
132,kl_loss_0,1.9424085030480036
132,kl_loss_1,1.6475157416056072
132,kl_loss_2,1.2431875911969987
132,kl_loss_3,1.2370578826419891
132,kl_loss_4,1.8673423509749154
132,kl_loss_5,1.5080368632362002
132,kl_loss_6,2.7069360112387035
132,kl_loss_7,1.5514967479403057
132,kl_loss_8,1.4947919410372537
132,kl_loss_9,1.5095504503401498
132,loss,6742.047278025793
133,recon_loss,6574.820932539683
133,kl_loss,16.83014636569553
133,kl_loss_0,1.9529553462588598
133,kl_loss_1,1.6860340928274489
133,kl_loss_2,1.2723067147391183
133,kl_loss_3,1.2895079359175667
133,kl_loss_4,1.8931289665282718
133,kl_loss_5,1.4959398035019162
133,kl_loss_6,2.7031783338577027
133,kl_loss_7,1.5289586006648956
133,kl_loss_8,1.4639061651532612
133,kl_loss_9,1.5442304630128165
133,loss,6743.1223880828375
134,recon_loss,6570.108039855957
134,kl_loss,16.846722334623337
134,kl_loss_0,1.9573891423642635
134,kl_loss_1,1.6952251102775335
134,kl_loss_2,1.2529676724225283
134,kl_loss_3,1.2747569363564253
134,kl_loss_4,1.8970441855490208
134,kl_loss_5,1.4795230794698
134,kl_loss_6,2.712863489985466
134,kl_loss_7,1.5323166940361261
134,kl_loss_8,1.49347079731524
134,kl_loss_9,1.5511653125286102
134,loss,6738.575263977051
135,recon_loss,6572.211371527777
135,kl_loss,16.74580322750031
135,kl_loss_0,1.9462655347491067
135,kl_loss_1,1.6561675147404746
135,kl_loss_2,1.2637287775675456
135,kl_loss_3,1.23536801716638
135,kl_loss_4,1.8807821217037382
135,kl_loss_5,1.5039945046106975
135,kl_loss_6,2.714517457144601
135,kl_loss_7,1.5282061289227198
135,kl_loss_8,1.5052431443380931
135,kl_loss_9,1.5115299868205236
135,loss,6739.669394841269
136,recon_loss,6576.577566964285
136,kl_loss,16.7595698038737
136,kl_loss_0,1.9636221632124886
136,kl_loss_1,1.6705943440634108
136,kl_loss_2,1.2478556973593575
136,kl_loss_3,1.2503222804220895
136,kl_loss_4,1.912605645164611
136,kl_loss_5,1.4777711610945443
136,kl_loss_6,2.693032805881803
136,kl_loss_7,1.5275596739753845
136,kl_loss_8,1.4840430664637732
136,kl_loss_9,1.5321629898888725
136,loss,6744.173254588293
137,recon_loss,6590.230354309082
137,kl_loss,16.76788727939129
137,kl_loss_0,1.9551702048629522
137,kl_loss_1,1.6800425704568624
137,kl_loss_2,1.2521784156560898
137,kl_loss_3,1.2546270471066236
137,kl_loss_4,1.8930668029934168
137,kl_loss_5,1.4842398017644882
137,kl_loss_6,2.7094932794570923
137,kl_loss_7,1.5198736768215895
137,kl_loss_8,1.4957312270998955
137,kl_loss_9,1.5234641693532467
137,loss,6757.909217834473
138,recon_loss,6548.9062732514885
138,kl_loss,16.868184952508834
138,kl_loss_0,1.9294690518152147
138,kl_loss_1,1.6983408663007948
138,kl_loss_2,1.3047535173476688
138,kl_loss_3,1.2542110416624281
138,kl_loss_4,1.8988624413808186
138,kl_loss_5,1.5181053668733626
138,kl_loss_6,2.7171036667293973
138,kl_loss_7,1.5362530454756722
138,kl_loss_8,1.5024943862642561
138,kl_loss_9,1.5085916065034413
138,loss,6717.588107638889
139,recon_loss,6591.325776599702
139,kl_loss,16.793796509031264
139,kl_loss_0,1.9403881950983926
139,kl_loss_1,1.7187964083656433
139,kl_loss_2,1.2579842380114965
139,kl_loss_3,1.2338364181064425
139,kl_loss_4,1.873494755654108
139,kl_loss_5,1.4937429503789024
139,kl_loss_6,2.7027908582536
139,kl_loss_7,1.53596912489997
139,kl_loss_8,1.4828980366388957
139,kl_loss_9,1.553895532138764
139,loss,6759.263741629465
140,recon_loss,6557.49308013916
140,kl_loss,16.78913852572441
140,kl_loss_0,1.9509617537260056
140,kl_loss_1,1.6978133954107761
140,kl_loss_2,1.257619870826602
140,kl_loss_3,1.2654002904891968
140,kl_loss_4,1.8621356915682554
140,kl_loss_5,1.4756765719503164
140,kl_loss_6,2.7138264253735542
140,kl_loss_7,1.5252493061125278
140,kl_loss_8,1.5066359881311655
140,kl_loss_9,1.5338193271309137
140,loss,6725.384475708008
141,recon_loss,6559.930842323909
141,kl_loss,16.737792620583186
141,kl_loss_0,1.9361582918772622
141,kl_loss_1,1.6798084009261358
141,kl_loss_2,1.2649722174992637
141,kl_loss_3,1.2511372443229434
141,kl_loss_4,1.8674495579704407
141,kl_loss_5,1.4837407611665272
141,kl_loss_6,2.7285516262054443
141,kl_loss_7,1.538606673952133
141,kl_loss_8,1.4721699536792816
141,kl_loss_9,1.5151978068881564
141,loss,6727.3087642609125
142,recon_loss,6586.400832403274
142,kl_loss,16.75599449399918
142,kl_loss_0,1.9528646771869962
142,kl_loss_1,1.685199909740024
142,kl_loss_2,1.2581921002221486
142,kl_loss_3,1.247981794296749
142,kl_loss_4,1.8887963559892442
142,kl_loss_5,1.473765842498295
142,kl_loss_6,2.697657940879701
142,kl_loss_7,1.5409725734165736
142,kl_loss_8,1.489261367964366
142,kl_loss_9,1.5213019053141277
142,loss,6753.960759238591
143,recon_loss,6582.166130065918
143,kl_loss,16.752568274736404
143,kl_loss_0,1.9533930867910385
143,kl_loss_1,1.6850081700831652
143,kl_loss_2,1.2435207162052393
143,kl_loss_3,1.2786908335983753
143,kl_loss_4,1.866611747071147
143,kl_loss_5,1.4822834003716707
143,kl_loss_6,2.709099307656288
143,kl_loss_7,1.5277520697563887
143,kl_loss_8,1.4807337578386068
143,kl_loss_9,1.5254751089960337
143,loss,6749.691780090332
144,recon_loss,6570.885610429067
144,kl_loss,16.854989127507285
144,kl_loss_0,1.952552910835024
144,kl_loss_1,1.709762310224866
144,kl_loss_2,1.253773744144137
144,kl_loss_3,1.2778785266573467
144,kl_loss_4,1.8990618425702293
144,kl_loss_5,1.519699526211572
144,kl_loss_6,2.720090075144692
144,kl_loss_7,1.5352904210014948
144,kl_loss_8,1.4694583378140889
144,kl_loss_9,1.5174213118023343
144,loss,6739.435508122519
145,recon_loss,6589.004898313492
145,kl_loss,16.66798470512269
145,kl_loss_0,1.9262640551915244
145,kl_loss_1,1.6603259188788277
145,kl_loss_2,1.2451159859460497
145,kl_loss_3,1.2528497415875632
145,kl_loss_4,1.8635111763363792
145,kl_loss_5,1.498960266037593
145,kl_loss_6,2.705091332632398
145,kl_loss_7,1.5103521157824804
145,kl_loss_8,1.4808148637650504
145,kl_loss_9,1.5246990843424721
145,loss,6755.684748573909
146,recon_loss,6568.221923828125
146,kl_loss,16.797828316688538
146,kl_loss_0,1.95055640488863
146,kl_loss_1,1.6799246836453676
146,kl_loss_2,1.2655649315565825
146,kl_loss_3,1.2468931134790182
146,kl_loss_4,1.9016814585775137
146,kl_loss_5,1.5037505738437176
146,kl_loss_6,2.7144760861992836
146,kl_loss_7,1.5227924659848213
146,kl_loss_8,1.4818871282041073
146,kl_loss_9,1.5303014386445284
146,loss,6736.2002029418945
147,recon_loss,6557.16691468254
147,kl_loss,16.822977020626976
147,kl_loss_0,1.9521167335056124
147,kl_loss_1,1.691747434555538
147,kl_loss_2,1.2585702831782992
147,kl_loss_3,1.2629083735602242
147,kl_loss_4,1.8964844639339145
147,kl_loss_5,1.4962059221570454
147,kl_loss_6,2.714855670928955
147,kl_loss_7,1.5336899681696816
147,kl_loss_8,1.491315728142148
147,kl_loss_9,1.525082578734746
147,loss,6725.396709139385
148,recon_loss,6577.286318824405
148,kl_loss,16.815251471504332
148,kl_loss_0,1.9710038976063804
148,kl_loss_1,1.7019008530510797
148,kl_loss_2,1.2446719975698561
148,kl_loss_3,1.2596214460948156
148,kl_loss_4,1.8690753172314356
148,kl_loss_5,1.4900885782544575
148,kl_loss_6,2.697836542886401
148,kl_loss_7,1.5440801230687944
148,kl_loss_8,1.4862718374010115
148,kl_loss_9,1.550701067561195
148,loss,6745.438840835814
149,recon_loss,6555.503332713293
149,kl_loss,16.76841224186004
149,kl_loss_0,1.9412896822369288
149,kl_loss_1,1.688193302305918
149,kl_loss_2,1.2612428608394803
149,kl_loss_3,1.2651849057939317
149,kl_loss_4,1.8731685044273498
149,kl_loss_5,1.490948858715239
149,kl_loss_6,2.7230953716096424
149,kl_loss_7,1.5255155393055506
149,kl_loss_8,1.490391314975799
149,kl_loss_9,1.5093817597343808
149,loss,6723.187461247519
150,recon_loss,6564.073692321777
150,kl_loss,16.839243531227112
150,kl_loss_0,1.9439074955880642
150,kl_loss_1,1.6754744481295347
150,kl_loss_2,1.2627709787338972
150,kl_loss_3,1.2717570792883635
150,kl_loss_4,1.8765953704714775
150,kl_loss_5,1.4755575899034739
150,kl_loss_6,2.7173825092613697
150,kl_loss_7,1.5520165171474218
150,kl_loss_8,1.5196721144020557
150,kl_loss_9,1.5441093184053898
150,loss,6732.466125488281
151,recon_loss,6559.713851686508
151,kl_loss,16.91591243138389
151,kl_loss_0,1.9445385895078144
151,kl_loss_1,1.714383742165944
151,kl_loss_2,1.2738122940063477
151,kl_loss_3,1.2686184985297067
151,kl_loss_4,1.9020259285730028
151,kl_loss_5,1.4974381337090144
151,kl_loss_6,2.7098843975672646
151,kl_loss_7,1.560428505852109
151,kl_loss_8,1.5054368386192927
151,kl_loss_9,1.5393456636913239
151,loss,6728.872961619543
152,recon_loss,6544.829783606151
152,kl_loss,16.855775394136945
152,kl_loss_0,1.9344292916948833
152,kl_loss_1,1.6820509963565402
152,kl_loss_2,1.2708963221973844
152,kl_loss_3,1.2612084017859564
152,kl_loss_4,1.8980544994747828
152,kl_loss_5,1.5025407586778914
152,kl_loss_6,2.7235995436471607
152,kl_loss_7,1.533741417385283
152,kl_loss_8,1.4937617949077062
152,kl_loss_9,1.5554922346084836
152,loss,6713.3875248015875
153,recon_loss,6560.586708068848
153,kl_loss,16.77048520743847
153,kl_loss_0,1.9478160347789526
153,kl_loss_1,1.6886982303112745
153,kl_loss_2,1.2397459410130978
153,kl_loss_3,1.274036642163992
153,kl_loss_4,1.8729968667030334
153,kl_loss_5,1.4698579050600529
153,kl_loss_6,2.706674247980118
153,kl_loss_7,1.541167739778757
153,kl_loss_8,1.4956782646477222
153,kl_loss_9,1.533813340589404
153,loss,6728.291557312012
154,recon_loss,6552.012780567957
154,kl_loss,16.84550666809082
154,kl_loss_0,1.9537233473762634
154,kl_loss_1,1.6888300085824632
154,kl_loss_2,1.268545182924422
154,kl_loss_3,1.2753410093368045
154,kl_loss_4,1.8935543923150926
154,kl_loss_5,1.4613041783136034
154,kl_loss_6,2.727345894253443
154,kl_loss_7,1.5350669508888608
154,kl_loss_8,1.4905788595714267
154,kl_loss_9,1.5512166647684007
154,loss,6720.467835441468
155,recon_loss,6552.450489831349
155,kl_loss,16.945992878505162
155,kl_loss_0,1.9845464891857572
155,kl_loss_1,1.7039635238193331
155,kl_loss_2,1.2723416165700034
155,kl_loss_3,1.2667832601638067
155,kl_loss_4,1.8924594228229825
155,kl_loss_5,1.4879996700892373
155,kl_loss_6,2.726524493050954
155,kl_loss_7,1.5409810486293973
155,kl_loss_8,1.5137001559847878
155,kl_loss_9,1.5566931603446839
155,loss,6721.910435267857
156,recon_loss,6567.867576599121
156,kl_loss,16.88769768178463
156,kl_loss_0,1.9484168943017721
156,kl_loss_1,1.6920465026050806
156,kl_loss_2,1.3058534227311611
156,kl_loss_3,1.2519243098795414
156,kl_loss_4,1.8761758878827095
156,kl_loss_5,1.5052047204226255
156,kl_loss_6,2.7099148146808147
156,kl_loss_7,1.5311851743608713
156,kl_loss_8,1.5114407688379288
156,kl_loss_9,1.5555351078510284
156,loss,6736.744575500488
157,recon_loss,6588.112529451885
157,kl_loss,16.807447569710867
157,kl_loss_0,1.920494967036777
157,kl_loss_1,1.6961276871817452
157,kl_loss_2,1.2660621858778454
157,kl_loss_3,1.253848427817935
157,kl_loss_4,1.8957330215544927
157,kl_loss_5,1.4900363343102592
157,kl_loss_6,2.7069095429920016
157,kl_loss_7,1.5357552539734614
157,kl_loss_8,1.4916044000595334
157,kl_loss_9,1.5508757999965124
157,loss,6756.187027219742
158,recon_loss,6601.607352120535
158,kl_loss,16.80121818421379
158,kl_loss_0,1.9607274570162334
158,kl_loss_1,1.6670507911651853
158,kl_loss_2,1.2785617510477703
158,kl_loss_3,1.2739305250228397
158,kl_loss_4,1.8783016091301328
158,kl_loss_5,1.4935214576267062
158,kl_loss_6,2.708843064686609
158,kl_loss_7,1.5104763148322937
158,kl_loss_8,1.4874487869323245
158,kl_loss_9,1.5423564381069608
158,loss,6769.619535900298
159,recon_loss,6574.785903930664
159,kl_loss,16.773228496313095
159,kl_loss_0,1.940018368884921
159,kl_loss_1,1.6761019360274076
159,kl_loss_2,1.2480210289359093
159,kl_loss_3,1.2498812694102526
159,kl_loss_4,1.880254803225398
159,kl_loss_5,1.4888242091983557
159,kl_loss_6,2.7215026430785656
159,kl_loss_7,1.5389958806335926
159,kl_loss_8,1.4746980834752321
159,kl_loss_9,1.5549302119761705
159,loss,6742.5181884765625
160,recon_loss,6578.153111049107
160,kl_loss,16.786979781256782
160,kl_loss_0,1.96491501444862
160,kl_loss_1,1.6706542249709841
160,kl_loss_2,1.2607065741977994
160,kl_loss_3,1.2824391240165347
160,kl_loss_4,1.880876720897735
160,kl_loss_5,1.470551365897769
160,kl_loss_6,2.708821209650191
160,kl_loss_7,1.505001737957909
160,kl_loss_8,1.4882675749914986
160,kl_loss_9,1.5547462985629128
160,loss,6746.022910466269
161,recon_loss,6585.290023561508
161,kl_loss,16.747328849065873
161,kl_loss_0,1.9442277200638303
161,kl_loss_1,1.6731655351699344
161,kl_loss_2,1.2531490061018202
161,kl_loss_3,1.26012250733754
161,kl_loss_4,1.8618786580978879
161,kl_loss_5,1.4943640459151495
161,kl_loss_6,2.7089596892160084
161,kl_loss_7,1.532768344122266
161,kl_loss_8,1.4831644864309401
161,kl_loss_9,1.5355286711738223
161,loss,6752.763284350199
162,recon_loss,6566.223442077637
162,kl_loss,16.8998019695282
162,kl_loss_0,1.951644591987133
162,kl_loss_1,1.6938234623521566
162,kl_loss_2,1.2651803772896528
162,kl_loss_3,1.2721323687583208
162,kl_loss_4,1.8915396071970463
162,kl_loss_5,1.4831190295517445
162,kl_loss_6,2.7124174386262894
162,kl_loss_7,1.5492354482412338
162,kl_loss_8,1.5015099719166756
162,kl_loss_9,1.5791997406631708
162,loss,6735.221435546875
163,recon_loss,6571.572823660715
163,kl_loss,16.746023011586022
163,kl_loss_0,1.9457107328233265
163,kl_loss_1,1.6655381728732397
163,kl_loss_2,1.2522559998527405
163,kl_loss_3,1.2485684288872614
163,kl_loss_4,1.8777794024300953
163,kl_loss_5,1.492814372456263
163,kl_loss_6,2.7047733844272672
163,kl_loss_7,1.5247455419056
163,kl_loss_8,1.4825082525374398
163,kl_loss_9,1.5513287782669067
163,loss,6739.033024863591
164,recon_loss,6567.377371651785
164,kl_loss,16.879391110132612
164,kl_loss_0,1.961538697045947
164,kl_loss_1,1.6790148625298151
164,kl_loss_2,1.276321150007702
164,kl_loss_3,1.273368413486178
164,kl_loss_4,1.8894943131340876
164,kl_loss_5,1.4887273160238115
164,kl_loss_6,2.718039285568964
164,kl_loss_7,1.5297384072863867
164,kl_loss_8,1.496303227212694
164,kl_loss_9,1.566845415130494
164,loss,6736.171301463293
165,recon_loss,6548.850814819336
165,kl_loss,16.92520622909069
165,kl_loss_0,1.9555021729320288
165,kl_loss_1,1.6825993955135345
165,kl_loss_2,1.2684078002348542
165,kl_loss_3,1.2867386993020773
165,kl_loss_4,1.9052771013230085
165,kl_loss_5,1.5106768924742937
165,kl_loss_6,2.7336131036281586
165,kl_loss_7,1.5349500458687544
165,kl_loss_8,1.4847124498337507
165,kl_loss_9,1.5627287030220032
165,loss,6718.102867126465
166,recon_loss,6580.635610429067
166,kl_loss,16.786637472727943
166,kl_loss_0,1.9439573269041757
166,kl_loss_1,1.6738306889458308
166,kl_loss_2,1.2634786935079665
166,kl_loss_3,1.261665045268952
166,kl_loss_4,1.866407871246338
166,kl_loss_5,1.4653487129816933
166,kl_loss_6,2.7129255400763617
166,kl_loss_7,1.532059663817996
166,kl_loss_8,1.4854518704944186
166,kl_loss_9,1.5815121559869676
166,loss,6748.5019763764885
167,recon_loss,6587.060043092758
167,kl_loss,16.845959708804177
167,kl_loss_0,1.9340013133154974
167,kl_loss_1,1.6864826244021218
167,kl_loss_2,1.2951662105227273
167,kl_loss_3,1.2620560943134247
167,kl_loss_4,1.8876339424224127
167,kl_loss_5,1.4961529743103754
167,kl_loss_6,2.7128994162120517
167,kl_loss_7,1.5245406381667606
167,kl_loss_8,1.4908317497798376
167,kl_loss_9,1.5561948938975259
167,loss,6755.519647507441
168,recon_loss,6568.535552978516
168,kl_loss,16.897152796387672
168,kl_loss_0,1.9445932134985924
168,kl_loss_1,1.687078109011054
168,kl_loss_2,1.2677484564483166
168,kl_loss_3,1.2934340834617615
168,kl_loss_4,1.8846285417675972
168,kl_loss_5,1.5035865921527147
168,kl_loss_6,2.715454798191786
168,kl_loss_7,1.5367252305150032
168,kl_loss_8,1.5043353885412216
168,kl_loss_9,1.5595684554427862
168,loss,6737.5070877075195
169,recon_loss,6606.304307725694
169,kl_loss,16.78795859927223
169,kl_loss_0,1.9495176833773415
169,kl_loss_1,1.6689031918843586
169,kl_loss_2,1.2725857288118392
169,kl_loss_3,1.2635525162257846
169,kl_loss_4,1.8995642226839822
169,kl_loss_5,1.4831750563212804
169,kl_loss_6,2.685306087372795
169,kl_loss_7,1.5301396657550146
169,kl_loss_8,1.4925538660987976
169,kl_loss_9,1.5426605107292297
169,loss,6774.183888268849
170,recon_loss,6574.061810205853
170,kl_loss,16.901153064909437
170,kl_loss_0,1.9408709397391668
170,kl_loss_1,1.6867158166945926
170,kl_loss_2,1.2718894141060966
170,kl_loss_3,1.2685023375919886
170,kl_loss_4,1.8913531814302718
170,kl_loss_5,1.4997516927264987
170,kl_loss_6,2.709718253877428
170,kl_loss_7,1.547039997010004
170,kl_loss_8,1.5174007340083047
170,kl_loss_9,1.5679108320720612
170,loss,6743.073311941965
171,recon_loss,6569.001121520996
171,kl_loss,16.89336022734642
171,kl_loss_0,1.9429630804806948
171,kl_loss_1,1.681275786831975
171,kl_loss_2,1.259082866832614
171,kl_loss_3,1.2614932153373957
171,kl_loss_4,1.9236320052295923
171,kl_loss_5,1.5058694202452898
171,kl_loss_6,2.711913026869297
171,kl_loss_7,1.5343196019530296
171,kl_loss_8,1.5054209642112255
171,kl_loss_9,1.5673902481794357
171,loss,6737.934722900391
172,recon_loss,6579.720966641865
172,kl_loss,16.879312500121102
172,kl_loss_0,1.9287949005762737
172,kl_loss_1,1.6703917204387604
172,kl_loss_2,1.2747890760028173
172,kl_loss_3,1.2645137120806982
172,kl_loss_4,1.896966260577005
172,kl_loss_5,1.5055719897860573
172,kl_loss_6,2.7174055122193836
172,kl_loss_7,1.5354761679967244
172,kl_loss_8,1.520692507425944
172,kl_loss_9,1.5647104921795072
172,loss,6748.514129154266
173,recon_loss,6567.218718998016
173,kl_loss,16.882578864930167
173,kl_loss_0,1.9585357980122642
173,kl_loss_1,1.6916419797473483
173,kl_loss_2,1.260014711864411
173,kl_loss_3,1.2704884438287645
173,kl_loss_4,1.9039661846463642
173,kl_loss_5,1.5122709860877386
173,kl_loss_6,2.715935290805877
173,kl_loss_7,1.5247608328622484
173,kl_loss_8,1.501628143446786
173,kl_loss_9,1.5433366998793587
173,loss,6736.044518849207
174,recon_loss,6549.855189732143
174,kl_loss,16.777936814323304
174,kl_loss_0,1.929153425352914
174,kl_loss_1,1.691588386656746
174,kl_loss_2,1.2474558145280867
174,kl_loss_3,1.260802045701042
174,kl_loss_4,1.8628793879160805
174,kl_loss_5,1.513999098823184
174,kl_loss_6,2.720114617120652
174,kl_loss_7,1.5227190502106198
174,kl_loss_8,1.4770250528577775
174,kl_loss_9,1.5521997951325917
174,loss,6717.634587363591
175,recon_loss,6552.123580932617
175,kl_loss,16.836774617433548
175,kl_loss_0,1.9459125101566315
175,kl_loss_1,1.6822572723031044
175,kl_loss_2,1.2758479788899422
175,kl_loss_3,1.2778024729341269
175,kl_loss_4,1.884802347049117
175,kl_loss_5,1.5202311594039202
175,kl_loss_6,2.721551861613989
175,kl_loss_7,1.5298621412366629
175,kl_loss_8,1.4762220568954945
175,kl_loss_9,1.5222847796976566
175,loss,6720.491355895996
176,recon_loss,6580.179447234623
176,kl_loss,16.902076993669784
176,kl_loss_0,1.953490724639287
176,kl_loss_1,1.68883582713112
176,kl_loss_2,1.2823374536302354
176,kl_loss_3,1.2815388611384801
176,kl_loss_4,1.9117744309561593
176,kl_loss_5,1.5024045384119427
176,kl_loss_6,2.711336714880807
176,kl_loss_7,1.5396011765041049
176,kl_loss_8,1.4761366617111933
176,kl_loss_9,1.5546204097687253
176,loss,6749.2002030629965
177,recon_loss,6558.364195808532
177,kl_loss,16.817806364997985
177,kl_loss_0,1.9565835320760334
177,kl_loss_1,1.678007337782118
177,kl_loss_2,1.2735894644071186
177,kl_loss_3,1.279611417225429
177,kl_loss_4,1.8624767954387362
177,kl_loss_5,1.5072503771100725
177,kl_loss_6,2.7164859658195857
177,kl_loss_7,1.5274602382902116
177,kl_loss_8,1.4807681394001795
177,kl_loss_9,1.5355732876157004
177,loss,6726.542263454861
178,recon_loss,6581.604797363281
178,kl_loss,16.873683869838715
178,kl_loss_0,1.9554044418036938
178,kl_loss_1,1.6832025274634361
178,kl_loss_2,1.269752636551857
178,kl_loss_3,1.2615742105990648
178,kl_loss_4,1.8979765623807907
178,kl_loss_5,1.5002386290580034
178,kl_loss_6,2.7212003394961357
178,kl_loss_7,1.5364957377314568
178,kl_loss_8,1.4725320134311914
178,kl_loss_9,1.5753067806363106
178,loss,6750.3416748046875
179,recon_loss,6552.803943452381
179,kl_loss,16.893499480353462
179,kl_loss_0,1.9667091766993205
179,kl_loss_1,1.6996632644108363
179,kl_loss_2,1.2740445080257596
179,kl_loss_3,1.2822965667361306
179,kl_loss_4,1.8846292571415977
179,kl_loss_5,1.4788309733072917
179,kl_loss_6,2.728908871847486
179,kl_loss_7,1.541888087514847
179,kl_loss_8,1.4792592941768585
179,kl_loss_9,1.5572695769960918
179,loss,6721.738955543155
180,recon_loss,6558.360126798115
180,kl_loss,16.901951623341393
180,kl_loss_0,1.9580190352031164
180,kl_loss_1,1.689041983513605
180,kl_loss_2,1.263352632522583
180,kl_loss_3,1.2617501361029488
180,kl_loss_4,1.8943203138926672
180,kl_loss_5,1.4944184204888722
180,kl_loss_6,2.7181408745901927
180,kl_loss_7,1.5498566286904472
180,kl_loss_8,1.4864195244652885
180,kl_loss_9,1.5866320341352433
180,loss,6727.379650297619
181,recon_loss,6559.0046310424805
181,kl_loss,16.89595703780651
181,kl_loss_0,1.953554892912507
181,kl_loss_1,1.6790978107601404
181,kl_loss_2,1.2617638483643532
181,kl_loss_3,1.2857432682067156
181,kl_loss_4,1.887523379176855
181,kl_loss_5,1.5092342235147953
181,kl_loss_6,2.7247734256088734
181,kl_loss_7,1.5366816278547049
181,kl_loss_8,1.479406226426363
181,kl_loss_9,1.578178457915783
181,loss,6727.964202880859
182,recon_loss,6572.110491071428
182,kl_loss,16.86271161881704
182,kl_loss_0,1.9634582731458876
182,kl_loss_1,1.6820354329215155
182,kl_loss_2,1.2703644642754206
182,kl_loss_3,1.2871845203732688
182,kl_loss_4,1.8706988626056247
182,kl_loss_5,1.4912174788732377
182,kl_loss_6,2.707180238905407
182,kl_loss_7,1.5368064320276653
182,kl_loss_8,1.4830387792890034
182,kl_loss_9,1.5707272120884486
182,loss,6740.737583705357
183,recon_loss,6534.9443359375
183,kl_loss,17.033722680712504
183,kl_loss_0,1.965914451886737
183,kl_loss_1,1.7016249138211448
183,kl_loss_2,1.3003395341691517
183,kl_loss_3,1.2793991490015908
183,kl_loss_4,1.8958907789654202
183,kl_loss_5,1.5222904984913175
183,kl_loss_6,2.7455779824938094
183,kl_loss_7,1.5470070857850333
183,kl_loss_8,1.4874783054230705
183,kl_loss_9,1.588199778208657
183,loss,6705.281544518849
184,recon_loss,6569.350646972656
184,kl_loss,16.88970486819744
184,kl_loss_0,1.9638273138552904
184,kl_loss_1,1.6910753194242716
184,kl_loss_2,1.2876088423654437
184,kl_loss_3,1.274055728688836
184,kl_loss_4,1.8922765143215656
184,kl_loss_5,1.5015300493687391
184,kl_loss_6,2.7124124094843864
184,kl_loss_7,1.5315751899033785
184,kl_loss_8,1.4657478891313076
184,kl_loss_9,1.5695957690477371
184,loss,6738.247703552246
185,recon_loss,6526.653118799603
185,kl_loss,17.003769041999938
185,kl_loss_0,1.9586466683281794
185,kl_loss_1,1.709794417260185
185,kl_loss_2,1.2567161520322163
185,kl_loss_3,1.2790124794793507
185,kl_loss_4,1.92456344952659
185,kl_loss_5,1.5124819467938135
185,kl_loss_6,2.7326206631130643
185,kl_loss_7,1.5376647445890639
185,kl_loss_8,1.5026917476502677
185,kl_loss_9,1.5895767703888908
185,loss,6696.690801711309
186,recon_loss,6558.361576140873
186,kl_loss,17.008756425645615
186,kl_loss_0,1.9698430924188524
186,kl_loss_1,1.6887345238337441
186,kl_loss_2,1.282544045221238
186,kl_loss_3,1.3044738012646873
186,kl_loss_4,1.9070005927767073
186,kl_loss_5,1.534194965211172
186,kl_loss_6,2.719125164879693
186,kl_loss_7,1.5303222943866064
186,kl_loss_8,1.5035537689451188
186,kl_loss_9,1.568964339437939
186,loss,6728.449102492559
187,recon_loss,6556.236862182617
187,kl_loss,16.792203575372696
187,kl_loss_0,1.9479997623711824
187,kl_loss_1,1.6699092015624046
187,kl_loss_2,1.2617946304380894
187,kl_loss_3,1.2599221840500832
187,kl_loss_4,1.8760644681751728
187,kl_loss_5,1.4954380597919226
187,kl_loss_6,2.71493212133646
187,kl_loss_7,1.521334545686841
187,kl_loss_8,1.4598229601979256
187,kl_loss_9,1.5849855486303568
187,loss,6724.158897399902
188,recon_loss,6572.657459077381
188,kl_loss,16.922477479964968
188,kl_loss_0,1.9508968686300612
188,kl_loss_1,1.7107474293027605
188,kl_loss_2,1.2757758905017187
188,kl_loss_3,1.304633795268952
188,kl_loss_4,1.8966822302530681
188,kl_loss_5,1.5160986544593933
188,kl_loss_6,2.7064235096886042
188,kl_loss_7,1.521820274610368
188,kl_loss_8,1.476647314571199
188,kl_loss_9,1.562751329134381
188,loss,6741.882215711806
189,recon_loss,6577.388439360119
189,kl_loss,16.840206418718612
189,kl_loss_0,1.950328997203282
189,kl_loss_1,1.6990425435323564
189,kl_loss_2,1.2550977638789587
189,kl_loss_3,1.2599029673470392
189,kl_loss_4,1.9154700211116247
189,kl_loss_5,1.4978817360741752
189,kl_loss_6,2.7071753910609653
189,kl_loss_7,1.5375231693661402
189,kl_loss_8,1.4712234338124592
189,kl_loss_9,1.5465605561695401
189,loss,6745.790511842758
190,recon_loss,6585.152359008789
190,kl_loss,16.830130755901337
190,kl_loss_0,1.9453592877835035
190,kl_loss_1,1.679075350984931
190,kl_loss_2,1.2683879658579826
190,kl_loss_3,1.2704086527228355
190,kl_loss_4,1.8806109968572855
190,kl_loss_5,1.4886736180633307
190,kl_loss_6,2.7146240919828415
190,kl_loss_7,1.545453030616045
190,kl_loss_8,1.4892570674419403
190,kl_loss_9,1.5482808090746403
190,loss,6753.453674316406
191,recon_loss,6560.213293650793
191,kl_loss,16.90845295739552
191,kl_loss_0,1.9489635058811732
191,kl_loss_1,1.6519796015724304
191,kl_loss_2,1.2749349929037548
191,kl_loss_3,1.2709614000623188
191,kl_loss_4,1.9171994281193567
191,kl_loss_5,1.5026168974619063
191,kl_loss_6,2.718754639701238
191,kl_loss_7,1.524691002709525
191,kl_loss_8,1.5264531487510318
191,kl_loss_9,1.5718983525321597
191,loss,6729.297820560516
192,recon_loss,6563.601058717758
192,kl_loss,16.792713710239955
192,kl_loss_0,1.923684211004348
192,kl_loss_1,1.667460594858442
192,kl_loss_2,1.2730501208986555
192,kl_loss_3,1.2709615533314054
192,kl_loss_4,1.887458882634602
192,kl_loss_5,1.5001337414696103
192,kl_loss_6,2.7229333150954473
192,kl_loss_7,1.5241374780261328
192,kl_loss_8,1.4696530917334178
192,kl_loss_9,1.5532405735954407
192,loss,6731.528211805556
193,recon_loss,6535.457916259766
193,kl_loss,16.86771959066391
193,kl_loss_0,1.953613556921482
193,kl_loss_1,1.6998231951147318
193,kl_loss_2,1.2576260436326265
193,kl_loss_3,1.2629348449409008
193,kl_loss_4,1.8681833315640688
193,kl_loss_5,1.5026758890599012
193,kl_loss_6,2.7258126623928547
193,kl_loss_7,1.533315297216177
193,kl_loss_8,1.481155440211296
193,kl_loss_9,1.5825794376432896
193,loss,6704.135101318359
194,recon_loss,6574.6321692088295
194,kl_loss,16.88165525406126
194,kl_loss_0,1.9380021568328616
194,kl_loss_1,1.6885665995734078
194,kl_loss_2,1.2711940928111
194,kl_loss_3,1.291429150672186
194,kl_loss_4,1.8809915194435725
194,kl_loss_5,1.5076402577142867
194,kl_loss_6,2.714549276563856
194,kl_loss_7,1.5379235574177332
194,kl_loss_8,1.4904545015758939
194,kl_loss_9,1.5609042190370106
194,loss,6743.448699466766
195,recon_loss,6570.499271453373
195,kl_loss,16.863781853327676
195,kl_loss_0,1.9673484809814938
195,kl_loss_1,1.6856560328650096
195,kl_loss_2,1.2758309273492723
195,kl_loss_3,1.2986295431379289
195,kl_loss_4,1.8678975010675096
195,kl_loss_5,1.4977844953536987
195,kl_loss_6,2.717018441548423
195,kl_loss_7,1.5213884417972867
195,kl_loss_8,1.484220063875592
195,kl_loss_9,1.5480078610162886
195,loss,6739.137106274801
196,recon_loss,6530.15877532959
196,kl_loss,16.964182287454605
196,kl_loss_0,1.9542755745351315
196,kl_loss_1,1.6907491069287062
196,kl_loss_2,1.28141538053751
196,kl_loss_3,1.3000873122364283
196,kl_loss_4,1.8912380058318377
196,kl_loss_5,1.4938014894723892
196,kl_loss_6,2.7219559252262115
196,kl_loss_7,1.5364763420075178
196,kl_loss_8,1.5015898421406746
196,kl_loss_9,1.5925932917743921
196,loss,6699.800590515137
197,recon_loss,6568.690669952877
197,kl_loss,16.929827917189826
197,kl_loss_0,1.951643224746462
197,kl_loss_1,1.6893708251771473
197,kl_loss_2,1.2849361139630515
197,kl_loss_3,1.2932292979861062
197,kl_loss_4,1.897342112329271
197,kl_loss_5,1.497367026313903
197,kl_loss_6,2.7177113199990894
197,kl_loss_7,1.5138093100653753
197,kl_loss_8,1.4872110722556946
197,kl_loss_9,1.5972077013954284
197,loss,6737.988978794643
198,recon_loss,6567.168325272817
198,kl_loss,16.884491360376753
198,kl_loss_0,1.9533582093223694
198,kl_loss_1,1.7178543560088626
198,kl_loss_2,1.250931637627738
198,kl_loss_3,1.2786348358033195
198,kl_loss_4,1.8948347663122511
198,kl_loss_5,1.4771721836120364
198,kl_loss_6,2.714228826855856
198,kl_loss_7,1.5347452844892229
198,kl_loss_8,1.4820515466114832
198,kl_loss_9,1.580679664536128
198,loss,6736.013253348215
199,recon_loss,6569.658730158731
199,kl_loss,16.89535967508952
199,kl_loss_0,1.968389106175256
199,kl_loss_1,1.6848113726055811
199,kl_loss_2,1.243013464269184
199,kl_loss_3,1.300074478936574
199,kl_loss_4,1.8840985392767287
199,kl_loss_5,1.481647044893295
199,kl_loss_6,2.7057620381552074
199,kl_loss_7,1.5185076774112762
199,kl_loss_8,1.4690850310855441
199,kl_loss_9,1.6399708399696955
199,loss,6738.612343439981
