Epoch,Loss,Value
0,recon_loss,6732.451309204102
0,kl_loss,45.7632070928812
0,kl_loss_0,3.788669796893373
0,kl_loss_1,3.9507416915148497
0,kl_loss_2,3.8118885927833617
0,kl_loss_3,5.203729175496846
0,kl_loss_4,4.878465604968369
0,kl_loss_5,4.535347914323211
0,kl_loss_6,6.786257416009903
0,kl_loss_7,3.595036935992539
0,kl_loss_8,5.402414905838668
0,kl_loss_9,3.8106554225087166
0,loss,6739.033004760742
1,recon_loss,6633.262625558035
1,kl_loss,33.76748293922061
1,kl_loss_0,3.17822970284356
1,kl_loss_1,3.3240796195136175
1,kl_loss_2,3.159271925214737
1,kl_loss_3,3.497582670242067
1,kl_loss_4,3.6085743033696733
1,kl_loss_5,3.313007036844889
1,kl_loss_6,3.838414033253988
1,kl_loss_7,3.1309305751134477
1,kl_loss_8,3.5088872304038397
1,kl_loss_9,3.2085056229243203
1,loss,6649.190948970734
2,recon_loss,6590.3430912078375
2,kl_loss,30.69621821812221
2,kl_loss_0,2.940094448271252
2,kl_loss_1,3.0555311952318465
2,kl_loss_2,2.8501258047800215
2,kl_loss_3,3.144203432022579
2,kl_loss_4,3.345528250648862
2,kl_loss_5,2.973733871702164
2,kl_loss_6,3.3562313866993736
2,kl_loss_7,2.885854970841181
2,kl_loss_8,3.2007440536741227
2,kl_loss_9,2.9441707550533236
2,loss,6614.5301184275795
3,recon_loss,6570.425148010254
3,kl_loss,29.250552028417587
3,kl_loss_0,2.8249321058392525
3,kl_loss_1,2.934714689850807
3,kl_loss_2,2.6756848841905594
3,kl_loss_3,2.962056625634432
3,kl_loss_4,3.2425024770200253
3,kl_loss_5,2.779359146952629
3,kl_loss_6,3.219390317797661
3,kl_loss_7,2.7505900226533413
3,kl_loss_8,3.0283366702497005
3,kl_loss_9,2.8329850882291794
3,loss,6599.549415588379
4,recon_loss,6596.827799479167
4,kl_loss,29.02532592652336
4,kl_loss_0,2.819045165228465
4,kl_loss_1,2.907196150885688
4,kl_loss_2,2.6173077348678833
4,kl_loss_3,2.945136475184607
4,kl_loss_4,3.246950626373291
4,kl_loss_5,2.7499632078503806
4,kl_loss_6,3.197726011276245
4,kl_loss_7,2.7337864959050737
4,kl_loss_8,3.0060339655194963
4,kl_loss_9,2.8021799647618852
4,loss,6625.853112599207
5,recon_loss,6571.620349702381
5,kl_loss,29.157509364779035
5,kl_loss_0,2.8427910691215876
5,kl_loss_1,2.9229161777193586
5,kl_loss_2,2.6176508192032104
5,kl_loss_3,2.9545165205758717
5,kl_loss_4,3.281329601530045
5,kl_loss_5,2.7547608292292036
5,kl_loss_6,3.214323743941292
5,kl_loss_7,2.754197287181067
5,kl_loss_8,2.996267560928587
5,kl_loss_9,2.818755509361388
5,loss,6600.7778397817465
6,recon_loss,6571.372871398926
6,kl_loss,29.196369111537933
6,kl_loss_0,2.81697628647089
6,kl_loss_1,2.899647317826748
6,kl_loss_2,2.6304305233061314
6,kl_loss_3,2.959605846554041
6,kl_loss_4,3.30570649728179
6,kl_loss_5,2.7422394417226315
6,kl_loss_6,3.239728782325983
6,kl_loss_7,2.776740536093712
6,kl_loss_8,2.985933981835842
6,kl_loss_9,2.8393598906695843
6,loss,6600.56925201416
7,recon_loss,6568.704442584325
7,kl_loss,29.246171648540194
7,kl_loss_0,2.8407081157442122
7,kl_loss_1,2.920118551405649
7,kl_loss_2,2.6069088966127425
7,kl_loss_3,2.9678601348210893
7,kl_loss_4,3.2979807361723883
7,kl_loss_5,2.7451448856838168
7,kl_loss_6,3.2399168695722307
7,kl_loss_7,2.761348697874281
7,kl_loss_8,3.006089993885585
7,kl_loss_9,2.8600949711269803
7,loss,6597.95060608879
8,recon_loss,6591.063189794147
8,kl_loss,29.065891175043014
8,kl_loss_0,2.811563908107697
8,kl_loss_1,2.9129084821731324
8,kl_loss_2,2.5999882145533486
8,kl_loss_3,2.947885520874508
8,kl_loss_4,3.308322478854467
8,kl_loss_5,2.7181222552344915
8,kl_loss_6,3.2317729753161233
8,kl_loss_7,2.743547859646025
8,kl_loss_8,2.950249463792831
8,kl_loss_9,2.8415301754361106
8,loss,6620.129084511409
9,recon_loss,6552.564582824707
9,kl_loss,29.413964867591858
9,kl_loss_0,2.835679456591606
9,kl_loss_1,2.944492518901825
9,kl_loss_2,2.598608758300543
9,kl_loss_3,2.990405637770891
9,kl_loss_4,3.3593893982470036
9,kl_loss_5,2.7558978497982025
9,kl_loss_6,3.2825027778744698
9,kl_loss_7,2.7730583287775517
9,kl_loss_8,3.0084376633167267
9,kl_loss_9,2.8654926531016827
9,loss,6581.978538513184
10,recon_loss,6584.4423828125
10,kl_loss,29.234122563922217
10,kl_loss_0,2.840638217471895
10,kl_loss_1,2.9361728108118452
10,kl_loss_2,2.5785006568545388
10,kl_loss_3,2.9637875064970953
10,kl_loss_4,3.332667411319793
10,kl_loss_5,2.748267998771062
10,kl_loss_6,3.2471314006381564
10,kl_loss_7,2.7443381264096214
10,kl_loss_8,2.9735000019981745
10,kl_loss_9,2.869118535329425
10,loss,6613.676494295635
11,recon_loss,6553.297231522817
11,kl_loss,29.263765456184508
11,kl_loss_0,2.836731244647314
11,kl_loss_1,2.9264112616342213
11,kl_loss_2,2.5767541688586038
11,kl_loss_3,2.975047066098168
11,kl_loss_4,3.364830486358158
11,kl_loss_5,2.740914568068489
11,kl_loss_6,3.2900918438321067
11,kl_loss_7,2.728705409973387
11,kl_loss_8,2.967624785408141
11,kl_loss_9,2.8566547764672174
11,loss,6582.5610274057535
12,recon_loss,6540.20703125
12,kl_loss,29.38012209534645
12,kl_loss_0,2.849012855440378
12,kl_loss_1,2.947069928050041
12,kl_loss_2,2.5801039524376392
12,kl_loss_3,2.982485208660364
12,kl_loss_4,3.381323888897896
12,kl_loss_5,2.7615165933966637
12,kl_loss_6,3.2922880426049232
12,kl_loss_7,2.748583186417818
12,kl_loss_8,2.9479614049196243
12,kl_loss_9,2.8897770531475544
12,loss,6569.587142944336
13,recon_loss,6569.646414620535
13,kl_loss,29.3715081593347
13,kl_loss_0,2.8456870033627464
13,kl_loss_1,2.952219183482821
13,kl_loss_2,2.5897302362653942
13,kl_loss_3,2.980213937305269
13,kl_loss_4,3.3805012021745955
13,kl_loss_5,2.736553839274815
13,kl_loss_6,3.2920092401050387
13,kl_loss_7,2.7348029197208463
13,kl_loss_8,2.9669133708590554
13,kl_loss_9,2.8928769921499584
13,loss,6599.017934647817
14,recon_loss,6529.476647755457
14,kl_loss,29.44123779781281
14,kl_loss_0,2.8415943970755926
14,kl_loss_1,2.9429415521167575
14,kl_loss_2,2.586266241376362
14,kl_loss_3,2.9900155256664944
14,kl_loss_4,3.4199624591403537
14,kl_loss_5,2.7505324000403997
14,kl_loss_6,3.3166090004027837
14,kl_loss_7,2.7426969513060553
14,kl_loss_8,2.9643096583230153
14,kl_loss_9,2.8863095972273083
14,loss,6558.917883494543
15,recon_loss,6544.296516418457
15,kl_loss,29.369612216949463
15,kl_loss_0,2.8557109385728836
15,kl_loss_1,2.943415179848671
15,kl_loss_2,2.5760072767734528
15,kl_loss_3,2.9675529785454273
15,kl_loss_4,3.4091219641268253
15,kl_loss_5,2.7257830388844013
15,kl_loss_6,3.3101500533521175
15,kl_loss_7,2.7321272008121014
15,kl_loss_8,2.9549607299268246
15,kl_loss_9,2.894782904535532
15,loss,6573.6661376953125
16,recon_loss,6529.6048254588295
16,kl_loss,29.460730446709526
16,kl_loss_0,2.8413327043018644
16,kl_loss_1,2.9629500858367437
16,kl_loss_2,2.58930604420011
16,kl_loss_3,2.998138673721798
16,kl_loss_4,3.4312417053041004
16,kl_loss_5,2.725625704205225
16,kl_loss_6,3.3142433847699846
16,kl_loss_7,2.723044478704059
16,kl_loss_8,2.9731026225619845
16,kl_loss_9,2.9017449182177346
16,loss,6559.065545944941
17,recon_loss,6557.930788070436
17,kl_loss,29.357716575501456
17,kl_loss_0,2.813142935434977
17,kl_loss_1,2.9324607432834684
17,kl_loss_2,2.570744412285941
17,kl_loss_3,2.9678101539611816
17,kl_loss_4,3.457917607019818
17,kl_loss_5,2.7269035596696156
17,kl_loss_6,3.327747095198858
17,kl_loss_7,2.7180180473933144
17,kl_loss_8,2.9462315619937955
17,kl_loss_9,2.8967406787569563
17,loss,6587.288481212798
18,recon_loss,6577.894248962402
18,kl_loss,29.386696994304657
18,kl_loss_0,2.8213342390954494
18,kl_loss_1,2.9305701851844788
18,kl_loss_2,2.611258566379547
18,kl_loss_3,2.9808906838297844
18,kl_loss_4,3.4337052330374718
18,kl_loss_5,2.7342177480459213
18,kl_loss_6,3.2916304543614388
18,kl_loss_7,2.7303225249052048
18,kl_loss_8,2.945232219994068
18,kl_loss_9,2.9075351394712925
18,loss,6607.280937194824
19,recon_loss,6555.189321366567
19,kl_loss,29.425537775433252
19,kl_loss_0,2.8327682775164407
19,kl_loss_1,2.9250047736697726
19,kl_loss_2,2.589781715756371
19,kl_loss_3,2.9789581336672346
19,kl_loss_4,3.47885190872919
19,kl_loss_5,2.7382401322561596
19,kl_loss_6,3.331868394972786
19,kl_loss_7,2.734855080407763
19,kl_loss_8,2.921162067897736
19,kl_loss_9,2.8940471997336736
19,loss,6584.614870101686
20,recon_loss,6535.606313554067
20,kl_loss,29.482160083831303
20,kl_loss_0,2.8297698157174245
20,kl_loss_1,2.948247962527805
20,kl_loss_2,2.5909967725239103
20,kl_loss_3,2.9966857357630654
20,kl_loss_4,3.464479332878476
20,kl_loss_5,2.714072658902123
20,kl_loss_6,3.3476546340518527
20,kl_loss_7,2.722721887013269
20,kl_loss_8,2.9497699094197105
20,kl_loss_9,2.917761299345228
20,loss,6565.088464161707
21,recon_loss,6554.448341369629
21,kl_loss,29.543211460113525
21,kl_loss_0,2.8222640678286552
21,kl_loss_1,2.9670791663229465
21,kl_loss_2,2.559214562177658
21,kl_loss_3,3.010249435901642
21,kl_loss_4,3.4949260242283344
21,kl_loss_5,2.7368354685604572
21,kl_loss_6,3.343641433864832
21,kl_loss_7,2.7217035815119743
21,kl_loss_8,2.953466486185789
21,kl_loss_9,2.9338312596082687
21,loss,6583.991554260254
22,recon_loss,6559.108584449405
22,kl_loss,29.448620357210675
22,kl_loss_0,2.8240911355094305
22,kl_loss_1,2.9502978400578574
22,kl_loss_2,2.591668363601442
22,kl_loss_3,2.9545230222126793
22,kl_loss_4,3.5018247384873646
22,kl_loss_5,2.7286736662425692
22,kl_loss_6,3.3314347759125726
22,kl_loss_7,2.7092658224559965
22,kl_loss_8,2.936060106943524
22,kl_loss_9,2.920780829020909
22,loss,6588.557214161707
23,recon_loss,6543.541751922123
23,kl_loss,29.398319668240017
23,kl_loss_0,2.7910334269205728
23,kl_loss_1,2.94591380300976
23,kl_loss_2,2.5734931476532465
23,kl_loss_3,2.9795913961198597
23,kl_loss_4,3.508068709146409
23,kl_loss_5,2.7232027205209883
23,kl_loss_6,3.345881590767512
23,kl_loss_7,2.7158600073012096
23,kl_loss_8,2.906918900353568
23,kl_loss_9,2.9083558945428756
23,loss,6572.940057663691
24,recon_loss,6562.935833643353
24,kl_loss,29.46453012738909
24,kl_loss_0,2.8220607893807546
24,kl_loss_1,2.9475528701903326
24,kl_loss_2,2.5802438713255382
24,kl_loss_3,2.9885141773829385
24,kl_loss_4,3.498116822469802
24,kl_loss_5,2.7025137363918246
24,kl_loss_6,3.349813767841884
24,kl_loss_7,2.742077668507894
24,kl_loss_8,2.908883503505162
24,kl_loss_9,2.924753177733648
24,loss,6592.400375124008
25,recon_loss,6542.994338989258
25,kl_loss,29.54953181743622
25,kl_loss_0,2.805740863084793
25,kl_loss_1,2.9494510516524315
25,kl_loss_2,2.5945042334496975
25,kl_loss_3,3.0008614398539066
25,kl_loss_4,3.5315715707838535
25,kl_loss_5,2.7416861951351166
25,kl_loss_6,3.344074632972479
25,kl_loss_7,2.73275662958622
25,kl_loss_8,2.9236805848777294
25,kl_loss_9,2.9252046644687653
25,loss,6572.543853759766
26,recon_loss,6519.709612165178
26,kl_loss,29.618593215942383
26,kl_loss_0,2.8050226219116694
26,kl_loss_1,2.979041372026716
26,kl_loss_2,2.572728168396723
26,kl_loss_3,2.981725431623913
26,kl_loss_4,3.5775599063388883
26,kl_loss_5,2.7244826271420433
26,kl_loss_6,3.347885404314314
26,kl_loss_7,2.7415027959006175
26,kl_loss_8,2.9448151020776656
26,kl_loss_9,2.9438297256590826
26,loss,6549.328194754465
27,recon_loss,6539.587727864583
27,kl_loss,29.565508342924574
27,kl_loss_0,2.821071322002108
27,kl_loss_1,2.95359904803927
27,kl_loss_2,2.579828175287398
27,kl_loss_3,2.988880206668188
27,kl_loss_4,3.5481278480045377
27,kl_loss_5,2.7362123973785883
27,kl_loss_6,3.362056266693842
27,kl_loss_7,2.734172408542936
27,kl_loss_8,2.9060469998253717
27,kl_loss_9,2.9355137083265515
27,loss,6569.153235057043
28,recon_loss,6544.225654602051
28,kl_loss,29.574130177497864
28,kl_loss_0,2.8248333744704723
28,kl_loss_1,2.9669049344956875
28,kl_loss_2,2.5884469375014305
28,kl_loss_3,2.9795528762042522
28,kl_loss_4,3.581106536090374
28,kl_loss_5,2.7346538193523884
28,kl_loss_6,3.353970520198345
28,kl_loss_7,2.7212300822138786
28,kl_loss_8,2.893629737198353
28,kl_loss_9,2.9298012144863605
28,loss,6573.799774169922
29,recon_loss,6545.857034350199
29,kl_loss,29.5980964539543
29,kl_loss_0,2.797119553126986
29,kl_loss_1,2.965750497484964
29,kl_loss_2,2.592939369262211
29,kl_loss_3,2.9770908582778204
29,kl_loss_4,3.576186982412187
29,kl_loss_5,2.75245081432282
29,kl_loss_6,3.3492614693111844
29,kl_loss_7,2.75811663506523
29,kl_loss_8,2.9110690676976763
29,kl_loss_9,2.9181109874967546
29,loss,6575.455116877481
30,recon_loss,6540.098470052083
30,kl_loss,29.670292718069895
30,kl_loss_0,2.814747715753222
30,kl_loss_1,2.9733933494204567
30,kl_loss_2,2.600128688509502
30,kl_loss_3,2.9942194431547136
30,kl_loss_4,3.5708839212145125
30,kl_loss_5,2.725413303526621
30,kl_loss_6,3.372201741687835
30,kl_loss_7,2.7384707246507918
30,kl_loss_8,2.933526633277772
30,kl_loss_9,2.947307306622702
30,loss,6569.768779451885
31,recon_loss,6532.39119720459
31,kl_loss,29.632814049720764
31,kl_loss_0,2.7956055998802185
31,kl_loss_1,2.9756353832781315
31,kl_loss_2,2.599079106003046
31,kl_loss_3,2.9819041192531586
31,kl_loss_4,3.585602581501007
31,kl_loss_5,2.716735363006592
31,kl_loss_6,3.367175929248333
31,kl_loss_7,2.7266351357102394
31,kl_loss_8,2.9356554113328457
31,kl_loss_9,2.948785413056612
31,loss,6562.024002075195
32,recon_loss,6542.999472966269
32,kl_loss,29.645951134817942
32,kl_loss_0,2.785103196189517
32,kl_loss_1,2.9714355014619374
32,kl_loss_2,2.6298355299329
32,kl_loss_3,2.9759035526760043
32,kl_loss_4,3.5960327897753035
32,kl_loss_5,2.752362398874192
32,kl_loss_6,3.371680774385967
32,kl_loss_7,2.7340504139188737
32,kl_loss_8,2.8947473896874323
32,kl_loss_9,2.9347997090173146
32,loss,6572.645422557043
33,recon_loss,6524.448536706349
33,kl_loss,29.60182868109809
33,kl_loss_0,2.780907672549051
33,kl_loss_1,2.9429075831458684
33,kl_loss_2,2.5963756659674266
33,kl_loss_3,2.978196825299944
33,kl_loss_4,3.6021311585865323
33,kl_loss_5,2.73775895815047
33,kl_loss_6,3.3713108774215454
33,kl_loss_7,2.7292815957750594
33,kl_loss_8,2.910898693024166
33,kl_loss_9,2.952059813908168
33,loss,6554.050347222223
34,recon_loss,6519.1259689331055
34,kl_loss,29.584928393363953
34,kl_loss_0,2.7899570614099503
34,kl_loss_1,2.9554808102548122
34,kl_loss_2,2.5975999794900417
34,kl_loss_3,2.953109312802553
34,kl_loss_4,3.6417793966829777
34,kl_loss_5,2.726829558610916
34,kl_loss_6,3.3486630357801914
34,kl_loss_7,2.7430475018918514
34,kl_loss_8,2.8737980611622334
34,kl_loss_9,2.9546638317406178
34,loss,6548.710899353027
35,recon_loss,6522.216169084822
35,kl_loss,29.655601955595472
35,kl_loss_0,2.780846012963189
35,kl_loss_1,2.9613241127559116
35,kl_loss_2,2.6047160738990423
35,kl_loss_3,2.97331748689924
35,kl_loss_4,3.640035390853882
35,kl_loss_5,2.740998695767115
35,kl_loss_6,3.377708079322936
35,kl_loss_7,2.7267521865784174
35,kl_loss_8,2.893260395716107
35,kl_loss_9,2.956643464073302
35,loss,6551.871760292659
36,recon_loss,6542.718641493056
36,kl_loss,29.538916875445654
36,kl_loss_0,2.7679369563148137
36,kl_loss_1,2.9555116078210255
36,kl_loss_2,2.5934766436380055
36,kl_loss_3,2.9592737281133257
36,kl_loss_4,3.6276992881108843
36,kl_loss_5,2.7238209134056452
36,kl_loss_6,3.341263491009909
36,kl_loss_7,2.732836193508572
36,kl_loss_8,2.8870506286621094
36,kl_loss_9,2.9500476178668795
36,loss,6572.257556733631
37,recon_loss,6556.069175720215
37,kl_loss,29.65149948000908
37,kl_loss_0,2.7927959077060223
37,kl_loss_1,2.9519769325852394
37,kl_loss_2,2.6098096631467342
37,kl_loss_3,2.988189559429884
37,kl_loss_4,3.629456043243408
37,kl_loss_5,2.7308619990944862
37,kl_loss_6,3.336285252124071
37,kl_loss_7,2.7335171699523926
37,kl_loss_8,2.905873764306307
37,kl_loss_9,2.972733248025179
37,loss,6585.720680236816
38,recon_loss,6555.9384765625
38,kl_loss,29.693223862420943
38,kl_loss_0,2.797409814501566
38,kl_loss_1,2.9689092787485274
38,kl_loss_2,2.613675079648457
38,kl_loss_3,2.968644554652865
38,kl_loss_4,3.6426882289704823
38,kl_loss_5,2.737867098005991
38,kl_loss_6,3.3478502016218883
38,kl_loss_7,2.7238100634680853
38,kl_loss_8,2.920389413833618
38,kl_loss_9,2.9719802841307623
38,loss,6585.631704179067
39,recon_loss,6531.030901227678
39,kl_loss,29.716575350080216
39,kl_loss_0,2.8048304565369135
39,kl_loss_1,2.956405276343936
39,kl_loss_2,2.6289396134633867
39,kl_loss_3,2.974130986228822
39,kl_loss_4,3.66629701947409
39,kl_loss_5,2.7222136467222184
39,kl_loss_6,3.353037016732352
39,kl_loss_7,2.7356089864458357
39,kl_loss_8,2.905965547713022
39,kl_loss_9,2.96914669824025
39,loss,6560.747504340277
40,recon_loss,6536.252601623535
40,kl_loss,29.823011815547943
40,kl_loss_0,2.780701696872711
40,kl_loss_1,2.968807965517044
40,kl_loss_2,2.6257995553314686
40,kl_loss_3,2.9941430054605007
40,kl_loss_4,3.659213349223137
40,kl_loss_5,2.7308482863008976
40,kl_loss_6,3.3883052952587605
40,kl_loss_7,2.7670585438609123
40,kl_loss_8,2.925768230110407
40,kl_loss_9,2.9823660366237164
40,loss,6566.075607299805
41,recon_loss,6542.089634486607
41,kl_loss,29.731916185409304
41,kl_loss_0,2.8127645765032088
41,kl_loss_1,2.9916179104456826
41,kl_loss_2,2.6193279387458923
41,kl_loss_3,2.9705316149999224
41,kl_loss_4,3.669341825303577
41,kl_loss_5,2.7339331119779557
41,kl_loss_6,3.3386337530045282
41,kl_loss_7,2.72071741876148
41,kl_loss_8,2.8968949393620567
41,kl_loss_9,2.9781529600658114
41,loss,6571.821521577381
42,recon_loss,6524.862498449901
42,kl_loss,29.708318589225648
42,kl_loss_0,2.767354412684365
42,kl_loss_1,2.9567008245558966
42,kl_loss_2,2.6368109687926276
42,kl_loss_3,2.970956068190317
42,kl_loss_4,3.687892645124405
42,kl_loss_5,2.7420198614635165
42,kl_loss_6,3.3675045210217673
42,kl_loss_7,2.7329751726180787
42,kl_loss_8,2.866866607514639
42,kl_loss_9,2.9792373823741127
42,loss,6554.5708085317465
43,recon_loss,6531.633804321289
43,kl_loss,29.665974110364914
43,kl_loss_0,2.7820949889719486
43,kl_loss_1,2.964498832821846
43,kl_loss_2,2.6025004014372826
43,kl_loss_3,2.9904319271445274
43,kl_loss_4,3.6777158193290234
43,kl_loss_5,2.7260166071355343
43,kl_loss_6,3.3375124745070934
43,kl_loss_7,2.722293931990862
43,kl_loss_8,2.883380465209484
43,kl_loss_9,2.979528583586216
43,loss,6561.299789428711
44,recon_loss,6533.3299231150795
44,kl_loss,29.818253895593067
44,kl_loss_0,2.8213453784821527
44,kl_loss_1,2.9932454313550676
44,kl_loss_2,2.6578412434411427
44,kl_loss_3,2.9909390911223395
44,kl_loss_4,3.6854871000562395
44,kl_loss_5,2.7232496019393677
44,kl_loss_6,3.3545775375668963
44,kl_loss_7,2.721191304070609
44,kl_loss_8,2.8728496839129734
44,kl_loss_9,2.997527463095529
44,loss,6563.148158482143
45,recon_loss,6527.526250930059
45,kl_loss,29.768157141549246
45,kl_loss_0,2.7855545074220687
45,kl_loss_1,2.980397860209147
45,kl_loss_2,2.631276077694363
45,kl_loss_3,3.0262876124609086
45,kl_loss_4,3.6858667759668258
45,kl_loss_5,2.7373596637968034
45,kl_loss_6,3.337892010098412
45,kl_loss_7,2.7264233695136175
45,kl_loss_8,2.8714480664994984
45,kl_loss_9,2.985651269791618
45,loss,6557.294418092758
46,recon_loss,6535.7512130737305
46,kl_loss,29.705006331205368
46,kl_loss_0,2.7767641693353653
46,kl_loss_1,2.974102731794119
46,kl_loss_2,2.618358239531517
46,kl_loss_3,3.0003974586725235
46,kl_loss_4,3.6904752664268017
46,kl_loss_5,2.7459963113069534
46,kl_loss_6,3.322890803217888
46,kl_loss_7,2.732574388384819
46,kl_loss_8,2.8452330343425274
46,kl_loss_9,2.998214013874531
46,loss,6565.456230163574
47,recon_loss,6525.118102058532
47,kl_loss,29.76743022979252
47,kl_loss_0,2.763925877828447
47,kl_loss_1,2.9658159414927163
47,kl_loss_2,2.6597548060946994
47,kl_loss_3,3.040131129915752
47,kl_loss_4,3.701909791855585
47,kl_loss_5,2.731449880297222
47,kl_loss_6,3.329030188303145
47,kl_loss_7,2.734645472632514
47,kl_loss_8,2.867415594676184
47,kl_loss_9,2.9733513953193786
47,loss,6554.885563926091
48,recon_loss,6508.4233630952385
48,kl_loss,29.797090409294007
48,kl_loss_0,2.765478743447198
48,kl_loss_1,2.9698785751584977
48,kl_loss_2,2.6287680580502464
48,kl_loss_3,2.9980505913022966
48,kl_loss_4,3.7105490820748463
48,kl_loss_5,2.731720492953346
48,kl_loss_6,3.3404164881933305
48,kl_loss_7,2.7239755146087163
48,kl_loss_8,2.9275776923648893
48,kl_loss_9,3.0006752089848594
48,loss,6538.220439608135
49,recon_loss,6534.269546750992
49,kl_loss,29.746789750598726
49,kl_loss_0,2.743993221767365
49,kl_loss_1,3.001136204553029
49,kl_loss_2,2.632672037397112
49,kl_loss_3,2.9794204348609563
49,kl_loss_4,3.7326518959469266
49,kl_loss_5,2.7508931235661582
49,kl_loss_6,3.2911590659429155
49,kl_loss_7,2.728054095828344
49,kl_loss_8,2.879900580360776
49,kl_loss_9,3.0069090222555492
49,loss,6564.016322544643
50,recon_loss,6540.184143066406
50,kl_loss,29.821537375450134
50,kl_loss_0,2.749205131083727
50,kl_loss_1,2.975443348288536
50,kl_loss_2,2.6347039826214314
50,kl_loss_3,3.0107493698596954
50,kl_loss_4,3.7244531102478504
50,kl_loss_5,2.747299361974001
50,kl_loss_6,3.330778494477272
50,kl_loss_7,2.7041087113320827
50,kl_loss_8,2.925389401614666
50,kl_loss_9,3.019406706094742
50,loss,6570.005683898926
51,recon_loss,6537.0094478546625
51,kl_loss,29.693842115856352
51,kl_loss_0,2.7644378874037
51,kl_loss_1,2.95008347147987
51,kl_loss_2,2.5935976732344854
51,kl_loss_3,3.0239813706231495
51,kl_loss_4,3.7392513562762546
51,kl_loss_5,2.733729086224995
51,kl_loss_6,3.2986251664540123
51,kl_loss_7,2.707356013948955
51,kl_loss_8,2.865353406421722
51,kl_loss_9,3.0174264945681135
51,loss,6566.703249007936
52,recon_loss,6532.935663132441
52,kl_loss,29.768429680476114
52,kl_loss_0,2.749769097282773
52,kl_loss_1,2.9980522867233033
52,kl_loss_2,2.6152613541436573
52,kl_loss_3,3.0070281823476157
52,kl_loss_4,3.721814060968066
52,kl_loss_5,2.731266596960643
52,kl_loss_6,3.3316645470876542
52,kl_loss_7,2.730138513776991
52,kl_loss_8,2.894801938344562
52,kl_loss_9,2.9886329363262845
52,loss,6562.7041015625
53,recon_loss,6507.658843994141
53,kl_loss,29.822291761636734
53,kl_loss_0,2.762661926448345
53,kl_loss_1,2.9862650595605373
53,kl_loss_2,2.619604606181383
53,kl_loss_3,3.0115690007805824
53,kl_loss_4,3.7443823106586933
53,kl_loss_5,2.732184872031212
53,kl_loss_6,3.324368055909872
53,kl_loss_7,2.7286974266171455
53,kl_loss_8,2.878013327717781
53,kl_loss_9,3.0345452204346657
53,loss,6537.481140136719
54,recon_loss,6556.945940290178
54,kl_loss,29.783308997986808
54,kl_loss_0,2.7676667183164567
54,kl_loss_1,2.992554838695223
54,kl_loss_2,2.624322104075598
54,kl_loss_3,2.9922344873821927
54,kl_loss_4,3.738875249075511
54,kl_loss_5,2.7299755565703863
54,kl_loss_6,3.287451486738901
54,kl_loss_7,2.757140689425998
54,kl_loss_8,2.878827276683989
54,kl_loss_9,3.0142605456094893
54,loss,6586.729236421131
55,recon_loss,6508.334232390873
55,kl_loss,29.876207896641322
55,kl_loss_0,2.7655977445935447
55,kl_loss_1,2.9877613385518393
55,kl_loss_2,2.6393456231980097
55,kl_loss_3,3.047400913541279
55,kl_loss_4,3.767886551599654
55,kl_loss_5,2.7303779125213623
55,kl_loss_6,3.3031855916220043
55,kl_loss_7,2.7326917042807928
55,kl_loss_8,2.884976417299301
55,kl_loss_9,3.016984235672724
55,loss,6538.2104414682535
56,recon_loss,6540.236526489258
56,kl_loss,29.95099201798439
56,kl_loss_0,2.760427091270685
56,kl_loss_1,3.0112048014998436
56,kl_loss_2,2.6477914042770863
56,kl_loss_3,3.0519675239920616
56,kl_loss_4,3.738414339721203
56,kl_loss_5,2.7812428176403046
56,kl_loss_6,3.2814686559140682
56,kl_loss_7,2.717696201056242
56,kl_loss_8,2.917171511799097
56,kl_loss_9,3.043607644736767
56,loss,6570.1875
57,recon_loss,6577.080271887401
57,kl_loss,29.769398825509207
57,kl_loss_0,2.740461936072698
57,kl_loss_1,2.9781006366487532
57,kl_loss_2,2.633594974638924
57,kl_loss_3,3.0390576862153553
57,kl_loss_4,3.7420022676861477
57,kl_loss_5,2.7387343323419966
57,kl_loss_6,3.2752223733871704
57,kl_loss_7,2.7421178325774176
57,kl_loss_8,2.8823507437630305
57,kl_loss_9,2.997755837818933
57,loss,6606.84968687996
58,recon_loss,6524.887927827381
58,kl_loss,29.81141347733755
58,kl_loss_0,2.7292704960656544
58,kl_loss_1,2.9966808008769203
58,kl_loss_2,2.6112752869015647
58,kl_loss_3,3.069705887446328
58,kl_loss_4,3.7750557377224876
58,kl_loss_5,2.718581623501248
58,kl_loss_6,3.297842029541258
58,kl_loss_7,2.722057993449862
58,kl_loss_8,2.875657626560756
58,kl_loss_9,3.0152860369001115
58,loss,6554.699350508433
59,recon_loss,6540.5744705200195
59,kl_loss,29.925464391708374
59,kl_loss_0,2.756112802773714
59,kl_loss_1,2.996646862477064
59,kl_loss_2,2.6294226087629795
59,kl_loss_3,3.022932253777981
59,kl_loss_4,3.7652082666754723
59,kl_loss_5,2.748180389404297
59,kl_loss_6,3.277462337166071
59,kl_loss_7,2.733514681458473
59,kl_loss_8,2.9285908862948418
59,kl_loss_9,3.0673935934901237
59,loss,6570.49991607666
60,recon_loss,6538.182477678572
60,kl_loss,29.979477746146067
60,kl_loss_0,2.737109377270653
60,kl_loss_1,3.003745158513387
60,kl_loss_2,2.6413232220543756
60,kl_loss_3,3.0954668408348445
60,kl_loss_4,3.7367027411385187
60,kl_loss_5,2.7602486042749312
60,kl_loss_6,3.287362507411412
60,kl_loss_7,2.7295549786280073
60,kl_loss_8,2.9470756205301436
60,kl_loss_9,3.0408888128068714
60,loss,6568.161915612599
61,recon_loss,6527.171107700893
61,kl_loss,30.072581397162544
61,kl_loss_0,2.755073388417562
61,kl_loss_1,3.0121546586354575
61,kl_loss_2,2.655600759718153
61,kl_loss_3,3.0570926060752264
61,kl_loss_4,3.799980958302816
61,kl_loss_5,2.777007719827077
61,kl_loss_6,3.297643161955334
61,kl_loss_7,2.758175910465301
61,kl_loss_8,2.8973359342605347
61,kl_loss_9,3.06251645466638
61,loss,6557.2436600942465
62,recon_loss,6565.836166381836
62,kl_loss,30.22397381067276
62,kl_loss_0,2.7437139190733433
62,kl_loss_1,3.0720931999385357
62,kl_loss_2,2.6218817941844463
62,kl_loss_3,3.1054478585720062
62,kl_loss_4,3.7292170263826847
62,kl_loss_5,2.7216494120657444
62,kl_loss_6,3.356871534138918
62,kl_loss_7,2.770911704748869
62,kl_loss_8,3.0983998477458954
62,kl_loss_9,3.0037874840199947
62,loss,6596.06014251709
63,recon_loss,6530.8125077504965
63,kl_loss,29.98889674837627
63,kl_loss_0,2.7517916285802446
63,kl_loss_1,3.025621985632276
63,kl_loss_2,2.6526289629557778
63,kl_loss_3,3.0115489921872576
63,kl_loss_4,3.7984723250071206
63,kl_loss_5,2.768026548718649
63,kl_loss_6,3.301464319229126
63,kl_loss_7,2.717936678538247
63,kl_loss_8,2.9041512958587163
63,kl_loss_9,3.057254200889951
63,loss,6560.801385788691
64,recon_loss,6529.685252356151
64,kl_loss,29.883027727641757
64,kl_loss_0,2.7558186735425676
64,kl_loss_1,3.0024760337102983
64,kl_loss_2,2.6438230105808804
64,kl_loss_3,2.9836057519155834
64,kl_loss_4,3.829688866933187
64,kl_loss_5,2.766774026174394
64,kl_loss_6,3.2569442627921936
64,kl_loss_7,2.718813460970682
64,kl_loss_8,2.878964764731271
64,kl_loss_9,3.046118986038935
64,loss,6559.568235367064
65,recon_loss,6527.220230102539
65,kl_loss,30.060533970594406
65,kl_loss_0,2.734416477382183
65,kl_loss_1,3.0065279453992844
65,kl_loss_2,2.6366847567260265
65,kl_loss_3,3.04118325188756
65,kl_loss_4,3.802409630268812
65,kl_loss_5,2.758573565632105
65,kl_loss_6,3.2842668779194355
65,kl_loss_7,2.7659201733767986
65,kl_loss_8,2.934215757995844
65,kl_loss_9,3.096335593611002
65,loss,6557.280746459961
66,recon_loss,6550.664519779266
66,kl_loss,30.109248872787234
66,kl_loss_0,2.7536030988844615
66,kl_loss_1,2.985860608872913
66,kl_loss_2,2.6568140567295133
66,kl_loss_3,3.0744529186733187
66,kl_loss_4,3.7761685734703425
66,kl_loss_5,2.7442528898753817
66,kl_loss_6,3.3219641049702964
66,kl_loss_7,2.756329986784193
66,kl_loss_8,2.973633739683363
66,kl_loss_9,3.0661689099811373
66,loss,6580.773786272322
67,recon_loss,6526.681012834822
67,kl_loss,29.827566086299836
67,kl_loss_0,2.7379824509696356
67,kl_loss_1,2.956548471299429
67,kl_loss_2,2.6309105063241627
67,kl_loss_3,3.010430093795534
67,kl_loss_4,3.8281476951780773
67,kl_loss_5,2.7525250306205145
67,kl_loss_6,3.2529845616174122
67,kl_loss_7,2.745468116941906
67,kl_loss_8,2.8516329545823353
67,kl_loss_9,3.060936204970829
67,loss,6556.508564298115
68,recon_loss,6553.650825500488
68,kl_loss,29.787905037403107
68,kl_loss_0,2.73964649066329
68,kl_loss_1,2.9586715064942837
68,kl_loss_2,2.6651287637650967
68,kl_loss_3,2.9984622970223427
68,kl_loss_4,3.817213751375675
68,kl_loss_5,2.726222697645426
68,kl_loss_6,3.2267354764044285
68,kl_loss_7,2.7267801836133003
68,kl_loss_8,2.8734156377613544
68,kl_loss_9,3.055628325790167
68,loss,6583.438735961914
69,recon_loss,6512.207403273809
69,kl_loss,30.132874927823504
69,kl_loss_0,2.743471997124808
69,kl_loss_1,2.9795845879448786
69,kl_loss_2,2.6781009378887357
69,kl_loss_3,3.080335560299101
69,kl_loss_4,3.8444560368855796
69,kl_loss_5,2.7409645678505066
69,kl_loss_6,3.2787125753977944
69,kl_loss_7,2.773027881743416
69,kl_loss_8,2.9228009193662614
69,kl_loss_9,3.0914197876339866
69,loss,6542.340285528274
70,recon_loss,6514.386462983631
70,kl_loss,30.101130197918604
70,kl_loss_0,2.7451593346065946
70,kl_loss_1,2.9913161292908685
70,kl_loss_2,2.6574624947139194
70,kl_loss_3,3.0328095905364507
70,kl_loss_4,3.830028045745123
70,kl_loss_5,2.7417491693345326
70,kl_loss_6,3.2938553000253346
70,kl_loss_7,2.7768651303790866
70,kl_loss_8,2.9313934606219094
70,kl_loss_9,3.1004915086049882
70,loss,6544.487599206349
71,recon_loss,6532.392303466797
71,kl_loss,30.099554121494293
71,kl_loss_0,2.7538852356374264
71,kl_loss_1,2.9927074126899242
71,kl_loss_2,2.668186631053686
71,kl_loss_3,3.084166005253792
71,kl_loss_4,3.842057056725025
71,kl_loss_5,2.7408130392432213
71,kl_loss_6,3.2502590492367744
71,kl_loss_7,2.731203731149435
71,kl_loss_8,2.9412821605801582
71,kl_loss_9,3.094993818551302
71,loss,6562.491828918457
72,recon_loss,6536.778219556051
72,kl_loss,30.052306523398748
72,kl_loss_0,2.7495742260463656
72,kl_loss_1,3.0126725832621255
72,kl_loss_2,2.64800927374098
72,kl_loss_3,3.0192341426062206
72,kl_loss_4,3.8656386647905623
72,kl_loss_5,2.77025067995465
72,kl_loss_6,3.2898054728432307
72,kl_loss_7,2.75349746053181
72,kl_loss_8,2.8771790360647533
72,kl_loss_9,3.0664451841324096
72,loss,6566.830504402282
73,recon_loss,6515.639555431548
73,kl_loss,29.957154228573753
73,kl_loss_0,2.7492094986022466
73,kl_loss_1,3.0090301150367376
73,kl_loss_2,2.6598770467061845
73,kl_loss_3,3.0207417692456926
73,kl_loss_4,3.8487256368001304
73,kl_loss_5,2.7836638443053716
73,kl_loss_6,3.210748487048679
73,kl_loss_7,2.7290816874731156
73,kl_loss_8,2.8891032234070795
73,kl_loss_9,3.056972798847017
73,loss,6545.596733940973
74,recon_loss,6516.430137028769
74,kl_loss,30.1078679221017
74,kl_loss_0,2.7547722354767816
74,kl_loss_1,2.9955737174503385
74,kl_loss_2,2.651218266714187
74,kl_loss_3,3.093609817444332
74,kl_loss_4,3.855158525799948
74,kl_loss_5,2.743046749205816
74,kl_loss_6,3.254950061676994
74,kl_loss_7,2.7362417720613026
74,kl_loss_8,2.9163078845493375
74,kl_loss_9,3.1069890847281805
74,loss,6546.537992931548
75,recon_loss,6535.853607177734
75,kl_loss,30.035720497369766
75,kl_loss_0,2.7510409727692604
75,kl_loss_1,2.981837324798107
75,kl_loss_2,2.657132849097252
75,kl_loss_3,3.1018172688782215
75,kl_loss_4,3.8512828312814236
75,kl_loss_5,2.7368176952004433
75,kl_loss_6,3.210571750998497
75,kl_loss_7,2.7086458168923855
75,kl_loss_8,2.927953626960516
75,kl_loss_9,3.1086203157901764
75,loss,6565.88932800293
76,recon_loss,6544.911380828373
76,kl_loss,30.04956545148577
76,kl_loss_0,2.7222540340726336
76,kl_loss_1,3.0136303409697516
76,kl_loss_2,2.657712013002426
76,kl_loss_3,3.1374956426166354
76,kl_loss_4,3.8318941706702825
76,kl_loss_5,2.743413705674429
76,kl_loss_6,3.2146660524701316
76,kl_loss_7,2.715947139830816
76,kl_loss_8,2.9168505025288414
76,kl_loss_9,3.0957017247639005
76,loss,6574.9609452504965
77,recon_loss,6548.664612785218
77,kl_loss,30.209471929640998
77,kl_loss_0,2.7741645063672746
77,kl_loss_1,3.0092118051317005
77,kl_loss_2,2.6594319759853304
77,kl_loss_3,3.1507301103501093
77,kl_loss_4,3.811592832444206
77,kl_loss_5,2.749824402824281
77,kl_loss_6,3.2208586571708557
77,kl_loss_7,2.7532134812975686
77,kl_loss_8,2.9365797534821527
77,kl_loss_9,3.1438647149101135
77,loss,6578.874077690973
78,recon_loss,6550.8160400390625
78,kl_loss,30.323289424180984
78,kl_loss_0,2.720804788172245
78,kl_loss_1,3.0729391053318977
78,kl_loss_2,2.6814506016671658
78,kl_loss_3,3.1025174111127853
78,kl_loss_4,3.8504268154501915
78,kl_loss_5,2.760138489305973
78,kl_loss_6,3.2658060751855373
78,kl_loss_7,2.7677047960460186
78,kl_loss_8,3.0460246987640858
78,kl_loss_9,3.0554766319692135
78,loss,6581.139350891113
79,recon_loss,6544.355050223215
79,kl_loss,29.983784932938832
79,kl_loss_0,2.6978543485913957
79,kl_loss_1,3.0117970156291176
79,kl_loss_2,2.650729217226543
79,kl_loss_3,3.018160381014385
79,kl_loss_4,3.8580817722138905
79,kl_loss_5,2.7391983592321
79,kl_loss_6,3.192534321830386
79,kl_loss_7,2.7502894628615606
79,kl_loss_8,2.923909104059613
79,kl_loss_9,3.141230995692904
79,loss,6574.338820684524
80,recon_loss,6567.220005580357
80,kl_loss,30.13541142902677
80,kl_loss_0,2.722576375991579
80,kl_loss_1,3.036175663509066
80,kl_loss_2,2.6965097245715914
80,kl_loss_3,3.0350767733558777
80,kl_loss_4,3.845365910303025
80,kl_loss_5,2.753710750549559
80,kl_loss_6,3.2045550270686074
80,kl_loss_7,2.774288707309299
80,kl_loss_8,2.963024517846486
80,kl_loss_9,3.104128016365899
80,loss,6597.35539124504
81,recon_loss,6513.011642456055
81,kl_loss,30.013315081596375
81,kl_loss_0,2.699473202228546
81,kl_loss_1,3.0191829837858677
81,kl_loss_2,2.644958108663559
81,kl_loss_3,3.0076324492692947
81,kl_loss_4,3.90472125262022
81,kl_loss_5,2.7669738307595253
81,kl_loss_6,3.233358908444643
81,kl_loss_7,2.743607610464096
81,kl_loss_8,2.9228059127926826
81,kl_loss_9,3.0706009455025196
81,loss,6543.024971008301
82,recon_loss,6521.974035838293
82,kl_loss,30.255103186955527
82,kl_loss_0,2.7242407231103805
82,kl_loss_1,3.011061471606058
82,kl_loss_2,2.6972635624900696
82,kl_loss_3,3.1108000921824623
82,kl_loss_4,3.8497417654309953
82,kl_loss_5,2.756803698009915
82,kl_loss_6,3.224186655074831
82,kl_loss_7,2.7566336033836243
82,kl_loss_8,2.984405199686686
82,kl_loss_9,3.139966234328255
82,loss,6552.229120163691
83,recon_loss,6547.265989273314
83,kl_loss,30.406739916120255
83,kl_loss_0,2.7169876401386563
83,kl_loss_1,3.043257028337509
83,kl_loss_2,2.7036087248060436
83,kl_loss_3,3.271589161857726
83,kl_loss_4,3.813124762641059
83,kl_loss_5,2.734456524016365
83,kl_loss_6,3.206773595204429
83,kl_loss_7,2.7419865244910833
83,kl_loss_8,2.97167368162246
83,kl_loss_9,3.2032824130285356
83,loss,6577.672727554564
84,recon_loss,6525.7324142456055
84,kl_loss,30.257564544677734
84,kl_loss_0,2.7376446165144444
84,kl_loss_1,3.007805399596691
84,kl_loss_2,2.69724552705884
84,kl_loss_3,3.274081762880087
84,kl_loss_4,3.804177738726139
84,kl_loss_5,2.7431220896542072
84,kl_loss_6,3.1746557392179966
84,kl_loss_7,2.719058260321617
84,kl_loss_8,2.9059155136346817
84,kl_loss_9,3.1938578449189663
84,loss,6555.989974975586
85,recon_loss,6555.521011594742
85,kl_loss,30.196912674676803
85,kl_loss_0,2.7210159907265314
85,kl_loss_1,3.031649975549607
85,kl_loss_2,2.659530991599673
85,kl_loss_3,3.1355483342730808
85,kl_loss_4,3.870277688616798
85,kl_loss_5,2.743940455572946
85,kl_loss_6,3.1652739577823215
85,kl_loss_7,2.779687381926037
85,kl_loss_8,2.9615877166626947
85,kl_loss_9,3.1284002652243963
85,loss,6585.717936197917
86,recon_loss,6540.286721850199
86,kl_loss,30.271107507130456
86,kl_loss_0,2.7088838531857444
86,kl_loss_1,2.9909434961894203
86,kl_loss_2,2.686669080976456
86,kl_loss_3,3.2240506429520863
86,kl_loss_4,3.8544692501189215
86,kl_loss_5,2.7679551442464194
86,kl_loss_6,3.180178055687556
86,kl_loss_7,2.7242938791002547
86,kl_loss_8,2.9612158404456244
86,kl_loss_9,3.172448540490771
86,loss,6570.557841951885
87,recon_loss,6514.967864990234
87,kl_loss,30.33782935142517
87,kl_loss_0,2.7502435222268105
87,kl_loss_1,3.0252721533179283
87,kl_loss_2,2.683527138084173
87,kl_loss_3,3.1116152442991734
87,kl_loss_4,3.9244753941893578
87,kl_loss_5,2.7911308109760284
87,kl_loss_6,3.213559824973345
87,kl_loss_7,2.7670470103621483
87,kl_loss_8,2.9346301034092903
87,kl_loss_9,3.1363281458616257
87,loss,6545.305702209473
88,recon_loss,6511.613568018353
88,kl_loss,30.08530516851516
88,kl_loss_0,2.7337505325438483
88,kl_loss_1,3.0134854203178767
88,kl_loss_2,2.639419646490188
88,kl_loss_3,3.143967692814176
88,kl_loss_4,3.9029842596205455
88,kl_loss_5,2.7461102879236616
88,kl_loss_6,3.1598489549424915
88,kl_loss_7,2.717627351246183
88,kl_loss_8,2.8941758284493098
88,kl_loss_9,3.1339350087302074
88,loss,6541.698869977678
89,recon_loss,6549.23234437004
89,kl_loss,30.44193264794728
89,kl_loss_0,2.7268546838609
89,kl_loss_1,3.0274357644338457
89,kl_loss_2,2.719401476875184
89,kl_loss_3,3.21101795302497
89,kl_loss_4,3.8756399154663086
89,kl_loss_5,2.763621795745123
89,kl_loss_6,3.159840072904314
89,kl_loss_7,2.7423933952573747
89,kl_loss_8,2.9543392582545205
89,kl_loss_9,3.261388229945349
89,loss,6579.6742931547615
90,recon_loss,6539.52042388916
90,kl_loss,30.528815180063248
90,kl_loss_0,2.73702397570014
90,kl_loss_1,3.053577821701765
90,kl_loss_2,2.7078546844422817
90,kl_loss_3,3.2675425969064236
90,kl_loss_4,3.866533789783716
90,kl_loss_5,2.743621464818716
90,kl_loss_6,3.20086632668972
90,kl_loss_7,2.7516669034957886
90,kl_loss_8,3.0328803807497025
90,kl_loss_9,3.1672470942139626
90,loss,6570.049263000488
91,recon_loss,6533.078055245535
91,kl_loss,30.877102685353112
91,kl_loss_0,2.7552903114803255
91,kl_loss_1,3.0964469871823748
91,kl_loss_2,2.7197189331054688
91,kl_loss_3,3.222360607177492
91,kl_loss_4,3.8738369601113454
91,kl_loss_5,2.7990910363575767
91,kl_loss_6,3.3129783168671625
91,kl_loss_7,2.7826786457546175
91,kl_loss_8,3.2107919095054505
91,kl_loss_9,3.1039090913439553
91,loss,6563.955163380457
92,recon_loss,6529.965060763889
92,kl_loss,30.591081558711945
92,kl_loss_0,2.735536605592758
92,kl_loss_1,3.052610840116228
92,kl_loss_2,2.7194869669656905
92,kl_loss_3,3.329931959273323
92,kl_loss_4,3.8841575327373685
92,kl_loss_5,2.7588405760507735
92,kl_loss_6,3.164474858178033
92,kl_loss_7,2.720813028396122
92,kl_loss_8,2.9966530724177285
92,kl_loss_9,3.2285760924929665
92,loss,6560.556136842758
93,recon_loss,6520.636444091797
93,kl_loss,30.492303997278214
93,kl_loss_0,2.715039871633053
93,kl_loss_1,3.0406508930027485
93,kl_loss_2,2.728001367300749
93,kl_loss_3,3.2887037433683872
93,kl_loss_4,3.9031496718525887
93,kl_loss_5,2.7644306793808937
93,kl_loss_6,3.1791539676487446
93,kl_loss_7,2.733018521219492
93,kl_loss_8,2.986099526286125
93,kl_loss_9,3.154055569320917
93,loss,6551.128730773926
94,recon_loss,6550.619900173611
94,kl_loss,30.360409146263486
94,kl_loss_0,2.7428976391989086
94,kl_loss_1,3.0098422292679077
94,kl_loss_2,2.700612707743569
94,kl_loss_3,3.2921262014479864
94,kl_loss_4,3.858576282622322
94,kl_loss_5,2.736607074737549
94,kl_loss_6,3.1913826616983565
94,kl_loss_7,2.706857961321634
94,kl_loss_8,2.948638393765404
94,kl_loss_9,3.172867725765894
94,loss,6580.980305989583
95,recon_loss,6564.951443142361
95,kl_loss,30.18424397423154
95,kl_loss_0,2.71432436080206
95,kl_loss_1,2.9863189780522905
95,kl_loss_2,2.7053293538472007
95,kl_loss_3,3.2056990313151528
95,kl_loss_4,3.8404136877211315
95,kl_loss_5,2.7241934178367493
95,kl_loss_6,3.174630388380989
95,kl_loss_7,2.6810280027843656
95,kl_loss_8,2.9922298628186423
95,kl_loss_9,3.160076875535269
95,loss,6595.135656932043
96,recon_loss,6534.521469116211
96,kl_loss,30.589133828878403
96,kl_loss_0,2.7729754261672497
96,kl_loss_1,3.0209837332367897
96,kl_loss_2,2.6956116408109665
96,kl_loss_3,3.246429719030857
96,kl_loss_4,3.8918948471546173
96,kl_loss_5,2.7416978776454926
96,kl_loss_6,3.201704267412424
96,kl_loss_7,2.7303489670157433
96,kl_loss_8,3.0064836889505386
96,kl_loss_9,3.2810037694871426
96,loss,6565.1106033325195
97,recon_loss,6553.339595734127
97,kl_loss,30.73770429217626
97,kl_loss_0,2.707480339776902
97,kl_loss_1,3.087231575496613
97,kl_loss_2,2.7035303797040666
97,kl_loss_3,3.2633933226267495
97,kl_loss_4,3.911105401932247
97,kl_loss_5,2.7338984845176575
97,kl_loss_6,3.2127489627353727
97,kl_loss_7,2.76086952194335
97,kl_loss_8,3.1194538691687206
97,kl_loss_9,3.237992483472067
97,loss,6584.077311197917
98,recon_loss,6556.9978763640875
98,kl_loss,31.130410118708536
98,kl_loss_0,2.7370719455537342
98,kl_loss_1,3.108380529615614
98,kl_loss_2,2.7189213775453114
98,kl_loss_3,3.3484199274153936
98,kl_loss_4,3.8973410999964155
98,kl_loss_5,2.7587037881215415
98,kl_loss_6,3.2768145894247387
98,kl_loss_7,2.7666936261313304
98,kl_loss_8,3.3262879167284285
98,kl_loss_9,3.1917756020076693
98,loss,6588.1282629588295
99,recon_loss,6543.9729740203375
99,kl_loss,30.79412221151685
99,kl_loss_0,2.712021869326395
99,kl_loss_1,3.0271619123125832
99,kl_loss_2,2.715916849318005
99,kl_loss_3,3.283798437269907
99,kl_loss_4,3.8912596248445057
99,kl_loss_5,2.744208642414638
99,kl_loss_6,3.238358429500035
99,kl_loss_7,2.7946810116843572
99,kl_loss_8,3.1877661281161838
99,kl_loss_9,3.1989492953769743
99,loss,6574.767105344742
100,recon_loss,6527.670928955078
100,kl_loss,30.6896213889122
100,kl_loss_0,2.747956298291683
100,kl_loss_1,3.007606014609337
100,kl_loss_2,2.733232706785202
100,kl_loss_3,3.282984759658575
100,kl_loss_4,3.961004339158535
100,kl_loss_5,2.793168894946575
100,kl_loss_6,3.1766323931515217
100,kl_loss_7,2.744439236819744
100,kl_loss_8,3.005409322679043
100,kl_loss_9,3.23718748614192
100,loss,6558.360549926758
101,recon_loss,6538.474392361111
101,kl_loss,30.712718146187918
101,kl_loss_0,2.7216876764146107
101,kl_loss_1,3.0039975378248425
101,kl_loss_2,2.759335638984801
101,kl_loss_3,3.3482993216741654
101,kl_loss_4,3.8958170111217196
101,kl_loss_5,2.7336757107386513
101,kl_loss_6,3.1754588664524137
101,kl_loss_7,2.7653959440806557
101,kl_loss_8,2.9645074132889038
101,kl_loss_9,3.3445430256071544
101,loss,6569.187135726686
102,recon_loss,6537.578853546627
102,kl_loss,30.432584126790363
102,kl_loss_0,2.72909971267458
102,kl_loss_1,2.9922757110898455
102,kl_loss_2,2.717165685835339
102,kl_loss_3,3.2801794778733027
102,kl_loss_4,3.925147522063482
102,kl_loss_5,2.73045043339805
102,kl_loss_6,3.147054713869852
102,kl_loss_7,2.742562653526427
102,kl_loss_8,2.9645361408354742
102,kl_loss_9,3.2041122875516375
102,loss,6568.011447482639
103,recon_loss,6526.630027770996
103,kl_loss,30.469299525022507
103,kl_loss_0,2.7235832661390305
103,kl_loss_1,2.9861702769994736
103,kl_loss_2,2.727843191474676
103,kl_loss_3,3.2779350988566875
103,kl_loss_4,3.930296927690506
103,kl_loss_5,2.760433528572321
103,kl_loss_6,3.159413643181324
103,kl_loss_7,2.7012500129640102
103,kl_loss_8,2.933517813682556
103,kl_loss_9,3.2688558362424374
103,loss,6557.099349975586
104,recon_loss,6551.667666480655
104,kl_loss,30.35764757792155
104,kl_loss_0,2.711632895091223
104,kl_loss_1,2.9758167683132113
104,kl_loss_2,2.701421041337271
104,kl_loss_3,3.2053820670597135
104,kl_loss_4,3.9446394746265714
104,kl_loss_5,2.78038285649012
104,kl_loss_6,3.165759256907872
104,kl_loss_7,2.72864358008854
104,kl_loss_8,2.926994039898827
104,kl_loss_9,3.21697541645595
104,loss,6582.025297619048
105,recon_loss,6514.924587673611
105,kl_loss,30.492884136381605
105,kl_loss_0,2.720440050912282
105,kl_loss_1,2.9751502105167935
105,kl_loss_2,2.7034972054617747
105,kl_loss_3,3.252927621205648
105,kl_loss_4,3.924028937778776
105,kl_loss_5,2.7715296631767634
105,kl_loss_6,3.179808559871855
105,kl_loss_7,2.7031097752707347
105,kl_loss_8,2.9859593293023488
105,kl_loss_9,3.2764329266926597
105,loss,6545.417464967758
106,recon_loss,6559.827072143555
106,kl_loss,30.327218383550644
106,kl_loss_0,2.7280463203787804
106,kl_loss_1,2.974057722836733
106,kl_loss_2,2.7104804776608944
106,kl_loss_3,3.264656987041235
106,kl_loss_4,3.917903508991003
106,kl_loss_5,2.759082980453968
106,kl_loss_6,3.1493632569909096
106,kl_loss_7,2.666484735906124
106,kl_loss_8,2.9539291486144066
106,kl_loss_9,3.2032132856547832
106,loss,6590.154319763184
107,recon_loss,6526.576528397817
107,kl_loss,30.339037547035822
107,kl_loss_0,2.724379706004309
107,kl_loss_1,3.025313664996435
107,kl_loss_2,2.713909349744282
107,kl_loss_3,3.2403773618122886
107,kl_loss_4,3.924224410738264
107,kl_loss_5,2.762491086172679
107,kl_loss_6,3.1389779855334567
107,kl_loss_7,2.697092756392464
107,kl_loss_8,2.9187266372499012
107,kl_loss_9,3.193544376464117
107,loss,6556.915566096231
108,recon_loss,6536.101430741567
108,kl_loss,30.485037213280087
108,kl_loss_0,2.746889595001463
108,kl_loss_1,3.0009959311712358
108,kl_loss_2,2.7596273952060275
108,kl_loss_3,3.2641960817670066
108,kl_loss_4,3.8991849838741244
108,kl_loss_5,2.772656618602692
108,kl_loss_6,3.1683976385328503
108,kl_loss_7,2.708255612660968
108,kl_loss_8,2.889625594729469
108,kl_loss_9,3.2752077806563604
108,loss,6566.586472284226
109,recon_loss,6530.289215087891
109,kl_loss,30.215733498334885
109,kl_loss_0,2.721485733985901
109,kl_loss_1,3.0102552585303783
109,kl_loss_2,2.68480172380805
109,kl_loss_3,3.2003555484116077
109,kl_loss_4,3.944590784609318
109,kl_loss_5,2.7829695865511894
109,kl_loss_6,3.1478391513228416
109,kl_loss_7,2.6935399435460567
109,kl_loss_8,2.901414778083563
109,kl_loss_9,3.1284810081124306
109,loss,6560.504959106445
110,recon_loss,6553.4936755952385
110,kl_loss,30.526093770587256
110,kl_loss_0,2.7548803791167242
110,kl_loss_1,3.0007872165195524
110,kl_loss_2,2.7191206462799555
110,kl_loss_3,3.251249063582647
110,kl_loss_4,3.9009653500148227
110,kl_loss_5,2.7737048807598295
110,kl_loss_6,3.209267673038301
110,kl_loss_7,2.750534076539297
110,kl_loss_8,2.9099943410782587
110,kl_loss_9,3.255590276112632
110,loss,6584.019771515377
111,recon_loss,6531.557229662699
111,kl_loss,30.62890116373698
111,kl_loss_0,2.757298223556034
111,kl_loss_1,3.015795351966979
111,kl_loss_2,2.7682274144793313
111,kl_loss_3,3.2303307207803877
111,kl_loss_4,3.9581854646168058
111,kl_loss_5,2.788904996145339
111,kl_loss_6,3.194096523617941
111,kl_loss_7,2.7169615654718307
111,kl_loss_8,2.905901961856418
111,kl_loss_9,3.2931988390665206
111,loss,6562.186143663194
112,recon_loss,6517.991752624512
112,kl_loss,30.85284385085106
112,kl_loss_0,2.6885466165840626
112,kl_loss_1,3.070128783583641
112,kl_loss_2,2.7171816676855087
112,kl_loss_3,3.3416782431304455
112,kl_loss_4,3.9733316004276276
112,kl_loss_5,2.787890024483204
112,kl_loss_6,3.1675213649868965
112,kl_loss_7,2.715495966374874
112,kl_loss_8,3.135415483266115
112,kl_loss_9,3.2556541077792645
112,loss,6548.844589233398
113,recon_loss,6524.151630704365
113,kl_loss,30.776862341260152
113,kl_loss_0,2.747635107191782
113,kl_loss_1,3.0306189590030246
113,kl_loss_2,2.7432395617167153
113,kl_loss_3,3.2785443881201366
113,kl_loss_4,3.9528734419080944
113,kl_loss_5,2.7778042195335266
113,kl_loss_6,3.2241308954026966
113,kl_loss_7,2.717470645904541
113,kl_loss_8,3.081229255312965
113,kl_loss_9,3.223315874735514
113,loss,6554.928470672123
114,recon_loss,6531.262168278769
114,kl_loss,30.472891974070716
114,kl_loss_0,2.718769209725516
114,kl_loss_1,2.985456587776305
114,kl_loss_2,2.766076341507927
114,kl_loss_3,3.2462241763160344
114,kl_loss_4,3.9075672096676297
114,kl_loss_5,2.788703233476669
114,kl_loss_6,3.155357587905157
114,kl_loss_7,2.7060366206698947
114,kl_loss_8,2.9252795189146013
114,kl_loss_9,3.2734215070330905
114,loss,6561.735057043651
115,recon_loss,6507.997764587402
115,kl_loss,30.496990144252777
115,kl_loss_0,2.6858085431158543
115,kl_loss_1,2.994001530110836
115,kl_loss_2,2.692292094230652
115,kl_loss_3,3.1859925389289856
115,kl_loss_4,3.995363913476467
115,kl_loss_5,2.759236078709364
115,kl_loss_6,3.247340440750122
115,kl_loss_7,2.7578348964452744
115,kl_loss_8,2.918263141065836
115,kl_loss_9,3.260856956243515
115,loss,6538.4947509765625
116,recon_loss,6562.085712735615
116,kl_loss,30.37864185514904
116,kl_loss_0,2.6955929105243985
116,kl_loss_1,2.9649490666767906
116,kl_loss_2,2.7056111835298085
116,kl_loss_3,3.1732289072067017
116,kl_loss_4,3.947735074966673
116,kl_loss_5,2.756695278107174
116,kl_loss_6,3.2163216651432096
116,kl_loss_7,2.7105473147498236
116,kl_loss_8,2.921085270624312
116,kl_loss_9,3.2868753879789323
116,loss,6592.464370969742
117,recon_loss,6536.391539558532
117,kl_loss,30.590277051168776
117,kl_loss_0,2.6841168100871737
117,kl_loss_1,2.9965814333113414
117,kl_loss_2,2.7423706281752813
117,kl_loss_3,3.288577431724185
117,kl_loss_4,3.906241738607013
117,kl_loss_5,2.7603634576948863
117,kl_loss_6,3.1937617460886636
117,kl_loss_7,2.706191588961889
117,kl_loss_8,2.955436903332907
117,kl_loss_9,3.356635082335699
117,loss,6566.981832837301
118,recon_loss,6537.06689453125
118,kl_loss,30.710108071565628
118,kl_loss_0,2.729859784245491
118,kl_loss_1,2.992325834929943
118,kl_loss_2,2.755306988954544
118,kl_loss_3,3.3625425957143307
118,kl_loss_4,3.890400104224682
118,kl_loss_5,2.7736847773194313
118,kl_loss_6,3.195881273597479
118,kl_loss_7,2.6968169808387756
118,kl_loss_8,2.9262146912515163
118,kl_loss_9,3.3870749101042747
118,loss,6567.777000427246
119,recon_loss,6511.365265376984
119,kl_loss,30.6929988861084
119,kl_loss_0,2.723654413980151
119,kl_loss_1,3.0091662482609824
119,kl_loss_2,2.7810305186680386
119,kl_loss_3,3.2450962293715704
119,kl_loss_4,3.958692297102913
119,kl_loss_5,2.8024698628319635
119,kl_loss_6,3.221140846373543
119,kl_loss_7,2.7096973184555297
119,kl_loss_8,2.941861735449897
119,kl_loss_9,3.3001893361409507
119,loss,6542.0582604786705
120,recon_loss,6517.095579117064
120,kl_loss,30.6614312368726
120,kl_loss_0,2.7472485360645114
120,kl_loss_1,3.024445586734348
120,kl_loss_2,2.727876159879896
120,kl_loss_3,3.214781575732761
120,kl_loss_4,4.00355671322535
120,kl_loss_5,2.8150632759881398
120,kl_loss_6,3.1835976138947504
120,kl_loss_7,2.7282627612825423
120,kl_loss_8,2.9058140837956987
120,kl_loss_9,3.3107849113524908
120,loss,6547.756998697917
121,recon_loss,6563.584548950195
121,kl_loss,30.746046632528305
121,kl_loss_0,2.742173485457897
121,kl_loss_1,3.002755668014288
121,kl_loss_2,2.7713729441165924
121,kl_loss_3,3.205808375030756
121,kl_loss_4,3.9541692659258842
121,kl_loss_5,2.8389305621385574
121,kl_loss_6,3.189767599105835
121,kl_loss_7,2.739037297666073
121,kl_loss_8,2.9257992021739483
121,kl_loss_9,3.3762323036789894
121,loss,6594.330581665039
122,recon_loss,6532.668371775793
122,kl_loss,30.558496747698104
122,kl_loss_0,2.750807463176667
122,kl_loss_1,2.9801293327694847
122,kl_loss_2,2.7656278875139026
122,kl_loss_3,3.1959588754744757
122,kl_loss_4,3.9604704909854465
122,kl_loss_5,2.7953428238157243
122,kl_loss_6,3.1611745925176713
122,kl_loss_7,2.725949794527084
122,kl_loss_8,2.9008034827217224
122,kl_loss_9,3.322231890663268
122,loss,6563.226903521825
123,recon_loss,6535.263834635417
123,kl_loss,30.46598770504906
123,kl_loss_0,2.7040594078245617
123,kl_loss_1,2.990977552202013
123,kl_loss_2,2.737618503116426
123,kl_loss_3,3.19421212635343
123,kl_loss_4,3.920119058518183
123,kl_loss_5,2.787832744537838
123,kl_loss_6,3.16854122706822
123,kl_loss_7,2.7239541401938787
123,kl_loss_8,2.9072882637145026
123,kl_loss_9,3.3313845225742886
123,loss,6565.729840959822
124,recon_loss,6536.536799355159
124,kl_loss,30.533235126071506
124,kl_loss_0,2.7310598691304526
124,kl_loss_1,2.9775204128689237
124,kl_loss_2,2.7164189739832802
124,kl_loss_3,3.1720512102520657
124,kl_loss_4,3.9449031239464167
124,kl_loss_5,2.766688831268795
124,kl_loss_6,3.2120048961942156
124,kl_loss_7,2.7405173437935963
124,kl_loss_8,2.9258592658572726
124,kl_loss_9,3.3462110965970964
124,loss,6567.070048983135
125,recon_loss,6530.447692871094
125,kl_loss,30.758386373519897
125,kl_loss_0,2.730611629784107
125,kl_loss_1,2.989744883030653
125,kl_loss_2,2.7562568709254265
125,kl_loss_3,3.340730108320713
125,kl_loss_4,3.883408084511757
125,kl_loss_5,2.782281707972288
125,kl_loss_6,3.1923698112368584
125,kl_loss_7,2.726582258939743
125,kl_loss_8,2.97125556319952
125,kl_loss_9,3.3851456493139267
125,loss,6561.206077575684
126,recon_loss,6510.155164930556
126,kl_loss,31.066276883322097
126,kl_loss_0,2.7495469857775974
126,kl_loss_1,2.978542354371813
126,kl_loss_2,2.772281798105391
126,kl_loss_3,3.4460473211984786
126,kl_loss_4,3.897078869834779
126,kl_loss_5,2.7604212382483104
126,kl_loss_6,3.22908616065979
126,kl_loss_7,2.7398211728958857
126,kl_loss_8,2.9633338981204562
126,kl_loss_9,3.530117091678438
126,loss,6541.221408420139
127,recon_loss,6560.68791077629
127,kl_loss,30.954011493259006
127,kl_loss_0,2.715698855263846
127,kl_loss_1,3.0746975134289456
127,kl_loss_2,2.7117271536872503
127,kl_loss_3,3.3279003605010016
127,kl_loss_4,3.924509574496557
127,kl_loss_5,2.7622740987747436
127,kl_loss_6,3.2248144111936052
127,kl_loss_7,2.7517373788924444
127,kl_loss_8,3.087954699047028
127,kl_loss_9,3.3726974479735845
127,loss,6591.641888330853
128,recon_loss,6510.451644897461
128,kl_loss,30.893101155757904
128,kl_loss_0,2.7210759222507477
128,kl_loss_1,2.9911530390381813
128,kl_loss_2,2.763394605368376
128,kl_loss_3,3.399162605404854
128,kl_loss_4,3.8912122771143913
128,kl_loss_5,2.7611751966178417
128,kl_loss_6,3.2261969670653343
128,kl_loss_7,2.7332157343626022
128,kl_loss_8,2.944592773914337
128,kl_loss_9,3.46192167699337
128,loss,6541.344764709473
129,recon_loss,6528.016710069444
129,kl_loss,30.76732620360359
129,kl_loss_0,2.6868159846654014
129,kl_loss_1,2.9696593322451155
129,kl_loss_2,2.7543911328391424
129,kl_loss_3,3.4487398200564914
129,kl_loss_4,3.9000403237721275
129,kl_loss_5,2.739831943360586
129,kl_loss_6,3.1512767284635514
129,kl_loss_7,2.7115112713405063
129,kl_loss_8,2.8615223642379517
129,kl_loss_9,3.5435372307187034
129,loss,6558.783993675595
130,recon_loss,6527.643539186508
130,kl_loss,30.736793820820157
130,kl_loss_0,2.7394124553317116
130,kl_loss_1,2.9778816851358565
130,kl_loss_2,2.78601516617669
130,kl_loss_3,3.3471547194889615
130,kl_loss_4,3.884073124991523
130,kl_loss_5,2.798210125120859
130,kl_loss_6,3.188262659405905
130,kl_loss_7,2.6973474971831792
130,kl_loss_8,2.8858160253555054
130,kl_loss_9,3.432620343707857
130,loss,6558.3803478422615
131,recon_loss,6529.4436111450195
131,kl_loss,30.722860157489777
131,kl_loss_0,2.716707292944193
131,kl_loss_1,2.957063462585211
131,kl_loss_2,2.793256539851427
131,kl_loss_3,3.3885227888822556
131,kl_loss_4,3.897737193852663
131,kl_loss_5,2.7586275078356266
131,kl_loss_6,3.1908192969858646
131,kl_loss_7,2.6920965425670147
131,kl_loss_8,2.8784935995936394
131,kl_loss_9,3.4495359659194946
131,loss,6560.166488647461
132,recon_loss,6536.118722098215
132,kl_loss,30.81090600149972
132,kl_loss_0,2.7266686227586536
132,kl_loss_1,2.952517479185074
132,kl_loss_2,2.7481008824847994
132,kl_loss_3,3.3845204625810896
132,kl_loss_4,3.9453718094598678
132,kl_loss_5,2.805543396208021
132,kl_loss_6,3.1790673430003817
132,kl_loss_7,2.71141118851919
132,kl_loss_8,2.891392329382518
132,kl_loss_9,3.4663125825306724
132,loss,6566.929656498016
133,recon_loss,6536.152413504465
133,kl_loss,30.75024395897275
133,kl_loss_0,2.699708681257944
133,kl_loss_1,3.0043074479178777
133,kl_loss_2,2.7739281011006187
133,kl_loss_3,3.3450512583293612
133,kl_loss_4,3.932803638397701
133,kl_loss_5,2.7707410274990023
133,kl_loss_6,3.2108216701991976
133,kl_loss_7,2.7038720373123413
133,kl_loss_8,2.9583768087720115
133,kl_loss_9,3.350633261695741
133,loss,6566.902646019345
134,recon_loss,6531.3144454956055
134,kl_loss,30.876702308654785
134,kl_loss_0,2.716535497456789
134,kl_loss_1,2.9544599168002605
134,kl_loss_2,2.8086133375763893
134,kl_loss_3,3.3349647037684917
134,kl_loss_4,3.983102072030306
134,kl_loss_5,2.812519647181034
134,kl_loss_6,3.2508711516857147
134,kl_loss_7,2.6968338042497635
134,kl_loss_8,2.9078026860952377
134,kl_loss_9,3.410999394953251
134,loss,6562.1911544799805
135,recon_loss,6532.695909288194
135,kl_loss,31.021012624104817
135,kl_loss_0,2.7240716654156882
135,kl_loss_1,2.9551408744993664
135,kl_loss_2,2.811794330203344
135,kl_loss_3,3.419108545969403
135,kl_loss_4,3.9339399981120278
135,kl_loss_5,2.7909268916599332
135,kl_loss_6,3.2190671837519087
135,kl_loss_7,2.6983525980086553
135,kl_loss_8,2.893243327973381
135,kl_loss_9,3.575366981445797
135,loss,6563.716936383928
136,recon_loss,6540.609142485119
136,kl_loss,30.65970914326017
136,kl_loss_0,2.6776920878697954
136,kl_loss_1,2.9602166660248286
136,kl_loss_2,2.7928401174999418
136,kl_loss_3,3.346870982457721
136,kl_loss_4,3.8848306905655634
136,kl_loss_5,2.7635086566682845
136,kl_loss_6,3.2154882029881553
136,kl_loss_7,2.66923831758045
136,kl_loss_8,2.876660256158738
136,kl_loss_9,3.4723630784049866
136,loss,6571.268849206349
137,recon_loss,6556.061798095703
137,kl_loss,31.00844693183899
137,kl_loss_0,2.708653248846531
137,kl_loss_1,2.969202648848295
137,kl_loss_2,2.800493612885475
137,kl_loss_3,3.501908764243126
137,kl_loss_4,3.8500453531742096
137,kl_loss_5,2.7926229685544968
137,kl_loss_6,3.218399252742529
137,kl_loss_7,2.6554633416235447
137,kl_loss_8,2.888500824570656
137,kl_loss_9,3.6231568418443203
137,loss,6587.070251464844
138,recon_loss,6513.056818886409
138,kl_loss,30.737515646313863
138,kl_loss_0,2.7370128782968672
138,kl_loss_1,2.9784608190021817
138,kl_loss_2,2.7992651349022273
138,kl_loss_3,3.403334693303184
138,kl_loss_4,3.856810425955152
138,kl_loss_5,2.783519884896657
138,kl_loss_6,3.171992067306761
138,kl_loss_7,2.6657000193520197
138,kl_loss_8,2.8599972270783924
138,kl_loss_9,3.4814225264957974
138,loss,6543.794325086806
139,recon_loss,6552.44865296379
139,kl_loss,30.858333890400235
139,kl_loss_0,2.727753484059894
139,kl_loss_1,3.000399774975247
139,kl_loss_2,2.82384845567128
139,kl_loss_3,3.3338460733020114
139,kl_loss_4,3.8652438247014604
139,kl_loss_5,2.807031131926037
139,kl_loss_6,3.257732395141844
139,kl_loss_7,2.705085970106579
139,kl_loss_8,2.8862118948073614
139,kl_loss_9,3.451181105204991
139,loss,6583.306997147817
140,recon_loss,6524.167930603027
140,kl_loss,30.47884765267372
140,kl_loss_0,2.7145875692367554
140,kl_loss_1,2.9723651856184006
140,kl_loss_2,2.7720217183232307
140,kl_loss_3,3.2990060225129128
140,kl_loss_4,3.878515589982271
140,kl_loss_5,2.7641276456415653
140,kl_loss_6,3.1736350879073143
140,kl_loss_7,2.6628433763980865
140,kl_loss_8,2.8320417031645775
140,kl_loss_9,3.4097039327025414
140,loss,6554.646781921387
141,recon_loss,6522.1123279389885
141,kl_loss,30.46860924978105
141,kl_loss_0,2.6856121714152987
141,kl_loss_1,2.9421193334791393
141,kl_loss_2,2.7660775979359946
141,kl_loss_3,3.263415775601826
141,kl_loss_4,3.890719213182964
141,kl_loss_5,2.774141243525914
141,kl_loss_6,3.190823785842411
141,kl_loss_7,2.6580327200511147
141,kl_loss_8,2.845613097387647
141,kl_loss_9,3.4520546178969127
141,loss,6552.580938430059
142,recon_loss,6545.419224330357
142,kl_loss,30.423177446637833
142,kl_loss_0,2.7248520964667913
142,kl_loss_1,2.9564774906824507
142,kl_loss_2,2.779438401025439
142,kl_loss_3,3.2041856220790317
142,kl_loss_4,3.898830145124405
142,kl_loss_5,2.7841085782126775
142,kl_loss_6,3.199385048851134
142,kl_loss_7,2.67100004922776
142,kl_loss_8,2.8310488594902887
142,kl_loss_9,3.3738513446989513
142,loss,6575.842385912699
143,recon_loss,6546.395645141602
143,kl_loss,30.520777314901352
143,kl_loss_0,2.739330679178238
143,kl_loss_1,2.954476810991764
143,kl_loss_2,2.8125272765755653
143,kl_loss_3,3.197015520185232
143,kl_loss_4,3.9642048440873623
143,kl_loss_5,2.7802383713424206
143,kl_loss_6,3.2230362109839916
143,kl_loss_7,2.7139489986002445
143,kl_loss_8,2.820577424019575
143,kl_loss_9,3.3154211305081844
143,loss,6576.916397094727
144,recon_loss,6529.3486405629965
144,kl_loss,30.335528419131325
144,kl_loss_0,2.733957949138823
144,kl_loss_1,2.9857200705815874
144,kl_loss_2,2.811432403231424
144,kl_loss_3,3.1638240473611012
144,kl_loss_4,3.9394294042435902
144,kl_loss_5,2.8158490430741083
144,kl_loss_6,3.1892056957123773
144,kl_loss_7,2.6841961694142173
144,kl_loss_8,2.824940280308799
144,kl_loss_9,3.186973185766311
144,loss,6559.684167286707
145,recon_loss,6549.997302827381
145,kl_loss,30.445505323864165
145,kl_loss_0,2.7060493628184
145,kl_loss_1,2.9268975749848383
145,kl_loss_2,2.7673939598931208
145,kl_loss_3,3.238536206502763
145,kl_loss_4,3.949484446692088
145,kl_loss_5,2.802000064698477
145,kl_loss_6,3.1923342167385043
145,kl_loss_7,2.683486995242891
145,kl_loss_8,2.7888664896526034
145,kl_loss_9,3.390455821203807
145,loss,6580.442816840277
146,recon_loss,6526.495216369629
146,kl_loss,30.39554324746132
146,kl_loss_0,2.730445936322212
146,kl_loss_1,2.9375440664589405
146,kl_loss_2,2.773219771683216
146,kl_loss_3,3.1858351677656174
146,kl_loss_4,3.9303247332572937
146,kl_loss_5,2.819705296307802
146,kl_loss_6,3.2372590117156506
146,kl_loss_7,2.657719124108553
146,kl_loss_8,2.8118790723383427
146,kl_loss_9,3.3116113506257534
146,loss,6556.890739440918
147,recon_loss,6518.251240079365
147,kl_loss,30.64238944886223
147,kl_loss_0,2.758642972461761
147,kl_loss_1,2.9691526284293523
147,kl_loss_2,2.882178476878575
147,kl_loss_3,3.2056312182592968
147,kl_loss_4,3.9642733581482417
147,kl_loss_5,2.825543668535021
147,kl_loss_6,3.2254149421812994
147,kl_loss_7,2.7034512739332897
147,kl_loss_8,2.800354934874035
147,kl_loss_9,3.3077458389221674
147,loss,6548.893655443949
148,recon_loss,6539.5122302827385
148,kl_loss,30.907174458579412
148,kl_loss_0,2.7661104580712697
148,kl_loss_1,2.9519475225418335
148,kl_loss_2,2.875568942418174
148,kl_loss_3,3.273216179439
148,kl_loss_4,3.9124011539277577
148,kl_loss_5,2.826927559716361
148,kl_loss_6,3.2210064918275862
148,kl_loss_7,2.6953983004131015
148,kl_loss_8,2.8389669789208307
148,kl_loss_9,3.545630682082403
148,loss,6570.4194258432535
149,recon_loss,6512.603662884425
149,kl_loss,30.997372733222115
149,kl_loss_0,2.7481545834314254
149,kl_loss_1,2.9694300681825667
149,kl_loss_2,2.8337129524775913
149,kl_loss_3,3.331830357748365
149,kl_loss_4,3.937956862979465
149,kl_loss_5,2.8113936166914684
149,kl_loss_6,3.256914630768791
149,kl_loss_7,2.6994798524039134
149,kl_loss_8,2.8577842523181247
149,kl_loss_9,3.550715726519388
149,loss,6543.601019965277
150,recon_loss,6519.8093338012695
150,kl_loss,30.7841374874115
150,kl_loss_0,2.7441416233778
150,kl_loss_1,2.948873072862625
150,kl_loss_2,2.807496551424265
150,kl_loss_3,3.3103031404316425
150,kl_loss_4,3.9470120444893837
150,kl_loss_5,2.769104763865471
150,kl_loss_6,3.216891311109066
150,kl_loss_7,2.7051830403506756
150,kl_loss_8,2.85969602689147
150,kl_loss_9,3.475435748696327
150,loss,6550.593460083008
151,recon_loss,6521.7846602182535
151,kl_loss,31.091237053038583
151,kl_loss_0,2.7207537454272073
151,kl_loss_1,3.0236013011326865
151,kl_loss_2,2.7653596174149286
151,kl_loss_3,3.375537622542608
151,kl_loss_4,3.9883397571624273
151,kl_loss_5,2.80329752346826
151,kl_loss_6,3.233604809594533
151,kl_loss_7,2.7137180472177174
151,kl_loss_8,2.9451863311585926
151,kl_loss_9,3.521837942183964
151,loss,6552.875891307043
152,recon_loss,6505.895724826389
152,kl_loss,30.69220721532428
152,kl_loss_0,2.7467353343963623
152,kl_loss_1,2.9624571838076155
152,kl_loss_2,2.76485960824149
152,kl_loss_3,3.24219855051192
152,kl_loss_4,3.978150000647893
152,kl_loss_5,2.8245415309118846
152,kl_loss_6,3.203672666398306
152,kl_loss_7,2.6965193937695218
152,kl_loss_8,2.866670915058681
152,kl_loss_9,3.406402001305232
152,loss,6536.587960379465
153,recon_loss,6517.3046875
153,kl_loss,30.96823224425316
153,kl_loss_0,2.694180592894554
153,kl_loss_1,2.9529587775468826
153,kl_loss_2,2.7863661125302315
153,kl_loss_3,3.459690924733877
153,kl_loss_4,3.9238368831574917
153,kl_loss_5,2.7776473723351955
153,kl_loss_6,3.1783487759530544
153,kl_loss_7,2.673675399273634
153,kl_loss_8,2.919954687356949
153,kl_loss_9,3.6015727184712887
153,loss,6548.272895812988
154,recon_loss,6511.400809151785
154,kl_loss,31.085996839735245
154,kl_loss_0,2.712319192432222
154,kl_loss_1,2.9807225598229303
154,kl_loss_2,2.815825239060417
154,kl_loss_3,3.4387346525040883
154,kl_loss_4,3.9189290546235585
154,kl_loss_5,2.777088240971641
154,kl_loss_6,3.283499963699825
154,kl_loss_7,2.687912078130813
154,kl_loss_8,2.8672756164792985
154,kl_loss_9,3.603690204166231
154,loss,6542.4867931547615
155,recon_loss,6509.152142237103
155,kl_loss,31.095364464653862
155,kl_loss_0,2.71479452602447
155,kl_loss_1,3.002784252166748
155,kl_loss_2,2.81961222678896
155,kl_loss_3,3.3842534754011364
155,kl_loss_4,3.9470807332841176
155,kl_loss_5,2.802893873244997
155,kl_loss_6,3.2755483407822865
155,kl_loss_7,2.6902205489930653
155,kl_loss_8,2.939325075300913
155,kl_loss_9,3.518851424020434
155,loss,6540.247473338293
156,recon_loss,6521.105010986328
156,kl_loss,31.058582574129105
156,kl_loss_0,2.7302499674260616
156,kl_loss_1,2.9733290188014507
156,kl_loss_2,2.8511194437742233
156,kl_loss_3,3.331427648663521
156,kl_loss_4,3.9711250253021717
156,kl_loss_5,2.802439011633396
156,kl_loss_6,3.258212123066187
156,kl_loss_7,2.710331417620182
156,kl_loss_8,2.9086245633661747
156,kl_loss_9,3.521724447607994
156,loss,6552.163619995117
157,recon_loss,6546.6704179067465
157,kl_loss,31.080115091233026
157,kl_loss_0,2.72150943392799
157,kl_loss_1,3.024276381447202
157,kl_loss_2,2.849453089729188
157,kl_loss_3,3.347441461351183
157,kl_loss_4,3.9422795129200767
157,kl_loss_5,2.812069923158676
157,kl_loss_6,3.2775901537092906
157,kl_loss_7,2.702571149856325
157,kl_loss_8,2.861845065676977
157,kl_loss_9,3.54107908218626
157,loss,6577.750542534723
158,recon_loss,6561.312934027777
158,kl_loss,30.91555931454613
158,kl_loss_0,2.715379896618071
158,kl_loss_1,2.924798780017429
158,kl_loss_2,2.8042898859296526
158,kl_loss_3,3.388394836395506
158,kl_loss_4,3.963547986651224
158,kl_loss_5,2.802448798739721
158,kl_loss_6,3.254988015644134
158,kl_loss_7,2.6871498766399564
158,kl_loss_8,2.833267613062783
158,kl_loss_9,3.54129357565017
158,loss,6592.228484623016
159,recon_loss,6533.752578735352
159,kl_loss,30.93381217122078
159,kl_loss_0,2.6840159446001053
159,kl_loss_1,2.988550465553999
159,kl_loss_2,2.770431086421013
159,kl_loss_3,3.370783966034651
159,kl_loss_4,4.027411349117756
159,kl_loss_5,2.8164070583879948
159,kl_loss_6,3.2720143124461174
159,kl_loss_7,2.7048045583069324
159,kl_loss_8,2.861758727580309
159,kl_loss_9,3.437634814530611
159,loss,6564.686416625977
160,recon_loss,6532.246396019345
160,kl_loss,30.9492253197564
160,kl_loss_0,2.7055409219529896
160,kl_loss_1,2.974599047312661
160,kl_loss_2,2.8151927334921703
160,kl_loss_3,3.3811420675307984
160,kl_loss_4,3.9698934100923085
160,kl_loss_5,2.779462757564726
160,kl_loss_6,3.235457560372731
160,kl_loss_7,2.6880160475534107
160,kl_loss_8,2.9283717094905795
160,kl_loss_9,3.4715490038432772
160,loss,6563.195638020833
161,recon_loss,6538.414318266369
161,kl_loss,30.86141798231337
161,kl_loss_0,2.709899175734747
161,kl_loss_1,2.936053889138358
161,kl_loss_2,2.791292531149728
161,kl_loss_3,3.323655930776445
161,kl_loss_4,3.98178041548956
161,kl_loss_5,2.8283950525616843
161,kl_loss_6,3.2472179390135265
161,kl_loss_7,2.7028141778612893
161,kl_loss_8,2.848070962088449
161,kl_loss_9,3.4922376284523615
161,loss,6569.275754898314
162,recon_loss,6522.836296081543
162,kl_loss,31.064187735319138
162,kl_loss_0,2.707136120647192
162,kl_loss_1,2.967336878180504
162,kl_loss_2,2.8284442014992237
162,kl_loss_3,3.3409820944070816
162,kl_loss_4,3.953295350074768
162,kl_loss_5,2.8006246089935303
162,kl_loss_6,3.260268896818161
162,kl_loss_7,2.737618386745453
162,kl_loss_8,2.8680002503097057
162,kl_loss_9,3.6004810370504856
162,loss,6553.9005126953125
163,recon_loss,6530.470331101191
163,kl_loss,31.236405145554315
163,kl_loss_0,2.7539214482383123
163,kl_loss_1,2.9346002586304194
163,kl_loss_2,2.847183768711393
163,kl_loss_3,3.317722869297815
163,kl_loss_4,3.971170145367819
163,kl_loss_5,2.8499144864460777
163,kl_loss_6,3.260567097436814
163,kl_loss_7,2.690337056205386
163,kl_loss_8,2.8377374883682007
163,kl_loss_9,3.7732504360259527
163,loss,6561.706752232143
164,recon_loss,6533.1476314484125
164,kl_loss,31.13363835168263
164,kl_loss_0,2.6984264472174266
164,kl_loss_1,2.919568860341632
164,kl_loss_2,2.8544713088444302
164,kl_loss_3,3.387671183026026
164,kl_loss_4,3.954692761103312
164,kl_loss_5,2.7912257361033608
164,kl_loss_6,3.2367665956890774
164,kl_loss_7,2.6760936048295765
164,kl_loss_8,2.8552049606565446
164,kl_loss_9,3.7595168295360746
164,loss,6564.281288752481
165,recon_loss,6515.8814697265625
165,kl_loss,31.398949921131134
165,kl_loss_0,2.7820901460945606
165,kl_loss_1,2.973437327891588
165,kl_loss_2,2.8751887530088425
165,kl_loss_3,3.410820171236992
165,kl_loss_4,3.9722425788640976
165,kl_loss_5,2.8101262263953686
165,kl_loss_6,3.3108322136104107
165,kl_loss_7,2.6933644711971283
165,kl_loss_8,2.9187312722206116
165,kl_loss_9,3.6521166749298573
165,loss,6547.280426025391
166,recon_loss,6539.484266493056
166,kl_loss,30.76684627835713
166,kl_loss_0,2.7479178413512213
166,kl_loss_1,2.948040810842363
166,kl_loss_2,2.845560448510306
166,kl_loss_3,3.2433415443178206
166,kl_loss_4,3.9615785621461415
166,kl_loss_5,2.7930022307804654
166,kl_loss_6,3.2223001434689476
166,kl_loss_7,2.6960995537894115
166,kl_loss_8,2.931933713337732
166,kl_loss_9,3.3770711649031866
166,loss,6570.251100570436
167,recon_loss,6555.611490885417
167,kl_loss,31.290894008818128
167,kl_loss_0,2.7213394906785755
167,kl_loss_1,2.9619046468583363
167,kl_loss_2,2.8506441532619418
167,kl_loss_3,3.4600864137922014
167,kl_loss_4,3.9558188801720027
167,kl_loss_5,2.7765016820695667
167,kl_loss_6,3.2735442698947965
167,kl_loss_7,2.676215777321467
167,kl_loss_8,2.832219638521709
167,kl_loss_9,3.7826188935173883
167,loss,6586.902398003473
168,recon_loss,6543.591232299805
168,kl_loss,31.59902772307396
168,kl_loss_0,2.7403053641319275
168,kl_loss_1,2.950811292976141
168,kl_loss_2,2.88645988330245
168,kl_loss_3,3.506705369800329
168,kl_loss_4,3.9633900821208954
168,kl_loss_5,2.795379616320133
168,kl_loss_6,3.3059768229722977
168,kl_loss_7,2.656580116599798
168,kl_loss_8,2.830072682350874
168,kl_loss_9,3.963346589356661
168,loss,6575.190269470215
169,recon_loss,6575.296650235615
169,kl_loss,31.516010738554456
169,kl_loss_0,2.759342420668829
169,kl_loss_1,2.9643076752859447
169,kl_loss_2,2.8722140297057135
169,kl_loss_3,3.386237371535528
169,kl_loss_4,3.954520766697233
169,kl_loss_5,2.793204345400371
169,kl_loss_6,3.32803694028703
169,kl_loss_7,2.7118008325970364
169,kl_loss_8,2.82631011993166
169,kl_loss_9,3.9200361948164684
169,loss,6606.812631758433
170,recon_loss,6532.901351686508
170,kl_loss,31.47383547586108
170,kl_loss_0,2.770773622724745
170,kl_loss_1,2.947583383984036
170,kl_loss_2,2.899850402559553
170,kl_loss_3,3.3657578286670504
170,kl_loss_4,3.97812715409294
170,kl_loss_5,2.8116020361582437
170,kl_loss_6,3.3415771817404125
170,kl_loss_7,2.70050615356082
170,kl_loss_8,2.927475198866829
170,kl_loss_9,3.7305827935536704
170,loss,6564.3751705109125
171,recon_loss,6532.527534484863
171,kl_loss,31.304538309574127
171,kl_loss_0,2.719615574926138
171,kl_loss_1,2.9661916755139828
171,kl_loss_2,2.8475638404488564
171,kl_loss_3,3.3802808709442616
171,kl_loss_4,3.9666064754128456
171,kl_loss_5,2.7879146859049797
171,kl_loss_6,3.3446974754333496
171,kl_loss_7,2.6948380656540394
171,kl_loss_8,2.9088031090795994
171,kl_loss_9,3.6880263686180115
171,loss,6563.832084655762
172,recon_loss,6542.165589347718
172,kl_loss,31.337005645509752
172,kl_loss_0,2.7597322880275668
172,kl_loss_1,2.944072310886686
172,kl_loss_2,2.815192124200246
172,kl_loss_3,3.4198803825983926
172,kl_loss_4,3.9596090127551364
172,kl_loss_5,2.8063698988112193
172,kl_loss_6,3.316286874195886
172,kl_loss_7,2.6698508830297563
172,kl_loss_8,2.9201197207920133
172,kl_loss_9,3.7258921047997853
172,loss,6573.502580915178
173,recon_loss,6536.4495520213295
173,kl_loss,31.513750136844696
173,kl_loss_0,2.7500963135371133
173,kl_loss_1,2.9720454897199358
173,kl_loss_2,2.8660723292638384
173,kl_loss_3,3.469288500528487
173,kl_loss_4,3.9697161780463324
173,kl_loss_5,2.8018881858341276
173,kl_loss_6,3.3197298541901605
173,kl_loss_7,2.664744399842762
173,kl_loss_8,2.955053473275805
173,kl_loss_9,3.745115594258384
173,loss,6567.963293650793
174,recon_loss,6512.954876612103
174,kl_loss,31.002332202971928
174,kl_loss_0,2.7237255648961143
174,kl_loss_1,2.9382602941422236
174,kl_loss_2,2.795895716500661
174,kl_loss_3,3.3796119576408747
174,kl_loss_4,3.99915241438245
174,kl_loss_5,2.7932895403059703
174,kl_loss_6,3.2915678932553245
174,kl_loss_7,2.686529420671009
174,kl_loss_8,2.8741653381832064
174,kl_loss_9,3.52013407434736
174,loss,6543.9571862599205
175,recon_loss,6512.725402832031
175,kl_loss,31.472151398658752
175,kl_loss_0,2.731725513935089
175,kl_loss_1,2.956554416567087
175,kl_loss_2,2.9228444509208202
175,kl_loss_3,3.427425242960453
175,kl_loss_4,4.0121674835681915
175,kl_loss_5,2.846036482602358
175,kl_loss_6,3.309820905327797
175,kl_loss_7,2.6935017108917236
175,kl_loss_8,2.8275003284215927
175,kl_loss_9,3.7445749044418335
175,loss,6544.197555541992
176,recon_loss,6549.503146701389
176,kl_loss,31.516034292796302
176,kl_loss_0,2.74012419534108
176,kl_loss_1,3.0000692322140647
176,kl_loss_2,2.9332377191573853
176,kl_loss_3,3.458917224217975
176,kl_loss_4,3.96385019166129
176,kl_loss_5,2.824337985780504
176,kl_loss_6,3.31700907434736
176,kl_loss_7,2.699196501383706
176,kl_loss_8,3.014015235598125
176,kl_loss_9,3.56527678928678
176,loss,6581.019151475694
177,recon_loss,6518.453667534723
177,kl_loss,31.16877543737018
177,kl_loss_0,2.7267981673043873
177,kl_loss_1,2.9453093778519404
177,kl_loss_2,2.8666088467552546
177,kl_loss_3,3.419397607682243
177,kl_loss_4,3.991205207885258
177,kl_loss_5,2.834831983324081
177,kl_loss_6,3.2909549909924705
177,kl_loss_7,2.678305565364777
177,kl_loss_8,2.8724364401802185
177,kl_loss_9,3.542927321933565
177,loss,6549.622442336309
178,recon_loss,6543.087326049805
178,kl_loss,30.851139843463898
178,kl_loss_0,2.719945229589939
178,kl_loss_1,2.9789754264056683
178,kl_loss_2,2.8362283557653427
178,kl_loss_3,3.284439131617546
178,kl_loss_4,3.9699848257005215
178,kl_loss_5,2.787070844322443
178,kl_loss_6,3.2878004908561707
178,kl_loss_7,2.6750824861228466
178,kl_loss_8,2.908546730875969
178,kl_loss_9,3.403066236525774
178,loss,6573.938423156738
179,recon_loss,6514.557183159723
179,kl_loss,31.02379744393485
179,kl_loss_0,2.7040855316888717
179,kl_loss_1,2.976463132434421
179,kl_loss_2,2.8751117766849577
179,kl_loss_3,3.3521583950708784
179,kl_loss_4,3.9632125090038968
179,kl_loss_5,2.773717789422898
179,kl_loss_6,3.2856904400719538
179,kl_loss_7,2.6826798499576627
179,kl_loss_8,2.92251155489967
179,kl_loss_9,3.488166612292093
179,loss,6545.580969432043
180,recon_loss,6515.951109871032
180,kl_loss,31.353674116588774
180,kl_loss_0,2.716282852112301
180,kl_loss_1,2.9679152927701433
180,kl_loss_2,2.8787791918194485
180,kl_loss_3,3.3515901262798007
180,kl_loss_4,3.998861063094366
180,kl_loss_5,2.808540393435766
180,kl_loss_6,3.3067626498994374
180,kl_loss_7,2.686386645786346
180,kl_loss_8,2.924895260069105
180,kl_loss_9,3.7136606413220603
180,loss,6547.304796006944
181,recon_loss,6521.853240966797
181,kl_loss,31.037620961666107
181,kl_loss_0,2.7345533408224583
181,kl_loss_1,2.948989998549223
181,kl_loss_2,2.7810296192765236
181,kl_loss_3,3.3570408523082733
181,kl_loss_4,3.9733373895287514
181,kl_loss_5,2.784341376274824
181,kl_loss_6,3.2452185042202473
181,kl_loss_7,2.666953019797802
181,kl_loss_8,2.8564946725964546
181,kl_loss_9,3.689662165939808
181,loss,6552.890869140625
182,recon_loss,6528.589773995535
182,kl_loss,31.10171914479089
182,kl_loss_0,2.7478357231806196
182,kl_loss_1,2.9307992950318353
182,kl_loss_2,2.8512563099936834
182,kl_loss_3,3.3920016629355296
182,kl_loss_4,3.9883450591374956
182,kl_loss_5,2.792317477483598
182,kl_loss_6,3.256488364840311
182,kl_loss_7,2.6808687202514165
182,kl_loss_8,2.8354553873576815
182,kl_loss_9,3.62635106132144
182,loss,6559.691499255952
183,recon_loss,6493.279583643353
183,kl_loss,31.348915856982035
183,kl_loss_0,2.7371199547298373
183,kl_loss_1,2.9713215335967047
183,kl_loss_2,2.894118683678763
183,kl_loss_3,3.3166326416863336
183,kl_loss_4,4.031177876487611
183,kl_loss_5,2.8266069018651567
183,kl_loss_6,3.321899641127813
183,kl_loss_7,2.7159730328453913
183,kl_loss_8,2.8618998149084667
183,kl_loss_9,3.672165904726301
183,loss,6524.628487723215
184,recon_loss,6537.886283874512
184,kl_loss,31.49578845500946
184,kl_loss_0,2.7169612273573875
184,kl_loss_1,2.935352325439453
184,kl_loss_2,2.831494003534317
184,kl_loss_3,3.5285111516714096
184,kl_loss_4,3.9682581424713135
184,kl_loss_5,2.7784861363470554
184,kl_loss_6,3.2774897143244743
184,kl_loss_7,2.6646034233272076
184,kl_loss_8,2.823127754032612
184,kl_loss_9,3.971504680812359
184,loss,6569.382049560547
185,recon_loss,6497.629867311508
185,kl_loss,32.045614393930585
185,kl_loss_0,2.7553263240390353
185,kl_loss_1,2.975519785805354
185,kl_loss_2,2.90630889317346
185,kl_loss_3,3.56920654054672
185,kl_loss_4,3.971126669929141
185,kl_loss_5,2.8781138185470825
185,kl_loss_6,3.4736828728327676
185,kl_loss_7,2.67545493443807
185,kl_loss_8,2.832607534196642
185,kl_loss_9,4.008267137739393
185,loss,6529.675486731151
186,recon_loss,6530.298130580357
186,kl_loss,31.656788356720455
186,kl_loss_0,2.7790918804350353
186,kl_loss_1,2.967343194144113
186,kl_loss_2,2.941178314269535
186,kl_loss_3,3.3652135455419145
186,kl_loss_4,3.936758476590353
186,kl_loss_5,2.866081264283922
186,kl_loss_6,3.4732525840638178
186,kl_loss_7,2.678935421837701
186,kl_loss_8,2.8651113093845426
186,kl_loss_9,3.783822222361489
186,loss,6561.9549231150795
187,recon_loss,6521.128379821777
187,kl_loss,30.99336951971054
187,kl_loss_0,2.69234112277627
187,kl_loss_1,2.9952257461845875
187,kl_loss_2,2.8602980487048626
187,kl_loss_3,3.271801855415106
187,kl_loss_4,3.96639845892787
187,kl_loss_5,2.795916810631752
187,kl_loss_6,3.247169815003872
187,kl_loss_7,2.681104552000761
187,kl_loss_8,2.9773116894066334
187,kl_loss_9,3.5058013759553432
187,loss,6552.121742248535
188,recon_loss,6540.595028831845
188,kl_loss,31.4982790871272
188,kl_loss_0,2.7452023634834894
188,kl_loss_1,3.0225270929790677
188,kl_loss_2,3.039108813755096
188,kl_loss_3,3.300735636362954
188,kl_loss_4,3.94280253137861
188,kl_loss_5,2.871431350708008
188,kl_loss_6,3.340563486492823
188,kl_loss_7,2.712155678915599
188,kl_loss_8,2.9579339632912287
188,kl_loss_9,3.5658180600120906
188,loss,6572.093292720734
189,recon_loss,6537.913667224702
189,kl_loss,31.20208119589185
189,kl_loss_0,2.7082922799246654
189,kl_loss_1,2.971474496145097
189,kl_loss_2,2.854956853957403
189,kl_loss_3,3.364354966178773
189,kl_loss_4,3.9543478564610557
189,kl_loss_5,2.768106055638147
189,kl_loss_6,3.3002352941603887
189,kl_loss_7,2.681736696334112
189,kl_loss_8,2.8229860691797164
189,kl_loss_9,3.7755906392657566
189,loss,6569.1157459077385
190,recon_loss,6552.554168701172
190,kl_loss,31.338210225105286
190,kl_loss_0,2.689384214580059
190,kl_loss_1,2.9324138201773167
190,kl_loss_2,2.8698119707405567
190,kl_loss_3,3.4220121167600155
190,kl_loss_4,3.9641217216849327
190,kl_loss_5,2.8310076221823692
190,kl_loss_6,3.2801855131983757
190,kl_loss_7,2.6627908423542976
190,kl_loss_8,2.76590221747756
190,kl_loss_9,3.920580182224512
190,loss,6583.892379760742
191,recon_loss,6527.922727554564
191,kl_loss,31.657127683124845
191,kl_loss_0,2.7738257551950123
191,kl_loss_1,2.9103469091748435
191,kl_loss_2,2.9575117694007025
191,kl_loss_3,3.427724217611646
191,kl_loss_4,3.914146404417734
191,kl_loss_5,2.8194754237220403
191,kl_loss_6,3.438027722494943
191,kl_loss_7,2.6568305908687533
191,kl_loss_8,2.7933457086956692
191,kl_loss_9,3.9658929355560786
191,loss,6559.579861111111
192,recon_loss,6529.442189050099
192,kl_loss,31.00316837855748
192,kl_loss_0,2.712072792507353
192,kl_loss_1,2.9240866653502935
192,kl_loss_2,2.877077352432978
192,kl_loss_3,3.2628980364118303
192,kl_loss_4,3.9664598873683383
192,kl_loss_5,2.8043330888899547
192,kl_loss_6,3.267356482763139
192,kl_loss_7,2.6482122587779213
192,kl_loss_8,2.837305647986276
192,kl_loss_9,3.703366101734222
192,loss,6560.445366753473
193,recon_loss,6501.537551879883
193,kl_loss,30.801412105560303
193,kl_loss_0,2.72589173540473
193,kl_loss_1,2.945304624736309
193,kl_loss_2,2.8581672832369804
193,kl_loss_3,3.2812649309635162
193,kl_loss_4,3.9906283356249332
193,kl_loss_5,2.797122124582529
193,kl_loss_6,3.263587985187769
193,kl_loss_7,2.6513324044644833
193,kl_loss_8,2.7858259342610836
193,kl_loss_9,3.502286858856678
193,loss,6532.338981628418
194,recon_loss,6535.919255332341
194,kl_loss,30.81888192797464
194,kl_loss_0,2.771241172911629
194,kl_loss_1,2.930141573860532
194,kl_loss_2,2.870452468357389
194,kl_loss_3,3.2685692348177473
194,kl_loss_4,3.9646993364606584
194,kl_loss_5,2.7939256713503884
194,kl_loss_6,3.2531852987077503
194,kl_loss_7,2.654259791449895
194,kl_loss_8,2.80596593448094
194,kl_loss_9,3.506441464499822
194,loss,6566.7381262400795
195,recon_loss,6535.084333147322
195,kl_loss,31.22146851675851
195,kl_loss_0,2.7659455670250788
195,kl_loss_1,2.9392882226005432
195,kl_loss_2,2.9686413530319458
195,kl_loss_3,3.3347462018330893
195,kl_loss_4,3.9742542410653736
195,kl_loss_5,2.851715988583035
195,kl_loss_6,3.3162025459229
195,kl_loss_7,2.6623938916221497
195,kl_loss_8,2.804550670442127
195,kl_loss_9,3.6037298876141746
195,loss,6566.305795820933
196,recon_loss,6503.463226318359
196,kl_loss,31.80191922187805
196,kl_loss_0,2.76531345769763
196,kl_loss_1,2.949709851294756
196,kl_loss_2,2.9709878005087376
196,kl_loss_3,3.5591445341706276
196,kl_loss_4,3.96303715929389
196,kl_loss_5,2.838642168790102
196,kl_loss_6,3.4596381559967995
196,kl_loss_7,2.6589678823947906
196,kl_loss_8,2.784009326249361
196,kl_loss_9,3.85246903821826
196,loss,6535.2651443481445
197,recon_loss,6532.374674479167
197,kl_loss,31.250594487265936
197,kl_loss_0,2.7739727345723955
197,kl_loss_1,2.935682281615242
197,kl_loss_2,2.9872633237687367
197,kl_loss_3,3.3162541427309553
197,kl_loss_4,3.988963214177934
197,kl_loss_5,2.7978707230280317
197,kl_loss_6,3.3478092011951266
197,kl_loss_7,2.649167541473631
197,kl_loss_8,2.8377088175879583
197,kl_loss_9,3.6159026622772217
197,loss,6563.625294518849
198,recon_loss,6532.4734623015875
198,kl_loss,31.23863311040969
198,kl_loss_0,2.7651932769351535
198,kl_loss_1,2.980843922448537
198,kl_loss_2,2.9701194346897184
198,kl_loss_3,3.2673970025683206
198,kl_loss_4,3.975101050876436
198,kl_loss_5,2.8332731572408525
198,kl_loss_6,3.3400812868088012
198,kl_loss_7,2.671682073956444
198,kl_loss_8,2.823603179719713
198,kl_loss_9,3.6113388235606845
198,loss,6563.712100074405
199,recon_loss,6524.447467137897
199,kl_loss,30.93477984837123
199,kl_loss_0,2.7195454892658053
199,kl_loss_1,2.955620667291066
199,kl_loss_2,2.868332132460579
199,kl_loss_3,3.3045418830144975
199,kl_loss_4,3.9774670298137362
199,kl_loss_5,2.8003994699508423
199,kl_loss_6,3.232179009725177
199,kl_loss_7,2.6788668632507324
199,kl_loss_8,2.817399055238754
199,kl_loss_9,3.5804281007675898
199,loss,6555.382238963293
