Epoch,Loss,Value
0,recon_loss,113.95948553704596
0,loss,-93.0735028089383
0,mi_loss,42.358643288220165
0,tc_loss,-32.789904400383755
0,dw_kl_loss,8.1489962767729
0,kl_loss,17.740327203428592
0,kl_loss_0,2.119051244190503
0,kl_loss_1,0.2773200207877727
0,kl_loss_2,2.5963724488755324
0,kl_loss_3,2.3997707046020085
0,kl_loss_4,4.139755830152597
0,kl_loss_5,0.27205986926307923
0,kl_loss_6,1.7834397723406423
0,kl_loss_7,0.2171346474422779
0,kl_loss_8,3.6426194376146896
0,kl_loss_9,0.29280331326059966
1,recon_loss,80.64289852639904
1,loss,-125.34487002828847
1,mi_loss,42.54151468691619
1,tc_loss,-32.497798281130585
1,dw_kl_loss,1.9981431152509606
1,kl_loss,12.038003046616264
1,kl_loss_0,0.887171362016512
1,kl_loss_1,0.03774780110132111
1,kl_loss_2,2.3914958373360014
1,kl_loss_3,0.20986206363076748
1,kl_loss_4,3.6862049268639607
1,kl_loss_5,0.04032545318098172
1,kl_loss_6,1.2984524799429853
1,kl_loss_7,0.036816241835122526
1,kl_loss_8,3.4090070444604623
1,kl_loss_9,0.04091982113845322
2,recon_loss,76.48087198496897
2,loss,-129.68157225769835
2,mi_loss,42.56357805656664
2,tc_loss,-32.47999378716275
2,dw_kl_loss,1.7095192717267322
2,kl_loss,11.768914429140297
2,kl_loss_0,0.9076669781239002
2,kl_loss_1,0.01252228973304361
2,kl_loss_2,2.4562878422922902
2,kl_loss_3,0.027786138056257327
2,kl_loss_4,3.717404668981379
2,kl_loss_5,0.013667219322481198
2,kl_loss_6,1.0798775156339009
2,kl_loss_7,0.011728569000427212
2,kl_loss_8,3.5274120491820495
2,kl_loss_9,0.014561108845685209
3,recon_loss,73.55337879346764
3,loss,-132.65219119528066
3,mi_loss,42.58141194219174
3,tc_loss,-32.4756660958995
3,dw_kl_loss,1.6386964020521744
3,kl_loss,11.755698469410772
3,kl_loss_0,0.9310483388278795
3,kl_loss_1,0.005434215483863069
3,kl_loss_2,2.4924240931220676
3,kl_loss_3,0.011142908336351747
3,kl_loss_4,3.7001360976177713
3,kl_loss_5,0.005885274485563454
3,kl_loss_6,0.9888934379038603
3,kl_loss_7,0.005592523166990798
3,kl_loss_8,3.6087121766546497
3,kl_loss_9,0.0064293912065255905
4,recon_loss,72.2362474690313
4,loss,-134.150589719026
4,mi_loss,42.62322478916334
4,tc_loss,-32.505564872078274
4,dw_kl_loss,1.6487811192222264
4,kl_loss,11.771600511799688
4,kl_loss_0,0.9343726894129878
4,kl_loss_1,0.0031241804928235388
4,kl_loss_2,2.5251647783362348
4,kl_loss_3,0.004945163501669531
4,kl_loss_4,3.698609241195347
4,kl_loss_5,0.003078983600615807
4,kl_loss_6,0.9785437462122544
4,kl_loss_7,0.0032500726272068595
4,kl_loss_8,3.6170074690943177
4,kl_loss_9,0.003504209386427765
5,recon_loss,70.49813697451637
5,loss,-135.51290880343615
5,mi_loss,42.600999444078056
5,tc_loss,-32.44888239608699
5,dw_kl_loss,1.6618052514600548
5,kl_loss,11.82048123429864
5,kl_loss_0,0.953426429719636
5,kl_loss_1,0.0020881645498369936
5,kl_loss_2,2.525525713379765
5,kl_loss_3,0.003158876569578787
5,kl_loss_4,3.695257193082339
5,kl_loss_5,0.002069461667402224
5,kl_loss_6,0.9991253317692579
5,kl_loss_7,0.0020679566057729515
5,kl_loss_8,3.635446562911525
5,kl_loss_9,0.002315515440634706
6,recon_loss,67.0538063712742
6,loss,-137.8919697968856
6,mi_loss,42.65933063341224
6,tc_loss,-32.27684312074081
6,dw_kl_loss,1.626023736725683
6,kl_loss,12.003658021014669
6,kl_loss_0,1.0270953427190366
6,kl_loss_1,0.0017550422708787349
6,kl_loss_2,2.528914899411409
6,kl_loss_3,0.0026476605147447273
6,kl_loss_4,3.7133506515751713
6,kl_loss_5,0.0018001184393854244
6,kl_loss_6,1.090263137869213
6,kl_loss_7,0.001776577759048213
6,kl_loss_8,3.6340327884839927
6,kl_loss_9,0.00202176286029103
7,recon_loss,60.754547399875925
7,loss,-141.77926305465368
7,mi_loss,42.63572070299289
7,tc_loss,-31.89638982500349
7,dw_kl_loss,1.6030871057923222
7,kl_loss,12.336916271226231
7,kl_loss_0,1.1627115387937208
7,kl_loss_1,0.0016813085241106165
7,kl_loss_2,2.5513942788689685
7,kl_loss_3,0.0021261486458668717
7,kl_loss_4,3.7343207365506657
7,kl_loss_5,0.001770576143645363
7,kl_loss_6,1.2260221211941211
7,kl_loss_7,0.0016445079939318942
7,kl_loss_8,3.6534106390816823
7,kl_loss_9,0.0018343667527942946
8,recon_loss,58.10884615027386
8,loss,-143.88623471467392
8,mi_loss,42.67182054934295
8,tc_loss,-31.817506201370904
8,dw_kl_loss,1.6369619379872862
8,kl_loss,12.50740101855734
8,kl_loss_0,1.2001807510852813
8,kl_loss_1,0.0014863074149774468
8,kl_loss_2,2.5544494120971017
8,kl_loss_3,0.0018238883161836345
8,kl_loss_4,3.7732878591703334
8,kl_loss_5,0.001390297889061596
8,kl_loss_6,1.2766393000664917
8,kl_loss_7,0.0014382599387317897
8,kl_loss_8,3.695204341929892
8,kl_loss_9,0.0015005831667424545
9,recon_loss,56.334131307187285
9,loss,-145.01638342815897
9,mi_loss,42.712642868705416
9,tc_loss,-31.721556199115255
9,dw_kl_loss,1.6674474477767944
9,kl_loss,12.664640439074972
9,kl_loss_0,1.2518280472444452
9,kl_loss_1,0.0014428672421237696
9,kl_loss_2,2.5794561375742373
9,kl_loss_3,0.0015858079327027434
9,kl_loss_4,3.7897997109786323
9,kl_loss_5,0.0014299335930010547
9,kl_loss_6,1.3104496240615844
9,kl_loss_7,0.0013856050517895948
9,kl_loss_8,3.725893221730771
9,kl_loss_9,0.0013694908449669247
10,recon_loss,54.83538755606779
10,loss,-146.0712365484857
10,mi_loss,42.706602765368174
10,tc_loss,-31.654776552538852
10,dw_kl_loss,1.6839487361701535
10,kl_loss,12.740111528536975
10,kl_loss_0,1.2788408620532974
10,kl_loss_1,0.0014329562568432324
10,kl_loss_2,2.5879228930452687
10,kl_loss_3,0.00151270849920519
10,kl_loss_4,3.792191117356866
10,kl_loss_5,0.001290530442094906
10,kl_loss_6,1.3401249092378658
10,kl_loss_7,0.001331015903244674
10,kl_loss_8,3.7341282470917805
10,kl_loss_9,0.0013362995260173367
11,recon_loss,53.997911071777345
11,loss,-146.20168244735055
11,mi_loss,42.67382654936417
11,tc_loss,-31.54400108171546
11,dw_kl_loss,1.6820165115854016
11,kl_loss,12.816837729578433
11,kl_loss_0,1.3151727106260216
11,kl_loss_1,0.0013471817213070133
11,kl_loss_2,2.603375306336776
11,kl_loss_3,0.0013667770357721526
11,kl_loss_4,3.7844584827837737
11,kl_loss_5,0.001287039865375213
11,kl_loss_6,1.3771459895631541
11,kl_loss_7,0.0012145979107236085
11,kl_loss_8,3.730199498715608
11,kl_loss_9,0.0012701157480478286
12,recon_loss,52.60538849273285
12,loss,-147.36312535934118
12,mi_loss,42.69149864494027
12,tc_loss,-31.511535817926582
12,dw_kl_loss,1.705318714117075
12,kl_loss,12.883649879719789
12,kl_loss_0,1.3395886519254545
12,kl_loss_1,0.0013429345341310615
12,kl_loss_2,2.604446860102864
12,kl_loss_3,0.0014759612197128983
12,kl_loss_4,3.8045949234074845
12,kl_loss_5,0.0012443270292374995
12,kl_loss_6,1.4046688843599129
12,kl_loss_7,0.0012330649223065739
12,kl_loss_8,3.7237408150842177
12,kl_loss_9,0.0013134872855304124
13,recon_loss,51.09171600341797
13,loss,-148.46224365234374
13,mi_loss,42.70394393257473
13,tc_loss,-31.45124439571215
13,dw_kl_loss,1.7340071875116099
13,kl_loss,12.993538483329441
13,kl_loss_0,1.395169914805371
13,kl_loss_1,0.0012697097339221964
13,kl_loss_2,2.6237154680749644
13,kl_loss_3,0.0013436347813062046
13,kl_loss_4,3.7988557131394094
13,kl_loss_5,0.0011899891025994136
13,kl_loss_6,1.4322792369386423
13,kl_loss_7,0.0012751632572516151
13,kl_loss_8,3.7372131751931232
13,kl_loss_9,0.001226485490232058
14,recon_loss,49.773502747908886
14,loss,-149.22221858812415
14,mi_loss,42.71393155636995
14,tc_loss,-31.360244319749913
14,dw_kl_loss,1.7098454376925594
14,kl_loss,13.070390506412672
14,kl_loss_0,1.4371626703635505
14,kl_loss_1,0.0012458326497479626
14,kl_loss_2,2.6091080551562102
14,kl_loss_3,0.0012907041337988946
14,kl_loss_4,3.7886347418246062
14,kl_loss_5,0.0012598589427121308
14,kl_loss_6,1.47881346008052
14,kl_loss_7,0.0012873120261761158
14,kl_loss_8,3.750414224292921
14,kl_loss_9,0.0011736191647208256
15,recon_loss,47.794050373556296
15,loss,-149.84915042233158
15,mi_loss,42.693767085219875
15,tc_loss,-31.152044849478322
15,dw_kl_loss,1.7298891595947794
15,kl_loss,13.251156001896053
15,kl_loss_0,1.5111336052675783
15,kl_loss_1,0.0012364791226432178
15,kl_loss_2,2.6061210271083945
15,kl_loss_3,0.0012637186307637464
15,kl_loss_4,3.817552353912618
15,kl_loss_5,0.0012434822591868315
15,kl_loss_6,1.540705791799537
15,kl_loss_7,0.001254159247591382
15,kl_loss_8,3.769449536418502
15,kl_loss_9,0.001195851933146581
16,recon_loss,46.83230217643406
16,loss,-150.62092072860054
16,mi_loss,42.768135302999745
16,tc_loss,-31.12193723761517
16,dw_kl_loss,1.7271782750668734
16,kl_loss,13.381691978288734
16,kl_loss_0,1.5699470763621124
16,kl_loss_1,0.001300523739875011
16,kl_loss_2,2.6103803168172424
16,kl_loss_3,0.0013050393484856772
16,kl_loss_4,3.827789390605429
16,kl_loss_5,0.0012225941633400709
16,kl_loss_6,1.58659327082012
16,kl_loss_7,0.0012520449033573918
16,kl_loss_8,3.7806529791458794
16,kl_loss_9,0.0012487254490185042
17,recon_loss,45.309187306986225
17,loss,-151.35981248467516
17,mi_loss,42.723071754752816
17,tc_loss,-31.00730727554916
17,dw_kl_loss,1.7777698034847969
17,kl_loss,13.488330911248278
17,kl_loss_0,1.6099628225549476
17,kl_loss_1,0.0013230445177911164
17,kl_loss_2,2.599673317624377
17,kl_loss_3,0.0012601352341118314
17,kl_loss_4,3.839425214957365
17,kl_loss_5,0.0013148239269465596
17,kl_loss_6,1.636963905194105
17,kl_loss_7,0.0012264505585099195
17,kl_loss_8,3.795871267071018
17,kl_loss_9,0.0013099099767446777
18,recon_loss,44.6711263573688
18,loss,-152.04245797862177
18,mi_loss,42.75677176765774
18,tc_loss,-31.013318799889607
18,dw_kl_loss,1.7716585750165192
18,kl_loss,13.518878070167872
18,kl_loss_0,1.6332461901333022
18,kl_loss_1,0.0011907638738984647
18,kl_loss_2,2.58292424056841
18,kl_loss_3,0.0012669953294908224
18,kl_loss_4,3.8524192716764367
18,kl_loss_5,0.0012601092336294443
18,kl_loss_6,1.6623095610867376
18,kl_loss_7,0.0013643325934105594
18,kl_loss_8,3.7816105987714685
18,kl_loss_9,0.0012859818464873926
19,recon_loss,43.332463919598126
19,loss,-152.9272133205248
19,mi_loss,42.77445816371752
19,tc_loss,-30.944990348815917
19,dw_kl_loss,1.7882640361785889
19,kl_loss,13.61670907062033
19,kl_loss_0,1.6517500141392583
19,kl_loss_1,0.0012500119942199924
19,kl_loss_2,2.584421788091245
19,kl_loss_3,0.0012901779547657656
19,kl_loss_4,3.8719365949216096
19,kl_loss_5,0.0012566599934159413
19,kl_loss_6,1.6950742820034856
19,kl_loss_7,0.0012184329290428888
19,kl_loss_8,3.807336221570554
19,kl_loss_9,0.0011748785051800634
20,recon_loss,42.20143951482071
20,loss,-153.78942289806548
20,mi_loss,42.783094546495576
20,tc_loss,-30.90504128592355
20,dw_kl_loss,1.8014052755388863
20,kl_loss,13.67984894756631
20,kl_loss_0,1.6915320792755524
20,kl_loss_1,0.0012586062262036327
20,kl_loss_2,2.594927980786278
20,kl_loss_3,0.0012314291025846552
20,kl_loss_4,3.879419272080128
20,kl_loss_5,0.0012840122000608608
20,kl_loss_6,1.7092624830477166
20,kl_loss_7,0.0012157088129486873
20,kl_loss_8,3.7984414327712286
20,kl_loss_9,0.0012759006666866217
21,recon_loss,41.97506224590799
21,loss,-153.78185570758322
21,mi_loss,42.78725352079972
21,tc_loss,-30.871338869177777
21,dw_kl_loss,1.8196535297062086
21,kl_loss,13.72173612014107
21,kl_loss_0,1.7075296977291936
21,kl_loss_1,0.0012806677866889083
21,kl_loss_2,2.5743077672046164
21,kl_loss_3,0.001232086695001825
21,kl_loss_4,3.884646472723588
21,kl_loss_5,0.0012401183763437946
21,kl_loss_6,1.7346729563630146
21,kl_loss_7,0.0012271951924523582
21,kl_loss_8,3.8144241913505224
21,kl_loss_9,0.0011749626602977515
22,recon_loss,41.458918699454436
22,loss,-154.16171000426982
22,mi_loss,42.77277820141285
22,tc_loss,-30.854103765446386
22,dw_kl_loss,1.845638183288244
22,kl_loss,13.764679239941882
22,kl_loss_0,1.7216350676177383
22,kl_loss_1,0.0012082914575869902
22,kl_loss_2,2.574235230813295
22,kl_loss_3,0.0012242135781294855
22,kl_loss_4,3.891164390555708
22,kl_loss_5,0.0011826778653186638
22,kl_loss_6,1.7522456320849331
22,kl_loss_7,0.0011751377185024482
22,kl_loss_8,3.81939629558877
22,kl_loss_9,0.0012123169845123312
23,recon_loss,40.52398829252824
23,loss,-154.8038645868716
23,mi_loss,42.775210786902385
23,tc_loss,-30.805748723900837
23,dw_kl_loss,1.828942526941714
23,kl_loss,13.807684960572615
23,kl_loss_0,1.7316675720007524
23,kl_loss_1,0.0011679630584852851
23,kl_loss_2,2.5527288851530656
23,kl_loss_3,0.0012245801884842955
23,kl_loss_4,3.893031350426052
23,kl_loss_5,0.0012573403690982123
23,kl_loss_6,1.7708539066107376
23,kl_loss_7,0.0012726556793179202
23,kl_loss_8,3.853248105878415
23,kl_loss_9,0.0012325965779145128
24,recon_loss,40.17286838033925
24,loss,-155.2008795696756
24,mi_loss,42.79008326323136
24,tc_loss,-30.81341143898342
24,dw_kl_loss,1.8320886684500652
24,kl_loss,13.778968661764393
24,kl_loss_0,1.7417257495548415
24,kl_loss_1,0.001352050945000804
24,kl_loss_2,2.5257752439250116
24,kl_loss_3,0.0012564984413430743
24,kl_loss_4,3.8943325716516246
24,kl_loss_5,0.0011916975571733455
24,kl_loss_6,1.7667273111965345
24,kl_loss_7,0.001282793121493381
24,kl_loss_8,3.844108697642451
24,kl_loss_9,0.0012160413372127906
25,recon_loss,39.676923793115655
25,loss,-155.57862926664808
25,mi_loss,42.76538584655498
25,tc_loss,-30.79658081417992
25,dw_kl_loss,1.842567289030397
25,kl_loss,13.823339796685554
25,kl_loss_0,1.7505672850134053
25,kl_loss_1,0.0012575650982784502
25,kl_loss_2,2.5242934051530184
25,kl_loss_3,0.0012698188480554204
25,kl_loss_4,3.9192084368173177
25,kl_loss_5,0.0013396089747386836
25,kl_loss_6,1.7763814043689083
25,kl_loss_7,0.001271456911418087
25,kl_loss_8,3.8465009561348786
25,kl_loss_9,0.0012499079051794429
26,recon_loss,39.29090287581734
26,loss,-156.08436962625254
26,mi_loss,42.824217870961064
26,tc_loss,-30.814338302612306
26,dw_kl_loss,1.8364951144094053
26,kl_loss,13.832249089945918
26,kl_loss_0,1.7602522243624148
26,kl_loss_1,0.0012974244016020194
26,kl_loss_2,2.5109694397967797
26,kl_loss_3,0.001184237315117017
26,kl_loss_4,3.9073712867239245
26,kl_loss_5,0.0012615116677530433
26,kl_loss_6,1.7830099157665087
26,kl_loss_7,0.0012898115056526403
26,kl_loss_8,3.8644103537435117
26,kl_loss_9,0.0012028979866401009
27,recon_loss,39.138252819771374
27,loss,-155.99093680773979
27,mi_loss,42.79071672447832
27,tc_loss,-30.77484418200208
27,dw_kl_loss,1.829816216514224
27,kl_loss,13.858508316469399
27,kl_loss_0,1.76271200747717
27,kl_loss_1,0.0012421477424762982
27,kl_loss_2,2.513870733640927
27,kl_loss_3,0.001274069378079919
27,kl_loss_4,3.914921860674243
27,kl_loss_5,0.0012805861545912116
27,kl_loss_6,1.7978915275433363
27,kl_loss_7,0.001196039630930661
27,kl_loss_8,3.8629017072322567
27,kl_loss_9,0.0012176479192781242
28,recon_loss,39.042044697637145
28,loss,-156.11762463113536
28,mi_loss,42.79981878529424
28,tc_loss,-30.783293102098547
28,dw_kl_loss,1.8534097401992133
28,kl_loss,13.866169145832892
28,kl_loss_0,1.767749011516571
28,kl_loss_1,0.001270753979358984
28,kl_loss_2,2.505322075926739
28,kl_loss_3,0.0013290299892263569
28,kl_loss_4,3.9154891687890756
28,kl_loss_5,0.0012520272507453743
28,kl_loss_6,1.78908307293187
28,kl_loss_7,0.0013107035572276168
28,kl_loss_8,3.8820048073063727
28,kl_loss_9,0.0013584403604592966
29,recon_loss,38.650881137018615
29,loss,-156.31625279965607
29,mi_loss,42.77553186831267
29,tc_loss,-30.751814576853878
29,dw_kl_loss,1.8444823923318283
29,kl_loss,13.875246868962828
29,kl_loss_0,1.7741824860158173
29,kl_loss_1,0.0013422416097929944
29,kl_loss_2,2.51183689677197
29,kl_loss_3,0.0013650893496916347
29,kl_loss_4,3.9348856117414392
29,kl_loss_5,0.0012109885032734146
29,kl_loss_6,1.7928649124891862
29,kl_loss_7,0.0012587251668067082
29,kl_loss_8,3.8550073519996975
29,kl_loss_9,0.0012925663294837528
