Epoch,Loss,Value
0,recon_loss,338.9581450755462
0,kl_loss,1.8163580667404902
0,kl_loss_0,0.0013380626940220853
0,kl_loss_1,0.0018051018095797016
0,kl_loss_2,0.0015007738302183617
0,kl_loss_3,0.002487791996465359
0,kl_loss_4,0.0020662495640642715
0,kl_loss_5,0.9066879615244089
0,kl_loss_6,0.0018280249036590516
0,kl_loss_7,0.8952173140299108
0,kl_loss_8,0.0014216788818664622
0,kl_loss_9,0.0020051153509744574
0,loss,377.25358647598335
1,recon_loss,180.12631965305494
1,kl_loss,4.355820249474567
1,kl_loss_0,0.003613261872416605
1,kl_loss_1,0.005219299787574488
1,kl_loss_2,0.0020009523743520614
1,kl_loss_3,0.0018371772203270508
1,kl_loss_4,0.00251434039041076
1,kl_loss_5,1.907396061524101
1,kl_loss_6,0.05437774438532474
1,kl_loss_7,1.9050004171288533
1,kl_loss_8,0.00934657439103593
1,kl_loss_9,0.4645144140853992
1,loss,186.93081903872283
2,recon_loss,117.15524153275923
2,kl_loss,7.204852069095099
2,kl_loss_0,0.0003333160637583567
2,kl_loss_1,0.00048331518201923476
2,kl_loss_2,0.00030440914956651207
2,kl_loss_3,0.00038538285575452305
2,kl_loss_4,0.00046109782483477095
2,kl_loss_5,2.8052404442906895
2,kl_loss_6,0.0006165856584196998
2,kl_loss_7,2.8029054057546507
2,kl_loss_8,0.0003399767376708262
2,kl_loss_9,1.5937821281936777
2,loss,121.945057559323
3,recon_loss,102.39079997850502
3,kl_loss,10.07873240346494
3,kl_loss_0,0.00046282332471531373
3,kl_loss_1,0.0004755139391383399
3,kl_loss_2,0.00048287029216146987
3,kl_loss_3,0.0004954113705974558
3,kl_loss_4,0.0005175472196677456
3,kl_loss_5,3.763717140322146
3,kl_loss_6,0.0005955066450912019
3,kl_loss_7,3.7669197403866312
3,kl_loss_8,0.000564008924867148
3,kl_loss_9,2.5445018343303514
3,loss,106.46828470644743
4,recon_loss,98.9490785681683
4,kl_loss,12.959723621865978
4,kl_loss_0,0.0004948292980375497
4,kl_loss_1,0.0005112984197457199
4,kl_loss_2,0.0004912086134857457
4,kl_loss_3,0.0004834828169449516
4,kl_loss_4,0.00038006864893047707
4,kl_loss_5,4.7358472450919775
4,kl_loss_6,0.0005686238124642683
4,kl_loss_7,4.747128351874974
4,kl_loss_8,0.000543453428975266
4,kl_loss_9,3.4732750809710957
4,loss,102.82237595267918
5,recon_loss,97.7882557658406
5,kl_loss,15.837089740868771
5,kl_loss_0,0.0005514870147781196
5,kl_loss_1,0.0008518447639880242
5,kl_loss_2,0.0007293132815139118
5,kl_loss_3,0.000660856847058643
5,kl_loss_4,0.0006903805266017522
5,kl_loss_5,5.718290758339357
5,kl_loss_6,0.0007521913455420242
5,kl_loss_7,5.726827214806627
5,kl_loss_8,0.0006512609427367454
5,kl_loss_9,4.387084405659597
5,loss,101.66257612220137
6,recon_loss,96.2449705372686
6,kl_loss,18.715894383969513
6,kl_loss_0,0.000797914045498423
6,kl_loss_1,0.0008363780889498151
6,kl_loss_2,0.0006628975940301367
6,kl_loss_3,0.00044485116377472876
6,kl_loss_4,0.0007997918975256059
6,kl_loss_5,6.710269484312638
6,kl_loss_6,0.0009730466783208692
6,kl_loss_7,6.716183419849561
6,kl_loss_8,0.0005976473811365988
6,kl_loss_9,5.284329047410385
6,loss,99.96646479731021
7,recon_loss,94.45226205272591
7,kl_loss,21.59819235533347
7,kl_loss_0,0.0006852015748103976
7,kl_loss_1,0.0008142095067219816
7,kl_loss_2,0.0006744195384606397
7,kl_loss_3,0.000820783559571613
7,kl_loss_4,0.0013328557289749771
7,kl_loss_5,7.706019620358686
7,kl_loss_6,0.0011461540266419902
7,kl_loss_7,7.707484255621444
7,kl_loss_8,0.0008230870851674379
7,kl_loss_9,6.178391836422346
7,loss,98.78940605394769
8,recon_loss,93.7917828767196
8,kl_loss,24.335941704459813
8,kl_loss_0,0.0008988584209557461
8,kl_loss_1,0.0010170978311773227
8,kl_loss_2,0.0011291799520182868
8,kl_loss_3,0.0010668169950013575
8,kl_loss_4,0.0010026278358924647
8,kl_loss_5,8.65675517372463
8,kl_loss_6,0.00147771790785634
8,kl_loss_7,8.653815870699676
8,kl_loss_8,0.0008348870415078557
8,kl_loss_9,7.017943523241126
8,loss,98.1528368079144
9,recon_loss,97.44267130312713
9,kl_loss,24.99526592752208
9,kl_loss_0,0.0013575056567788125
9,kl_loss_1,0.0008060861156200585
9,kl_loss_2,0.0016639981682047896
9,kl_loss_3,0.0008310499520081541
9,kl_loss_4,0.0007199415572635505
9,kl_loss_5,8.905922346529753
9,kl_loss_6,0.0014298673192767993
9,kl_loss_7,8.902665909476902
9,kl_loss_8,0.0009104133988528148
9,kl_loss_9,7.178958923920341
9,loss,101.29131274016007
10,recon_loss,97.52582781242602
10,kl_loss,25.00214722042992
10,kl_loss_0,0.0008115567573350229
10,kl_loss_1,0.000727022181615814
10,kl_loss_2,0.001238806652977611
10,kl_loss_3,0.0007463769535675193
10,kl_loss_4,0.0007726333277437078
10,kl_loss_5,8.920013213054443
10,kl_loss_6,0.0010223317008417148
10,kl_loss_7,8.935350129098603
10,kl_loss_8,0.0009921884881856637
10,kl_loss_9,7.140472938488056
10,loss,101.11125103839032
11,recon_loss,96.91240138178286
11,kl_loss,24.9985222692075
11,kl_loss_0,0.0007539066486060619
11,kl_loss_1,0.0008468032288162605
11,kl_loss_2,0.0006692938040941954
11,kl_loss_3,0.0009881650543083315
11,kl_loss_4,0.0008971251061429148
11,kl_loss_5,8.897045848680579
11,kl_loss_6,0.001396717878220522
11,kl_loss_7,8.935968722467837
11,kl_loss_8,0.0009745728143531343
11,kl_loss_9,7.1589810392130975
11,loss,100.73303630663001
12,recon_loss,94.54397999156605
12,kl_loss,24.998894679081904
12,kl_loss_0,0.001253603661263531
12,kl_loss_1,0.0007575794135208254
12,kl_loss_2,0.0009921061669302968
12,kl_loss_3,0.0012291460721330209
12,kl_loss_4,0.001240383071655577
12,kl_loss_5,8.888575124534178
12,kl_loss_6,0.0023647042745280835
12,kl_loss_7,8.913757774220917
12,kl_loss_8,0.0009340810512890031
12,kl_loss_9,7.187790193599024
12,loss,98.22820965655438
13,recon_loss,93.61873251873514
13,kl_loss,24.997605356962783
13,kl_loss_0,0.0018252859438729026
13,kl_loss_1,0.001682817828639046
13,kl_loss_2,0.001501850522649677
13,kl_loss_3,0.0018093550375298314
13,kl_loss_4,0.0016988056630867978
13,kl_loss_5,8.839838728697403
13,kl_loss_6,0.0022916406109605146
13,kl_loss_7,8.856229363317075
13,kl_loss_8,0.001722474566296391
13,kl_loss_9,7.289004933315774
13,loss,97.76387130073878
14,recon_loss,91.45578284885572
14,kl_loss,25.006171218208646
14,kl_loss_0,0.0018103099488855703
14,kl_loss_1,0.0013659935809024002
14,kl_loss_2,0.000832254810096777
14,kl_loss_3,0.0015881672481317883
14,kl_loss_4,0.0019520783391983613
14,kl_loss_5,8.845805852309518
14,kl_loss_6,0.0016335401886507222
14,kl_loss_7,8.84278505159461
14,kl_loss_8,0.00128823718380021
14,kl_loss_9,7.307109749835471
14,loss,95.9077783667523
15,recon_loss,92.10146576191956
15,kl_loss,25.002662130248495
15,kl_loss_0,0.002915307984272123
15,kl_loss_1,0.0017489656580216956
15,kl_loss_2,0.001469068733160888
15,kl_loss_3,0.0024585737927425733
15,kl_loss_4,0.003004448296848959
15,kl_loss_5,8.851648850874467
15,kl_loss_6,0.0023044872891915826
15,kl_loss_7,8.818758877840908
15,kl_loss_8,0.0017146161793694867
15,kl_loss_9,7.316638927955132
15,loss,96.57574400138029
16,recon_loss,91.0338365306025
16,kl_loss,25.0015043673308
16,kl_loss_0,0.0035151576927012723
16,kl_loss_1,0.002405610263509595
16,kl_loss_2,0.0014689160632374494
16,kl_loss_3,0.0031591034312125135
16,kl_loss_4,0.004208279390940848
16,kl_loss_5,8.832517354384713
16,kl_loss_6,0.0024540323136455337
16,kl_loss_7,8.802281649216361
16,kl_loss_8,0.002122147697145524
16,kl_loss_9,7.347372098591016
16,loss,95.16933822631836
17,recon_loss,91.18682593803901
17,kl_loss,24.997074985916996
17,kl_loss_0,0.007142691929457766
17,kl_loss_1,0.003765870067109535
17,kl_loss_2,0.0019641616381704807
17,kl_loss_3,0.006207288129988945
17,kl_loss_4,0.00931107337905086
17,kl_loss_5,8.73132627660578
17,kl_loss_6,0.0029190692877259865
17,kl_loss_7,8.714384281274045
17,kl_loss_8,0.004289006977644447
17,kl_loss_9,7.515765283014868
17,loss,95.77908401158982
18,recon_loss,92.08377499787704
18,kl_loss,25.002854455035667
18,kl_loss_0,0.01413381042809266
18,kl_loss_1,0.0062176494373251566
18,kl_loss_2,0.0029990805191514283
18,kl_loss_3,0.012096759095868987
18,kl_loss_4,0.01744207625641771
18,kl_loss_5,8.695046909995702
18,kl_loss_6,0.004185562327747112
18,kl_loss_7,8.70592449851658
18,kl_loss_8,0.007304929668569694
18,kl_loss_9,7.537503352372543
18,loss,95.95222798223081
19,recon_loss,93.75458277826723
19,kl_loss,24.998923525602923
19,kl_loss_0,0.004903469562692487
19,kl_loss_1,0.0032067893113455048
19,kl_loss_2,0.0016757641777234234
19,kl_loss_3,0.006064298123364216
19,kl_loss_4,0.00808173044503707
19,kl_loss_5,8.769259535748025
19,kl_loss_6,0.006240819149610141
19,kl_loss_7,8.823589843252432
19,kl_loss_8,0.002708411239006597
19,kl_loss_9,7.3731927975364355
19,loss,97.18150279832923
20,recon_loss,93.85936773390998
20,kl_loss,25.000322862104937
20,kl_loss_0,0.004191315432534718
20,kl_loss_1,0.0031298229740972902
20,kl_loss_2,0.0012745871853680063
20,kl_loss_3,0.005201919080923388
20,kl_loss_4,0.006975264863002223
20,kl_loss_5,8.746088457313967
20,kl_loss_6,0.006617460240613975
20,kl_loss_7,8.80781603891612
20,kl_loss_8,0.0024477846948712163
20,kl_loss_9,7.41658033230604
20,loss,97.39189795291784
21,recon_loss,96.0964461285135
21,kl_loss,25.002145012565283
21,kl_loss_0,0.002116825024637839
21,kl_loss_1,0.002641109403465753
21,kl_loss_2,0.0008833906147629022
21,kl_loss_3,0.003729672869667411
21,kl_loss_4,0.004611497151705882
21,kl_loss_5,8.681408496524977
21,kl_loss_6,0.00735020030937765
21,kl_loss_7,8.763532078784445
21,kl_loss_8,0.0014059015691442335
21,kl_loss_9,7.534465901747994
21,loss,99.71504888119905
22,recon_loss,97.98548430075377
22,kl_loss,24.99561430365492
22,kl_loss_0,0.0014938380210398337
22,kl_loss_1,0.0022627893710323484
22,kl_loss_2,0.0010062383439440232
22,kl_loss_3,0.0026922381273370025
22,kl_loss_4,0.00326267493791975
22,kl_loss_5,8.683474272360533
22,kl_loss_6,0.007231599790370697
22,kl_loss_7,8.806789687185576
22,kl_loss_8,0.001140946647337763
22,kl_loss_9,7.48625997650675
22,loss,101.58019573657543
23,recon_loss,95.3000527423361
23,kl_loss,25.005052782141643
23,kl_loss_0,0.0015219989090995943
23,kl_loss_1,0.0027318750163945167
23,kl_loss_2,0.0007550592190059631
23,kl_loss_3,0.0033123285003492367
23,kl_loss_4,0.003862737060484031
23,kl_loss_5,8.691205033012059
23,kl_loss_6,0.009112209942110854
23,kl_loss_7,8.83334677737692
23,kl_loss_8,0.0012133457009559092
23,kl_loss_9,7.457991465278294
23,loss,98.4243777067765
24,recon_loss,94.59599035511846
24,kl_loss,24.998597087030827
24,kl_loss_0,0.001779574307653567
24,kl_loss_1,0.0029379086953628323
24,kl_loss_2,0.0011134462532303904
24,kl_loss_3,0.003122891307525013
24,kl_loss_4,0.0037244105245918036
24,kl_loss_5,8.65396498389866
24,kl_loss_6,0.00978358660257705
24,kl_loss_7,8.825817605723506
24,kl_loss_8,0.0013744321368310763
24,kl_loss_9,7.494978303494661
24,loss,97.80841989931852
25,recon_loss,95.25708542860947
25,kl_loss,25.001422799510873
25,kl_loss_0,0.0020184282987535775
25,kl_loss_1,0.003532298677298543
25,kl_loss_2,0.0010675684008666704
25,kl_loss_3,0.0038237362088095316
25,kl_loss_4,0.0047584916807678875
25,kl_loss_5,8.614841494209323
25,kl_loss_6,0.013101331155860063
25,kl_loss_7,8.803874275901101
25,kl_loss_8,0.0014284936090310414
25,kl_loss_9,7.552976763093627
25,loss,98.73512657793053
26,recon_loss,94.62846009627633
26,kl_loss,25.005677820288618
26,kl_loss_0,0.00727247615425807
26,kl_loss_1,0.015650697178004876
26,kl_loss_2,0.0016965595559905405
26,kl_loss_3,0.016188198971845532
26,kl_loss_4,0.01875442277599612
26,kl_loss_5,8.498104787909467
26,kl_loss_6,0.20170436682098586
26,kl_loss_7,8.714363691081171
26,kl_loss_8,0.0019347398440637017
26,kl_loss_9,7.530007882740186
26,loss,99.04580243981403
27,recon_loss,85.58602759951637
27,kl_loss,24.997248571156423
27,kl_loss_0,0.006449758722265432
27,kl_loss_1,0.009219195992077068
27,kl_loss_2,0.002682566076307457
27,kl_loss_3,0.008901059034873138
27,kl_loss_4,0.010717363197566112
27,kl_loss_5,7.861600617825727
27,kl_loss_6,2.182779631057343
27,kl_loss_7,8.105088968813677
27,kl_loss_8,0.003150934569166723
27,kl_loss_9,6.806658492975937
27,loss,89.66585705909894
28,recon_loss,82.26463473776113
28,kl_loss,24.997439268360967
28,kl_loss_0,0.004768798860680798
28,kl_loss_1,0.007998530981738283
28,kl_loss_2,0.0019419161137193442
28,kl_loss_3,0.007391575420194346
28,kl_loss_4,0.009216858616665654
28,kl_loss_5,7.618657222001449
28,kl_loss_6,2.9392751051032024
28,kl_loss_7,7.881446973137233
28,kl_loss_8,0.0026227949369374824
28,kl_loss_9,6.524119509821353
28,loss,86.06334925112517
29,recon_loss,81.05772827811863
29,kl_loss,25.000564732758896
29,kl_loss_0,0.004180574990080102
29,kl_loss_1,0.008730396877407379
29,kl_loss_2,0.0020915973810074124
29,kl_loss_3,0.008163996168371776
29,kl_loss_4,0.01019330148625633
29,kl_loss_5,7.504705217610235
29,kl_loss_6,3.2955176291258437
29,kl_loss_7,7.756972559638645
29,kl_loss_8,0.0027036424544032503
29,kl_loss_9,6.407305864665819
29,loss,84.30864231275476
